#
# There is insufficient memory for the Java Runtime Environment to continue.
# Native memory allocation (mmap) failed to map 65536 bytes for Failed to commit area from 0x000001e3f4bd0000 to 0x000001e3f4be0000 of length 65536.
# Possible reasons:
#   The system is out of physical RAM or swap space
#   The process is running with CompressedOops enabled, and the Java Heap may be blocking the growth of the native heap
# Possible solutions:
#   Reduce memory load on the system
#   Increase physical memory or swap space
#   Check if swap backing store is full
#   Decrease Java heap size (-Xmx/-Xms)
#   Decrease number of Java threads
#   Decrease Java thread stack sizes (-Xss)
#   Set larger code cache with -XX:ReservedCodeCacheSize=
#   JVM is running with Unscaled Compressed Oops mode in which the Java heap is
#     placed in the first 4GB address space. The Java Heap base address is the
#     maximum limit for the native heap growth. Please use -XX:HeapBaseMinAddress
#     to set the Java Heap base and to place the Java Heap above 4GB virtual address.
# This output file may be truncated or incomplete.
#
#  Out of Memory Error (./src/hotspot/os/windows/os_windows.cpp:3619), pid=18640, tid=18248
#
# JRE version: OpenJDK Runtime Environment (11.0.13) (build 11.0.13+0-b1751.21-8125866)
# Java VM: OpenJDK 64-Bit Server VM (11.0.13+0-b1751.21-8125866, mixed mode, tiered, compressed oops, g1 gc, windows-amd64)
# No core dump will be written. Minidumps are not enabled by default on client versions of Windows
#

---------------  S U M M A R Y ------------

Command Line: --add-opens=java.base/java.util=ALL-UNNAMED --add-opens=java.base/java.lang=ALL-UNNAMED --add-opens=java.base/java.lang.invoke=ALL-UNNAMED --add-opens=java.base/java.util=ALL-UNNAMED --add-opens=java.prefs/java.util.prefs=ALL-UNNAMED --add-opens=java.prefs/java.util.prefs=ALL-UNNAMED --add-opens=java.base/java.nio.charset=ALL-UNNAMED --add-opens=java.base/java.net=ALL-UNNAMED --add-opens=java.base/java.util.concurrent.atomic=ALL-UNNAMED -Xmx2048m -Dfile.encoding=UTF-8 -Duser.country=CO -Duser.language=es -Duser.variant org.gradle.launcher.daemon.bootstrap.GradleDaemon 7.4

Host: AMD Ryzen 5 4500U with Radeon Graphics         , 6 cores, 3G,  Windows 11 , 64 bit Build 22621 (10.0.22621.755)
Time: Tue Nov 29 18:59:22 2022 Hora est. Pacífico, Sudamérica elapsed time: 53.238745 seconds (0d 0h 0m 53s)

---------------  T H R E A D  ---------------

Current thread (0x000001e3f8e3c800):  VMThread "VM Thread" [stack: 0x00000091a6800000,0x00000091a6900000] [id=18248]

Stack: [0x00000091a6800000,0x00000091a6900000]
[error occurred during error reporting (printing stack bounds), id 0xc0000005, EXCEPTION_ACCESS_VIOLATION (0xc0000005) at pc=0x000001e38000112d]

Native frames: (J=compiled Java code, j=interpreted, Vv=VM code, C=native code)
V  [jvm.dll+0x6100fa]
V  [jvm.dll+0x747090]
V  [jvm.dll+0x7486ad]
V  [jvm.dll+0x748ce5]
V  [jvm.dll+0x748c9b]
V  [jvm.dll+0x60f224]
V  [jvm.dll+0x60f9b8]
C  [ntdll.dll+0xa3eaf]
C  [ntdll.dll+0x1eae6]
C  [ntdll.dll+0xa2e9e]
C  0x000001e38000112d

VM_Operation (0x00000091ad6fb720): G1CollectForAllocation, mode: safepoint, requested by thread 0x000001e3fc61f800


---------------  P R O C E S S  ---------------

Threads class SMR info:
_java_thread_list=0x000001e390df8650, length=114, elements={
0x000001e3ede38800, 0x000001e3f8e41000, 0x000001e3f8e45000, 0x000001e3f8e9d800,
0x000001e3f8e9e800, 0x000001e3f8ea2000, 0x000001e3f8ea6800, 0x000001e3f8ead000,
0x000001e3f8eae800, 0x000001e3f9935000, 0x000001e3fac55800, 0x000001e3fb339800,
0x000001e3fb7e3800, 0x000001e3fb815000, 0x000001e3fb816000, 0x000001e3fb9af800,
0x000001e3fb9cf000, 0x000001e3fb9e3000, 0x000001e3fb9e3800, 0x000001e3fb9eb000,
0x000001e3fa692000, 0x000001e3fa690800, 0x000001e3fa692800, 0x000001e3fa693800,
0x000001e3fa68e800, 0x000001e3fa68f800, 0x000001e3fa68e000, 0x000001e3fa694800,
0x000001e3fa691000, 0x000001e3fe15f800, 0x000001e3fe163800, 0x000001e3fe160800,
0x000001e3fe163000, 0x000001e3fe164800, 0x000001e3fe15e800, 0x000001e3fe162000,
0x000001e3fe166000, 0x000001e3fe161000, 0x000001e3fe165000, 0x000001e3fe169800,
0x000001e3fe16c800, 0x000001e3fe167000, 0x000001e3fe167800, 0x000001e3fe168800,
0x000001e3fe16c000, 0x000001e3fe16a000, 0x000001e3fe16b000, 0x000001e3fe257800,
0x000001e3fe25b800, 0x000001e3fe258000, 0x000001e3fe255800, 0x000001e3fe259000,
0x000001e3fe25a000, 0x000001e3fe25a800, 0x000001e3fe25c000, 0x000001e3fe256800,
0x000001e3fe262000, 0x000001e3fe25d000, 0x000001e3fe262800, 0x000001e3fe263800,
0x000001e3fe25e000, 0x000001e3fe264800, 0x000001e3fe25e800, 0x000001e3fe25f800,
0x000001e3fe261000, 0x000001e3fe260800, 0x000001e3ff063800, 0x000001e3ff067800,
0x000001e3ff064800, 0x000001e3ff065000, 0x000001e3ff066000, 0x000001e3ff067000,
0x000001e3ff068800, 0x000001e3ff063000, 0x000001e3ff069800, 0x000001e3ff06d800,
0x000001e3ff06b800, 0x000001e3ff06c800, 0x000001e3ff06b000, 0x000001e3ff06a000,
0x000001e3ff06e000, 0x000001e3ff06f000, 0x000001e3ff071800, 0x000001e3ff070000,
0x000001e3ff070800, 0x000001e3fc611000, 0x000001e3fc617800, 0x000001e3fc612800,
0x000001e3fc613800, 0x000001e3fc612000, 0x000001e3fc619000, 0x000001e3fc614800,
0x000001e3fc618800, 0x000001e3fc61a000, 0x000001e3fc616000, 0x000001e3fc61b000,
0x000001e3fc615000, 0x000001e3fc61b800, 0x000001e3fc61c800, 0x000001e3fc617000,
0x000001e3fc61f000, 0x000001e3fc61d800, 0x000001e3fc61e000, 0x000001e3fc61f800,
0x000001e3fbfdf800, 0x000001e3fbfdd000, 0x000001e3fbfdd800, 0x000001e3fbfdb800,
0x000001e3fbfde800, 0x000001e3fbfe2000, 0x000001e3fbfdc000, 0x000001e3fbfe7800,
0x000001e3fbfe3800, 0x000001e3fbfe4800
}

Java Threads: ( => current thread )
  0x000001e3ede38800 JavaThread "main" [_thread_blocked, id=18988, stack(0x00000091a6200000,0x00000091a6300000)]
  0x000001e3f8e41000 JavaThread "Reference Handler" daemon [_thread_blocked, id=12828, stack(0x00000091a6900000,0x00000091a6a00000)]
  0x000001e3f8e45000 JavaThread "Finalizer" daemon [_thread_blocked, id=9372, stack(0x00000091a6a00000,0x00000091a6b00000)]
  0x000001e3f8e9d800 JavaThread "Signal Dispatcher" daemon [_thread_blocked, id=8744, stack(0x00000091a6b00000,0x00000091a6c00000)]
  0x000001e3f8e9e800 JavaThread "Attach Listener" daemon [_thread_blocked, id=18868, stack(0x00000091a6c00000,0x00000091a6d00000)]
  0x000001e3f8ea2000 JavaThread "Service Thread" daemon [_thread_blocked, id=18948, stack(0x00000091a6d00000,0x00000091a6e00000)]
  0x000001e3f8ea6800 JavaThread "C2 CompilerThread0" daemon [_thread_blocked, id=11356, stack(0x00000091a6e00000,0x00000091a6f00000)]
  0x000001e3f8ead000 JavaThread "C1 CompilerThread0" daemon [_thread_blocked, id=1712, stack(0x00000091a6f00000,0x00000091a7000000)]
  0x000001e3f8eae800 JavaThread "Sweeper thread" daemon [_thread_blocked, id=15396, stack(0x00000091a7000000,0x00000091a7100000)]
  0x000001e3f9935000 JavaThread "Common-Cleaner" daemon [_thread_blocked, id=18620, stack(0x00000091a7100000,0x00000091a7200000)]
  0x000001e3fac55800 JavaThread "Daemon health stats" [_thread_blocked, id=18148, stack(0x00000091a7400000,0x00000091a7500000)]
  0x000001e3fb339800 JavaThread "Incoming local TCP Connector on port 64092" [_thread_in_native, id=7972, stack(0x00000091a7700000,0x00000091a7800000)]
  0x000001e3fb7e3800 JavaThread "Daemon periodic checks" [_thread_blocked, id=14776, stack(0x00000091a7800000,0x00000091a7900000)]
  0x000001e3fb815000 JavaThread "Daemon" [_thread_blocked, id=3272, stack(0x00000091a7900000,0x00000091a7a00000)]
  0x000001e3fb816000 JavaThread "Handler for socket connection from /127.0.0.1:64092 to /127.0.0.1:64093" [_thread_in_native, id=8376, stack(0x00000091a7a00000,0x00000091a7b00000)]
  0x000001e3fb9af800 JavaThread "Cancel handler" [_thread_blocked, id=6832, stack(0x00000091a7b00000,0x00000091a7c00000)]
  0x000001e3fb9cf000 JavaThread "Daemon worker" [_thread_blocked, id=8228, stack(0x00000091a7c00000,0x00000091a7d00000)]
  0x000001e3fb9e3000 JavaThread "Asynchronous log dispatcher for DefaultDaemonConnection: socket connection from /127.0.0.1:64092 to /127.0.0.1:64093" [_thread_blocked, id=12732, stack(0x00000091a7d00000,0x00000091a7e00000)]
  0x000001e3fb9e3800 JavaThread "Stdin handler" [_thread_blocked, id=12664, stack(0x00000091a7e00000,0x00000091a7f00000)]
  0x000001e3fb9eb000 JavaThread "Daemon client event forwarder" [_thread_blocked, id=5008, stack(0x00000091a7f00000,0x00000091a8000000)]
  0x000001e3fa692000 JavaThread "Cache worker for journal cache (C:\Users\am532\AndroidStudioProjects\ColorMyViews\caches\journal-1)" [_thread_blocked, id=15820, stack(0x00000091a8200000,0x00000091a8300000)]
  0x000001e3fa690800 JavaThread "File lock request listener" [_thread_in_native, id=3920, stack(0x00000091a8300000,0x00000091a8400000)]
  0x000001e3fa692800 JavaThread "Cache worker for file hash cache (C:\Users\am532\AndroidStudioProjects\ColorMyViews\caches\7.4\fileHashes)" [_thread_blocked, id=472, stack(0x00000091a8400000,0x00000091a8500000)]
  0x000001e3fa693800 JavaThread "Cache worker for file hash cache (C:\Users\am532\AndroidStudioProjects\Mi Titna Main\MiTitna\.gradle\7.4\fileHashes)" [_thread_blocked, id=7140, stack(0x00000091a8700000,0x00000091a8800000)]
  0x000001e3fa68e800 JavaThread "Cache worker for checksums cache (C:\Users\am532\AndroidStudioProjects\Mi Titna Main\MiTitna\.gradle\7.4\checksums)" [_thread_blocked, id=4228, stack(0x00000091a8800000,0x00000091a8900000)]
  0x000001e3fa68f800 JavaThread "File watcher server" daemon [_thread_blocked, id=10928, stack(0x00000091a8900000,0x00000091a8a00000)]
  0x000001e3fa68e000 JavaThread "File watcher consumer" daemon [_thread_blocked, id=5604, stack(0x00000091a8a00000,0x00000091a8b00000)]
  0x000001e3fa694800 JavaThread "Cache worker for cache directory md-rule (C:\Users\am532\AndroidStudioProjects\ColorMyViews\caches\7.4\md-rule)" [_thread_blocked, id=13292, stack(0x00000091a8b00000,0x00000091a8c00000)]
  0x000001e3fa691000 JavaThread "Cache worker for cache directory md-supplier (C:\Users\am532\AndroidStudioProjects\ColorMyViews\caches\7.4\md-supplier)" [_thread_blocked, id=10456, stack(0x00000091a8c00000,0x00000091a8d00000)]
  0x000001e3fe15f800 JavaThread "Cache worker for execution history cache (C:\Users\am532\AndroidStudioProjects\ColorMyViews\caches\7.4\executionHistory)" [_thread_blocked, id=2524, stack(0x00000091a8d00000,0x00000091a8e00000)]
  0x000001e3fe163800 JavaThread "Cache worker for Build Output Cleanup Cache (C:\Users\am532\AndroidStudioProjects\Mi Titna Main\MiTitna\.gradle\buildOutputCleanup)" [_thread_blocked, id=16524, stack(0x00000091a8600000,0x00000091a8700000)]
  0x000001e3fe160800 JavaThread "Cache worker for file content cache (C:\Users\am532\AndroidStudioProjects\ColorMyViews\caches\7.4\fileContent)" [_thread_blocked, id=16248, stack(0x00000091a8e00000,0x00000091a8f00000)]
  0x000001e3fe163000 JavaThread "Memory manager" [_thread_blocked, id=12448, stack(0x00000091a8f00000,0x00000091a9000000)]
  0x000001e3fe164800 JavaThread "build event listener" [_thread_blocked, id=2296, stack(0x00000091a9000000,0x00000091a9100000)]
  0x000001e3fe15e800 JavaThread "included builds" [_thread_blocked, id=16452, stack(0x00000091a9100000,0x00000091a9200000)]
  0x000001e3fe162000 JavaThread "Execution worker for ':'" [_thread_blocked, id=6328, stack(0x00000091a9200000,0x00000091a9300000)]
  0x000001e3fe166000 JavaThread "Execution worker for ':' Thread 2" [_thread_blocked, id=7688, stack(0x00000091a9300000,0x00000091a9400000)]
  0x000001e3fe161000 JavaThread "Execution worker for ':' Thread 3" [_thread_blocked, id=10760, stack(0x00000091a9400000,0x00000091a9500000)]
  0x000001e3fe165000 JavaThread "Execution worker for ':' Thread 4" [_thread_blocked, id=10504, stack(0x00000091a9500000,0x00000091a9600000)]
  0x000001e3fe169800 JavaThread "Execution worker for ':' Thread 5" [_thread_blocked, id=9284, stack(0x00000091a9600000,0x00000091a9700000)]
  0x000001e3fe16c800 JavaThread "Cache worker for execution history cache (C:\Users\am532\AndroidStudioProjects\Mi Titna Main\MiTitna\.gradle\7.4\executionHistory)" [_thread_blocked, id=15776, stack(0x00000091a9700000,0x00000091a9800000)]
  0x000001e3fe167000 JavaThread "Unconstrained build operations" [_thread_blocked, id=14032, stack(0x00000091a9800000,0x00000091a9900000)]
  0x000001e3fe167800 JavaThread "Unconstrained build operations Thread 2" [_thread_blocked, id=6052, stack(0x00000091a9900000,0x00000091a9a00000)]
  0x000001e3fe168800 JavaThread "Unconstrained build operations Thread 3" [_thread_blocked, id=15784, stack(0x00000091a9a00000,0x00000091a9b00000)]
  0x000001e3fe16c000 JavaThread "Unconstrained build operations Thread 4" [_thread_blocked, id=2740, stack(0x00000091a9b00000,0x00000091a9c00000)]
  0x000001e3fe16a000 JavaThread "Unconstrained build operations Thread 5" [_thread_blocked, id=12216, stack(0x00000091a9c00000,0x00000091a9d00000)]
  0x000001e3fe16b000 JavaThread "Unconstrained build operations Thread 6" [_thread_blocked, id=16540, stack(0x00000091a9d00000,0x00000091a9e00000)]
  0x000001e3fe257800 JavaThread "Unconstrained build operations Thread 7" [_thread_blocked, id=7612, stack(0x00000091a9e00000,0x00000091a9f00000)]
  0x000001e3fe25b800 JavaThread "Unconstrained build operations Thread 8" [_thread_blocked, id=17112, stack(0x00000091a9f00000,0x00000091aa000000)]
  0x000001e3fe258000 JavaThread "Unconstrained build operations Thread 9" [_thread_blocked, id=716, stack(0x00000091aa000000,0x00000091aa100000)]
  0x000001e3fe255800 JavaThread "Unconstrained build operations Thread 10" [_thread_blocked, id=4488, stack(0x00000091aa100000,0x00000091aa200000)]
  0x000001e3fe259000 JavaThread "Unconstrained build operations Thread 11" [_thread_blocked, id=14868, stack(0x00000091aa200000,0x00000091aa300000)]
  0x000001e3fe25a000 JavaThread "Unconstrained build operations Thread 12" [_thread_blocked, id=5896, stack(0x00000091aa300000,0x00000091aa400000)]
  0x000001e3fe25a800 JavaThread "Unconstrained build operations Thread 13" [_thread_blocked, id=1020, stack(0x00000091aa400000,0x00000091aa500000)]
  0x000001e3fe25c000 JavaThread "Unconstrained build operations Thread 14" [_thread_blocked, id=14864, stack(0x00000091aa500000,0x00000091aa600000)]
  0x000001e3fe256800 JavaThread "Unconstrained build operations Thread 15" [_thread_blocked, id=15004, stack(0x00000091aa600000,0x00000091aa700000)]
  0x000001e3fe262000 JavaThread "Unconstrained build operations Thread 16" [_thread_blocked, id=11684, stack(0x00000091aa700000,0x00000091aa800000)]
  0x000001e3fe25d000 JavaThread "Unconstrained build operations Thread 19" [_thread_blocked, id=13148, stack(0x00000091aa800000,0x00000091aa900000)]
  0x000001e3fe262800 JavaThread "Unconstrained build operations Thread 18" [_thread_blocked, id=7080, stack(0x00000091aa900000,0x00000091aaa00000)]
  0x000001e3fe263800 JavaThread "Unconstrained build operations Thread 17" [_thread_blocked, id=10108, stack(0x00000091aaa00000,0x00000091aab00000)]
  0x000001e3fe25e000 JavaThread "Unconstrained build operations Thread 20" [_thread_blocked, id=12444, stack(0x00000091aab00000,0x00000091aac00000)]
  0x000001e3fe264800 JavaThread "Unconstrained build operations Thread 21" [_thread_blocked, id=6400, stack(0x00000091aac00000,0x00000091aad00000)]
  0x000001e3fe25e800 JavaThread "Unconstrained build operations Thread 22" [_thread_blocked, id=10316, stack(0x00000091aad00000,0x00000091aae00000)]
  0x000001e3fe25f800 JavaThread "Unconstrained build operations Thread 23" [_thread_blocked, id=16436, stack(0x00000091aae00000,0x00000091aaf00000)]
  0x000001e3fe261000 JavaThread "Unconstrained build operations Thread 24" [_thread_blocked, id=16268, stack(0x00000091aaf00000,0x00000091ab000000)]
  0x000001e3fe260800 JavaThread "Unconstrained build operations Thread 25" [_thread_blocked, id=5020, stack(0x00000091ab000000,0x00000091ab100000)]
  0x000001e3ff063800 JavaThread "Unconstrained build operations Thread 26" [_thread_blocked, id=15340, stack(0x00000091ab100000,0x00000091ab200000)]
  0x000001e3ff067800 JavaThread "Unconstrained build operations Thread 27" [_thread_blocked, id=18012, stack(0x00000091ab200000,0x00000091ab300000)]
  0x000001e3ff064800 JavaThread "Unconstrained build operations Thread 28" [_thread_blocked, id=19036, stack(0x00000091ab300000,0x00000091ab400000)]
  0x000001e3ff065000 JavaThread "Unconstrained build operations Thread 29" [_thread_blocked, id=3056, stack(0x00000091ab400000,0x00000091ab500000)]
  0x000001e3ff066000 JavaThread "Unconstrained build operations Thread 30" [_thread_blocked, id=10708, stack(0x00000091ab500000,0x00000091ab600000)]
  0x000001e3ff067000 JavaThread "Unconstrained build operations Thread 31" [_thread_blocked, id=10424, stack(0x00000091ab600000,0x00000091ab700000)]
  0x000001e3ff068800 JavaThread "Unconstrained build operations Thread 32" [_thread_blocked, id=13332, stack(0x00000091ab700000,0x00000091ab800000)]
  0x000001e3ff063000 JavaThread "Unconstrained build operations Thread 33" [_thread_blocked, id=15612, stack(0x00000091ab800000,0x00000091ab900000)]
  0x000001e3ff069800 JavaThread "Unconstrained build operations Thread 34" [_thread_blocked, id=2360, stack(0x00000091ab900000,0x00000091aba00000)]
  0x000001e3ff06d800 JavaThread "Unconstrained build operations Thread 35" [_thread_blocked, id=16440, stack(0x00000091aba00000,0x00000091abb00000)]
  0x000001e3ff06b800 JavaThread "Unconstrained build operations Thread 36" [_thread_blocked, id=2780, stack(0x00000091abb00000,0x00000091abc00000)]
  0x000001e3ff06c800 JavaThread "Unconstrained build operations Thread 37" [_thread_blocked, id=3216, stack(0x00000091abc00000,0x00000091abd00000)]
  0x000001e3ff06b000 JavaThread "Unconstrained build operations Thread 38" [_thread_blocked, id=13676, stack(0x00000091abd00000,0x00000091abe00000)]
  0x000001e3ff06a000 JavaThread "Unconstrained build operations Thread 39" [_thread_blocked, id=7172, stack(0x00000091abe00000,0x00000091abf00000)]
  0x000001e3ff06e000 JavaThread "Unconstrained build operations Thread 40" [_thread_blocked, id=9160, stack(0x00000091abf00000,0x00000091ac000000)]
  0x000001e3ff06f000 JavaThread "Unconstrained build operations Thread 41" [_thread_blocked, id=3652, stack(0x00000091ac000000,0x00000091ac100000)]
  0x000001e3ff071800 JavaThread "Unconstrained build operations Thread 42" [_thread_blocked, id=16552, stack(0x00000091ac100000,0x00000091ac200000)]
  0x000001e3ff070000 JavaThread "Unconstrained build operations Thread 43" [_thread_blocked, id=16992, stack(0x00000091ac200000,0x00000091ac300000)]
  0x000001e3ff070800 JavaThread "Unconstrained build operations Thread 44" [_thread_blocked, id=5520, stack(0x00000091ac300000,0x00000091ac400000)]
  0x000001e3fc611000 JavaThread "Unconstrained build operations Thread 45" [_thread_blocked, id=13284, stack(0x00000091ac400000,0x00000091ac500000)]
  0x000001e3fc617800 JavaThread "Unconstrained build operations Thread 46" [_thread_blocked, id=13132, stack(0x00000091ac500000,0x00000091ac600000)]
  0x000001e3fc612800 JavaThread "Unconstrained build operations Thread 48" [_thread_blocked, id=19048, stack(0x00000091ac600000,0x00000091ac700000)]
  0x000001e3fc613800 JavaThread "Unconstrained build operations Thread 47" [_thread_blocked, id=15732, stack(0x00000091ac700000,0x00000091ac800000)]
  0x000001e3fc612000 JavaThread "Unconstrained build operations Thread 49" [_thread_blocked, id=12264, stack(0x00000091ac800000,0x00000091ac900000)]
  0x000001e3fc619000 JavaThread "Unconstrained build operations Thread 50" [_thread_blocked, id=10580, stack(0x00000091ac900000,0x00000091aca00000)]
  0x000001e3fc614800 JavaThread "Unconstrained build operations Thread 51" [_thread_blocked, id=9164, stack(0x00000091aca00000,0x00000091acb00000)]
  0x000001e3fc618800 JavaThread "Unconstrained build operations Thread 52" [_thread_blocked, id=7684, stack(0x00000091acb00000,0x00000091acc00000)]
  0x000001e3fc61a000 JavaThread "Unconstrained build operations Thread 54" [_thread_blocked, id=704, stack(0x00000091acc00000,0x00000091acd00000)]
  0x000001e3fc616000 JavaThread "Unconstrained build operations Thread 53" [_thread_blocked, id=13816, stack(0x00000091acd00000,0x00000091ace00000)]
  0x000001e3fc61b000 JavaThread "Unconstrained build operations Thread 55" [_thread_blocked, id=18196, stack(0x00000091ace00000,0x00000091acf00000)]
  0x000001e3fc615000 JavaThread "Unconstrained build operations Thread 56" [_thread_blocked, id=17772, stack(0x00000091acf00000,0x00000091ad000000)]
  0x000001e3fc61b800 JavaThread "Unconstrained build operations Thread 57" [_thread_blocked, id=11652, stack(0x00000091ad000000,0x00000091ad100000)]
  0x000001e3fc61c800 JavaThread "Unconstrained build operations Thread 58" [_thread_blocked, id=720, stack(0x00000091ad100000,0x00000091ad200000)]
  0x000001e3fc617000 JavaThread "Unconstrained build operations Thread 59" [_thread_blocked, id=15868, stack(0x00000091ad200000,0x00000091ad300000)]
  0x000001e3fc61f000 JavaThread "Unconstrained build operations Thread 60" [_thread_blocked, id=5288, stack(0x00000091ad300000,0x00000091ad400000)]
  0x000001e3fc61d800 JavaThread "WorkerExecutor Queue" [_thread_blocked, id=7068, stack(0x00000091ad400000,0x00000091ad500000)]
  0x000001e3fc61e000 JavaThread "WorkerExecutor Queue Thread 2" [_thread_blocked, id=13784, stack(0x00000091ad500000,0x00000091ad600000)]
  0x000001e3fc61f800 JavaThread "WorkerExecutor Queue Thread 3" [_thread_blocked, id=10644, stack(0x00000091ad600000,0x00000091ad700000)]
  0x000001e3fbfdf800 JavaThread "pool-2-thread-1" [_thread_blocked, id=3076, stack(0x00000091ad700000,0x00000091ad800000)]
  0x000001e3fbfdd000 JavaThread "stderr" [_thread_in_native, id=12936, stack(0x00000091ad800000,0x00000091ad900000)]
  0x000001e3fbfdd800 JavaThread "stdout" [_thread_in_native, id=6428, stack(0x00000091ad900000,0x00000091ada00000)]
  0x000001e3fbfdb800 JavaThread "WorkerExecutor Queue Thread 4" [_thread_blocked, id=1440, stack(0x00000091ada00000,0x00000091adb00000)]
  0x000001e3fbfde800 JavaThread "RMI Scheduler(0)" daemon [_thread_blocked, id=13384, stack(0x00000091adb00000,0x00000091adc00000)]
  0x000001e3fbfe2000 JavaThread "RMI GC Daemon" daemon [_thread_blocked, id=4524, stack(0x00000091add00000,0x00000091ade00000)]
  0x000001e3fbfdc000 JavaThread "RMI TCP Accept-0" daemon [_thread_in_native, id=15424, stack(0x00000091ade00000,0x00000091adf00000)]
  0x000001e3fbfe7800 JavaThread "RMI Reaper" [_thread_blocked, id=18932, stack(0x00000091adf00000,0x00000091ae000000)]
  0x000001e3fbfe3800 JavaThread "RMI TCP Connection(1)-127.0.0.1" daemon [_thread_in_native, id=13420, stack(0x00000091ae000000,0x00000091ae100000)]
  0x000001e3fbfe4800 JavaThread "WorkerExecutor Queue Thread 5" [_thread_blocked, id=7816, stack(0x00000091adc00000,0x00000091add00000)]

Other Threads:
=>0x000001e3f8e3c800 VMThread "VM Thread" [stack: 0x00000091a6800000,0x00000091a6900000] [id=18248]
  0x000001e3f9969800 WatcherThread [stack: 0x00000091a7200000,0x00000091a7300000] [id=10584]
  0x000001e3ede52800 GCTaskThread "GC Thread#0" [stack: 0x00000091a6300000,0x00000091a6400000] [id=18664]
  0x000001e3fa44b000 GCTaskThread "GC Thread#1" [stack: 0x00000091a7300000,0x00000091a7400000] [id=7328]
  0x000001e3fb1b0800 GCTaskThread "GC Thread#2" [stack: 0x00000091a7500000,0x00000091a7600000] [id=9244]
  0x000001e3fa723000 GCTaskThread "GC Thread#3" [stack: 0x00000091a7600000,0x00000091a7700000] [id=18352]
  0x000001e3fba3c800 GCTaskThread "GC Thread#4" [stack: 0x00000091a8000000,0x00000091a8100000] [id=12376]
  0x000001e3fba09800 GCTaskThread "GC Thread#5" [stack: 0x00000091a8100000,0x00000091a8200000] [id=9568]
  0x000001e3ede86000 ConcurrentGCThread "G1 Main Marker" [stack: 0x00000091a6400000,0x00000091a6500000] [id=7020]
  0x000001e3ede87000 ConcurrentGCThread "G1 Conc#0" [stack: 0x00000091a6500000,0x00000091a6600000] [id=18820]
  0x000001e3fbaf3800 ConcurrentGCThread "G1 Conc#1" [stack: 0x00000091a8500000,0x00000091a8600000] [id=8540]
  0x000001e3eded6800 ConcurrentGCThread "G1 Refine#0" [stack: 0x00000091a6600000,0x00000091a6700000] [id=2528]
  0x000001e3eded7800 ConcurrentGCThread "G1 Young RemSet Sampling" [stack: 0x00000091a6700000,0x00000091a6800000] [id=13828]

Threads with active compile tasks:
C2 CompilerThread0  53266 15643       4       com.sun.tools.javac.parser.JavaTokenizer::scanIdent (733 bytes)

VM state:at safepoint (normal execution)

VM Mutex/Monitor currently owned by a thread:  ([mutex/lock_event])
[0x000001e3ede35c70] Threads_lock - owner thread: 0x000001e3f8e3c800
[0x000001e3ede34c20] Heap_lock - owner thread: 0x000001e3fc61f800

Heap address: 0x0000000080000000, size: 2048 MB, Compressed Oops mode: 32-bit
Narrow klass base: 0x0000000000000000, Narrow klass shift: 3
Compressed class space size: 1073741824 Address: 0x0000000100000000

Heap:
 garbage-first heap   total 627712K, used 247808K [0x0000000080000000, 0x0000000100000000)
  region size 1024K, 2 young (2048K), 2 survivors (2048K)
 Metaspace       used 114974K, capacity 117715K, committed 117840K, reserved 1153024K
  class space    used 13841K, capacity 14773K, committed 14848K, reserved 1048576K
Heap Regions: E=young(eden), S=young(survivor), O=old, HS=humongous(starts), HC=humongous(continues), CS=collection set, F=free, A=archive, TAMS=top-at-mark-start (previous, next)
|   0|0x0000000080000000, 0x0000000080100000, 0x0000000080100000|100%| O|  |TAMS 0x0000000080100000, 0x0000000080100000| Untracked 
|   1|0x0000000080100000, 0x0000000080200000, 0x0000000080200000|100%| O|  |TAMS 0x0000000080200000, 0x0000000080200000| Untracked 
|   2|0x0000000080200000, 0x0000000080300000, 0x0000000080300000|100%| O|  |TAMS 0x0000000080300000, 0x0000000080300000| Untracked 
|   3|0x0000000080300000, 0x0000000080400000, 0x0000000080400000|100%|HS|  |TAMS 0x0000000080400000, 0x0000000080400000| Complete 
|   4|0x0000000080400000, 0x0000000080500000, 0x0000000080500000|100%|HC|  |TAMS 0x0000000080500000, 0x0000000080500000| Complete 
|   5|0x0000000080500000, 0x0000000080600000, 0x0000000080600000|100%|HC|  |TAMS 0x0000000080600000, 0x0000000080600000| Complete 
|   6|0x0000000080600000, 0x0000000080700000, 0x0000000080700000|100%| O|  |TAMS 0x0000000080700000, 0x0000000080700000| Untracked 
|   7|0x0000000080700000, 0x0000000080800000, 0x0000000080800000|100%| O|  |TAMS 0x0000000080800000, 0x0000000080800000| Untracked 
|   8|0x0000000080800000, 0x0000000080900000, 0x0000000080900000|100%| O|  |TAMS 0x0000000080900000, 0x0000000080900000| Untracked 
|   9|0x0000000080900000, 0x0000000080a00000, 0x0000000080a00000|100%| O|  |TAMS 0x0000000080a00000, 0x0000000080a00000| Untracked 
|  10|0x0000000080a00000, 0x0000000080b00000, 0x0000000080b00000|100%| O|  |TAMS 0x0000000080b00000, 0x0000000080b00000| Untracked 
|  11|0x0000000080b00000, 0x0000000080c00000, 0x0000000080c00000|100%| O|  |TAMS 0x0000000080c00000, 0x0000000080c00000| Untracked 
|  12|0x0000000080c00000, 0x0000000080d00000, 0x0000000080d00000|100%| O|  |TAMS 0x0000000080d00000, 0x0000000080d00000| Untracked 
|  13|0x0000000080d00000, 0x0000000080e00000, 0x0000000080e00000|100%| O|  |TAMS 0x0000000080e00000, 0x0000000080e00000| Untracked 
|  14|0x0000000080e00000, 0x0000000080f00000, 0x0000000080f00000|100%| O|  |TAMS 0x0000000080f00000, 0x0000000080f00000| Untracked 
|  15|0x0000000080f00000, 0x0000000081000000, 0x0000000081000000|100%| O|  |TAMS 0x0000000081000000, 0x0000000081000000| Untracked 
|  16|0x0000000081000000, 0x0000000081100000, 0x0000000081100000|100%| O|  |TAMS 0x0000000081100000, 0x0000000081100000| Untracked 
|  17|0x0000000081100000, 0x0000000081200000, 0x0000000081200000|100%| O|  |TAMS 0x0000000081200000, 0x0000000081200000| Untracked 
|  18|0x0000000081200000, 0x0000000081300000, 0x0000000081300000|100%| O|  |TAMS 0x0000000081300000, 0x0000000081300000| Untracked 
|  19|0x0000000081300000, 0x0000000081400000, 0x0000000081400000|100%| O|  |TAMS 0x0000000081400000, 0x0000000081400000| Untracked 
|  20|0x0000000081400000, 0x0000000081500000, 0x0000000081500000|100%| O|  |TAMS 0x0000000081500000, 0x0000000081500000| Untracked 
|  21|0x0000000081500000, 0x0000000081600000, 0x0000000081600000|100%| O|  |TAMS 0x0000000081600000, 0x0000000081600000| Untracked 
|  22|0x0000000081600000, 0x0000000081700000, 0x0000000081700000|100%| O|  |TAMS 0x0000000081700000, 0x0000000081700000| Untracked 
|  23|0x0000000081700000, 0x0000000081800000, 0x0000000081800000|100%| O|  |TAMS 0x0000000081800000, 0x0000000081800000| Untracked 
|  24|0x0000000081800000, 0x0000000081900000, 0x0000000081900000|100%| O|  |TAMS 0x0000000081900000, 0x0000000081900000| Untracked 
|  25|0x0000000081900000, 0x0000000081a00000, 0x0000000081a00000|100%|HS|  |TAMS 0x0000000081a00000, 0x0000000081a00000| Complete 
|  26|0x0000000081a00000, 0x0000000081b00000, 0x0000000081b00000|100%|HS|  |TAMS 0x0000000081b00000, 0x0000000081b00000| Complete 
|  27|0x0000000081b00000, 0x0000000081c00000, 0x0000000081c00000|100%| O|  |TAMS 0x0000000081c00000, 0x0000000081c00000| Untracked 
|  28|0x0000000081c00000, 0x0000000081d00000, 0x0000000081d00000|100%| O|  |TAMS 0x0000000081d00000, 0x0000000081d00000| Untracked 
|  29|0x0000000081d00000, 0x0000000081e00000, 0x0000000081e00000|100%| O|  |TAMS 0x0000000081e00000, 0x0000000081e00000| Untracked 
|  30|0x0000000081e00000, 0x0000000081f00000, 0x0000000081f00000|100%| O|  |TAMS 0x0000000081f00000, 0x0000000081f00000| Untracked 
|  31|0x0000000081f00000, 0x0000000082000000, 0x0000000082000000|100%| O|  |TAMS 0x0000000081f00000, 0x0000000082000000| Untracked 
|  32|0x0000000082000000, 0x0000000082100000, 0x0000000082100000|100%| O|  |TAMS 0x0000000082100000, 0x0000000082100000| Untracked 
|  33|0x0000000082100000, 0x0000000082200000, 0x0000000082200000|100%|HS|  |TAMS 0x0000000082200000, 0x0000000082200000| Complete 
|  34|0x0000000082200000, 0x0000000082300000, 0x0000000082300000|100%| O|  |TAMS 0x0000000082300000, 0x0000000082300000| Untracked 
|  35|0x0000000082300000, 0x0000000082400000, 0x0000000082400000|100%|HS|  |TAMS 0x0000000082400000, 0x0000000082400000| Complete 
|  36|0x0000000082400000, 0x0000000082500000, 0x0000000082500000|100%|HC|  |TAMS 0x0000000082500000, 0x0000000082500000| Complete 
|  37|0x0000000082500000, 0x0000000082600000, 0x0000000082600000|100%|HC|  |TAMS 0x0000000082600000, 0x0000000082600000| Complete 
|  38|0x0000000082600000, 0x0000000082700000, 0x0000000082700000|100%|HC|  |TAMS 0x0000000082700000, 0x0000000082700000| Complete 
|  39|0x0000000082700000, 0x0000000082800000, 0x0000000082800000|100%| O|  |TAMS 0x0000000082800000, 0x0000000082800000| Untracked 
|  40|0x0000000082800000, 0x0000000082900000, 0x0000000082900000|100%| O|  |TAMS 0x0000000082900000, 0x0000000082900000| Untracked 
|  41|0x0000000082900000, 0x0000000082a00000, 0x0000000082a00000|100%| O|  |TAMS 0x0000000082a00000, 0x0000000082a00000| Untracked 
|  42|0x0000000082a00000, 0x0000000082b00000, 0x0000000082b00000|100%| O|  |TAMS 0x0000000082b00000, 0x0000000082b00000| Untracked 
|  43|0x0000000082b00000, 0x0000000082c00000, 0x0000000082c00000|100%| O|  |TAMS 0x0000000082c00000, 0x0000000082c00000| Untracked 
|  44|0x0000000082c00000, 0x0000000082d00000, 0x0000000082d00000|100%| O|  |TAMS 0x0000000082d00000, 0x0000000082d00000| Untracked 
|  45|0x0000000082d00000, 0x0000000082e00000, 0x0000000082e00000|100%|HS|  |TAMS 0x0000000082e00000, 0x0000000082e00000| Complete 
|  46|0x0000000082e00000, 0x0000000082f00000, 0x0000000082f00000|100%|HC|  |TAMS 0x0000000082f00000, 0x0000000082f00000| Complete 
|  47|0x0000000082f00000, 0x0000000083000000, 0x0000000083000000|100%| O|  |TAMS 0x0000000083000000, 0x0000000083000000| Untracked 
|  48|0x0000000083000000, 0x0000000083100000, 0x0000000083100000|100%| O|  |TAMS 0x0000000083100000, 0x0000000083100000| Untracked 
|  49|0x0000000083100000, 0x0000000083200000, 0x0000000083200000|100%| O|  |TAMS 0x0000000083200000, 0x0000000083200000| Untracked 
|  50|0x0000000083200000, 0x0000000083300000, 0x0000000083300000|100%| O|  |TAMS 0x0000000083300000, 0x0000000083300000| Untracked 
|  51|0x0000000083300000, 0x0000000083400000, 0x0000000083400000|100%| O|  |TAMS 0x0000000083400000, 0x0000000083400000| Untracked 
|  52|0x0000000083400000, 0x0000000083500000, 0x0000000083500000|100%| O|  |TAMS 0x0000000083500000, 0x0000000083500000| Untracked 
|  53|0x0000000083500000, 0x0000000083600000, 0x0000000083600000|100%| O|  |TAMS 0x0000000083600000, 0x0000000083600000| Untracked 
|  54|0x0000000083600000, 0x0000000083700000, 0x0000000083700000|100%| O|  |TAMS 0x0000000083700000, 0x0000000083700000| Untracked 
|  55|0x0000000083700000, 0x0000000083800000, 0x0000000083800000|100%| O|  |TAMS 0x0000000083800000, 0x0000000083800000| Untracked 
|  56|0x0000000083800000, 0x0000000083900000, 0x0000000083900000|100%| O|  |TAMS 0x0000000083900000, 0x0000000083900000| Untracked 
|  57|0x0000000083900000, 0x0000000083a00000, 0x0000000083a00000|100%| O|  |TAMS 0x0000000083a00000, 0x0000000083a00000| Untracked 
|  58|0x0000000083a00000, 0x0000000083b00000, 0x0000000083b00000|100%| O|  |TAMS 0x0000000083b00000, 0x0000000083b00000| Untracked 
|  59|0x0000000083b00000, 0x0000000083c00000, 0x0000000083c00000|100%| O|  |TAMS 0x0000000083c00000, 0x0000000083c00000| Untracked 
|  60|0x0000000083c00000, 0x0000000083d00000, 0x0000000083d00000|100%| O|  |TAMS 0x0000000083d00000, 0x0000000083d00000| Untracked 
|  61|0x0000000083d00000, 0x0000000083e00000, 0x0000000083e00000|100%| O|  |TAMS 0x0000000083e00000, 0x0000000083e00000| Untracked 
|  62|0x0000000083e00000, 0x0000000083f00000, 0x0000000083f00000|100%| O|  |TAMS 0x0000000083f00000, 0x0000000083f00000| Untracked 
|  63|0x0000000083f00000, 0x0000000084000000, 0x0000000084000000|100%| O|  |TAMS 0x0000000084000000, 0x0000000084000000| Untracked 
|  64|0x0000000084000000, 0x0000000084100000, 0x0000000084100000|100%| O|  |TAMS 0x0000000084100000, 0x0000000084100000| Untracked 
|  65|0x0000000084100000, 0x0000000084200000, 0x0000000084200000|100%| O|  |TAMS 0x0000000084200000, 0x0000000084200000| Untracked 
|  66|0x0000000084200000, 0x0000000084300000, 0x0000000084300000|100%| O|  |TAMS 0x0000000084300000, 0x0000000084300000| Untracked 
|  67|0x0000000084300000, 0x0000000084400000, 0x0000000084400000|100%| O|  |TAMS 0x0000000084400000, 0x0000000084400000| Untracked 
|  68|0x0000000084400000, 0x0000000084500000, 0x0000000084500000|100%| O|  |TAMS 0x0000000084500000, 0x0000000084500000| Untracked 
|  69|0x0000000084500000, 0x0000000084600000, 0x0000000084600000|100%| O|  |TAMS 0x0000000084600000, 0x0000000084600000| Untracked 
|  70|0x0000000084600000, 0x0000000084700000, 0x0000000084700000|100%| O|  |TAMS 0x0000000084700000, 0x0000000084700000| Untracked 
|  71|0x0000000084700000, 0x0000000084800000, 0x0000000084800000|100%| O|  |TAMS 0x0000000084800000, 0x0000000084800000| Untracked 
|  72|0x0000000084800000, 0x0000000084900000, 0x0000000084900000|100%| O|  |TAMS 0x0000000084900000, 0x0000000084900000| Untracked 
|  73|0x0000000084900000, 0x0000000084a00000, 0x0000000084a00000|100%| O|  |TAMS 0x0000000084a00000, 0x0000000084a00000| Untracked 
|  74|0x0000000084a00000, 0x0000000084b00000, 0x0000000084b00000|100%| O|  |TAMS 0x0000000084b00000, 0x0000000084b00000| Untracked 
|  75|0x0000000084b00000, 0x0000000084c00000, 0x0000000084c00000|100%| O|  |TAMS 0x0000000084c00000, 0x0000000084c00000| Untracked 
|  76|0x0000000084c00000, 0x0000000084d00000, 0x0000000084d00000|100%| O|  |TAMS 0x0000000084cdae00, 0x0000000084d00000| Untracked 
|  77|0x0000000084d00000, 0x0000000084e00000, 0x0000000084e00000|100%| O|  |TAMS 0x0000000084e00000, 0x0000000084e00000| Untracked 
|  78|0x0000000084e00000, 0x0000000084f00000, 0x0000000084f00000|100%| O|  |TAMS 0x0000000084f00000, 0x0000000084f00000| Untracked 
|  79|0x0000000084f00000, 0x0000000085000000, 0x0000000085000000|100%| O|  |TAMS 0x0000000084f00000, 0x0000000085000000| Untracked 
|  80|0x0000000085000000, 0x0000000085100000, 0x0000000085100000|100%| O|  |TAMS 0x0000000085100000, 0x0000000085100000| Untracked 
|  81|0x0000000085100000, 0x0000000085200000, 0x0000000085200000|100%| O|  |TAMS 0x0000000085200000, 0x0000000085200000| Untracked 
|  82|0x0000000085200000, 0x0000000085300000, 0x0000000085300000|100%| O|  |TAMS 0x0000000085300000, 0x0000000085300000| Untracked 
|  83|0x0000000085300000, 0x0000000085400000, 0x0000000085400000|100%| O|  |TAMS 0x0000000085300000, 0x0000000085400000| Untracked 
|  84|0x0000000085400000, 0x0000000085500000, 0x0000000085500000|100%| O|  |TAMS 0x0000000085400000, 0x0000000085500000| Untracked 
|  85|0x0000000085500000, 0x0000000085600000, 0x0000000085600000|100%| O|  |TAMS 0x0000000085600000, 0x0000000085600000| Untracked 
|  86|0x0000000085600000, 0x0000000085700000, 0x0000000085700000|100%| O|  |TAMS 0x0000000085700000, 0x0000000085700000| Untracked 
|  87|0x0000000085700000, 0x0000000085800000, 0x0000000085800000|100%| O|  |TAMS 0x0000000085800000, 0x0000000085800000| Untracked 
|  88|0x0000000085800000, 0x0000000085900000, 0x0000000085900000|100%| O|  |TAMS 0x0000000085900000, 0x0000000085900000| Untracked 
|  89|0x0000000085900000, 0x0000000085a00000, 0x0000000085a00000|100%| O|  |TAMS 0x0000000085a00000, 0x0000000085a00000| Untracked 
|  90|0x0000000085a00000, 0x0000000085b00000, 0x0000000085b00000|100%| O|  |TAMS 0x0000000085b00000, 0x0000000085b00000| Untracked 
|  91|0x0000000085b00000, 0x0000000085c00000, 0x0000000085c00000|100%| O|  |TAMS 0x0000000085c00000, 0x0000000085c00000| Untracked 
|  92|0x0000000085c00000, 0x0000000085d00000, 0x0000000085d00000|100%| O|  |TAMS 0x0000000085d00000, 0x0000000085d00000| Untracked 
|  93|0x0000000085d00000, 0x0000000085e00000, 0x0000000085e00000|100%|HS|  |TAMS 0x0000000085e00000, 0x0000000085e00000| Complete 
|  94|0x0000000085e00000, 0x0000000085f00000, 0x0000000085f00000|100%|HC|  |TAMS 0x0000000085f00000, 0x0000000085f00000| Complete 
|  95|0x0000000085f00000, 0x0000000086000000, 0x0000000086000000|100%| O|  |TAMS 0x0000000086000000, 0x0000000086000000| Untracked 
|  96|0x0000000086000000, 0x0000000086100000, 0x0000000086100000|100%|HS|  |TAMS 0x0000000086100000, 0x0000000086100000| Complete 
|  97|0x0000000086100000, 0x0000000086200000, 0x0000000086200000|100%|HC|  |TAMS 0x0000000086200000, 0x0000000086200000| Complete 
|  98|0x0000000086200000, 0x0000000086300000, 0x0000000086300000|100%|HC|  |TAMS 0x0000000086300000, 0x0000000086300000| Complete 
|  99|0x0000000086300000, 0x0000000086400000, 0x0000000086400000|100%|HC|  |TAMS 0x0000000086400000, 0x0000000086400000| Complete 
| 100|0x0000000086400000, 0x0000000086500000, 0x0000000086500000|100%| O|  |TAMS 0x0000000086500000, 0x0000000086500000| Untracked 
| 101|0x0000000086500000, 0x0000000086600000, 0x0000000086600000|100%| O|  |TAMS 0x0000000086600000, 0x0000000086600000| Untracked 
| 102|0x0000000086600000, 0x0000000086700000, 0x0000000086700000|100%| O|  |TAMS 0x0000000086700000, 0x0000000086700000| Untracked 
| 103|0x0000000086700000, 0x0000000086800000, 0x0000000086800000|100%| O|  |TAMS 0x0000000086800000, 0x0000000086800000| Untracked 
| 104|0x0000000086800000, 0x0000000086900000, 0x0000000086900000|100%| O|  |TAMS 0x0000000086900000, 0x0000000086900000| Untracked 
| 105|0x0000000086900000, 0x0000000086a00000, 0x0000000086a00000|100%| O|  |TAMS 0x0000000086a00000, 0x0000000086a00000| Untracked 
| 106|0x0000000086a00000, 0x0000000086b00000, 0x0000000086b00000|100%| O|  |TAMS 0x0000000086b00000, 0x0000000086b00000| Untracked 
| 107|0x0000000086b00000, 0x0000000086c00000, 0x0000000086c00000|100%| O|  |TAMS 0x0000000086c00000, 0x0000000086c00000| Untracked 
| 108|0x0000000086c00000, 0x0000000086d00000, 0x0000000086d00000|100%| O|  |TAMS 0x0000000086d00000, 0x0000000086d00000| Untracked 
| 109|0x0000000086d00000, 0x0000000086e00000, 0x0000000086e00000|100%| O|  |TAMS 0x0000000086e00000, 0x0000000086e00000| Untracked 
| 110|0x0000000086e00000, 0x0000000086f00000, 0x0000000086f00000|100%| O|  |TAMS 0x0000000086f00000, 0x0000000086f00000| Untracked 
| 111|0x0000000086f00000, 0x0000000087000000, 0x0000000087000000|100%| O|  |TAMS 0x0000000087000000, 0x0000000087000000| Untracked 
| 112|0x0000000087000000, 0x0000000087100000, 0x0000000087100000|100%| O|  |TAMS 0x0000000087100000, 0x0000000087100000| Untracked 
| 113|0x0000000087100000, 0x0000000087200000, 0x0000000087200000|100%| O|  |TAMS 0x0000000087200000, 0x0000000087200000| Untracked 
| 114|0x0000000087200000, 0x0000000087300000, 0x0000000087300000|100%| O|  |TAMS 0x0000000087300000, 0x0000000087300000| Untracked 
| 115|0x0000000087300000, 0x0000000087400000, 0x0000000087400000|100%| O|  |TAMS 0x0000000087400000, 0x0000000087400000| Untracked 
| 116|0x0000000087400000, 0x0000000087500000, 0x0000000087500000|100%| O|  |TAMS 0x0000000087500000, 0x0000000087500000| Untracked 
| 117|0x0000000087500000, 0x0000000087600000, 0x0000000087600000|100%| O|  |TAMS 0x0000000087600000, 0x0000000087600000| Untracked 
| 118|0x0000000087600000, 0x0000000087700000, 0x0000000087700000|100%| O|  |TAMS 0x0000000087700000, 0x0000000087700000| Untracked 
| 119|0x0000000087700000, 0x0000000087800000, 0x0000000087800000|100%| O|  |TAMS 0x0000000087800000, 0x0000000087800000| Untracked 
| 120|0x0000000087800000, 0x0000000087900000, 0x0000000087900000|100%| O|  |TAMS 0x0000000087900000, 0x0000000087900000| Untracked 
| 121|0x0000000087900000, 0x0000000087a00000, 0x0000000087a00000|100%| O|  |TAMS 0x0000000087a00000, 0x0000000087a00000| Untracked 
| 122|0x0000000087a00000, 0x0000000087b00000, 0x0000000087b00000|100%| O|  |TAMS 0x0000000087b00000, 0x0000000087b00000| Untracked 
| 123|0x0000000087b00000, 0x0000000087c00000, 0x0000000087c00000|100%| O|  |TAMS 0x0000000087c00000, 0x0000000087c00000| Untracked 
| 124|0x0000000087c00000, 0x0000000087d00000, 0x0000000087d00000|100%| O|  |TAMS 0x0000000087d00000, 0x0000000087d00000| Untracked 
| 125|0x0000000087d00000, 0x0000000087e00000, 0x0000000087e00000|100%| O|  |TAMS 0x0000000087e00000, 0x0000000087e00000| Untracked 
| 126|0x0000000087e00000, 0x0000000087f00000, 0x0000000087f00000|100%| O|  |TAMS 0x0000000087f00000, 0x0000000087f00000| Untracked 
| 127|0x0000000087f00000, 0x0000000088000000, 0x0000000088000000|100%| O|  |TAMS 0x0000000088000000, 0x0000000088000000| Untracked 
| 128|0x0000000088000000, 0x0000000088100000, 0x0000000088100000|100%| O|  |TAMS 0x0000000088100000, 0x0000000088100000| Untracked 
| 129|0x0000000088100000, 0x0000000088200000, 0x0000000088200000|100%| O|  |TAMS 0x0000000088200000, 0x0000000088200000| Untracked 
| 130|0x0000000088200000, 0x0000000088300000, 0x0000000088300000|100%| O|  |TAMS 0x0000000088300000, 0x0000000088300000| Untracked 
| 131|0x0000000088300000, 0x0000000088400000, 0x0000000088400000|100%| O|  |TAMS 0x0000000088400000, 0x0000000088400000| Untracked 
| 132|0x0000000088400000, 0x0000000088500000, 0x0000000088500000|100%| O|  |TAMS 0x0000000088500000, 0x0000000088500000| Untracked 
| 133|0x0000000088500000, 0x0000000088600000, 0x0000000088600000|100%| O|  |TAMS 0x0000000088600000, 0x0000000088600000| Untracked 
| 134|0x0000000088600000, 0x0000000088700000, 0x0000000088700000|100%|HS|  |TAMS 0x0000000088700000, 0x0000000088700000| Complete 
| 135|0x0000000088700000, 0x0000000088800000, 0x0000000088800000|100%|HC|  |TAMS 0x0000000088800000, 0x0000000088800000| Complete 
| 136|0x0000000088800000, 0x0000000088900000, 0x0000000088900000|100%| O|  |TAMS 0x0000000088900000, 0x0000000088900000| Untracked 
| 137|0x0000000088900000, 0x0000000088a00000, 0x0000000088a00000|100%| O|  |TAMS 0x0000000088a00000, 0x0000000088a00000| Untracked 
| 138|0x0000000088a00000, 0x0000000088b00000, 0x0000000088b00000|100%| O|  |TAMS 0x0000000088b00000, 0x0000000088b00000| Untracked 
| 139|0x0000000088b00000, 0x0000000088c00000, 0x0000000088c00000|100%| O|  |TAMS 0x0000000088c00000, 0x0000000088c00000| Untracked 
| 140|0x0000000088c00000, 0x0000000088d00000, 0x0000000088d00000|100%| O|  |TAMS 0x0000000088d00000, 0x0000000088d00000| Untracked 
| 141|0x0000000088d00000, 0x0000000088e00000, 0x0000000088e00000|100%| O|  |TAMS 0x0000000088e00000, 0x0000000088e00000| Untracked 
| 142|0x0000000088e00000, 0x0000000088f00000, 0x0000000088f00000|100%| O|  |TAMS 0x0000000088f00000, 0x0000000088f00000| Untracked 
| 143|0x0000000088f00000, 0x0000000089000000, 0x0000000089000000|100%| O|  |TAMS 0x0000000089000000, 0x0000000089000000| Untracked 
| 144|0x0000000089000000, 0x0000000089100000, 0x0000000089100000|100%| O|  |TAMS 0x0000000089100000, 0x0000000089100000| Untracked 
| 145|0x0000000089100000, 0x0000000089200000, 0x0000000089200000|100%| O|  |TAMS 0x0000000089200000, 0x0000000089200000| Untracked 
| 146|0x0000000089200000, 0x0000000089300000, 0x0000000089300000|100%| O|  |TAMS 0x0000000089300000, 0x0000000089300000| Untracked 
| 147|0x0000000089300000, 0x0000000089400000, 0x0000000089400000|100%| O|  |TAMS 0x0000000089400000, 0x0000000089400000| Untracked 
| 148|0x0000000089400000, 0x0000000089500000, 0x0000000089500000|100%| O|  |TAMS 0x0000000089500000, 0x0000000089500000| Untracked 
| 149|0x0000000089500000, 0x0000000089600000, 0x0000000089600000|100%| O|  |TAMS 0x0000000089600000, 0x0000000089600000| Untracked 
| 150|0x0000000089600000, 0x0000000089700000, 0x0000000089700000|100%| O|  |TAMS 0x0000000089700000, 0x0000000089700000| Untracked 
| 151|0x0000000089700000, 0x0000000089800000, 0x0000000089800000|100%| O|  |TAMS 0x0000000089800000, 0x0000000089800000| Untracked 
| 152|0x0000000089800000, 0x0000000089900000, 0x0000000089900000|100%| O|  |TAMS 0x0000000089900000, 0x0000000089900000| Untracked 
| 153|0x0000000089900000, 0x0000000089a00000, 0x0000000089a00000|100%| O|  |TAMS 0x0000000089a00000, 0x0000000089a00000| Untracked 
| 154|0x0000000089a00000, 0x0000000089b00000, 0x0000000089b00000|100%| O|  |TAMS 0x0000000089b00000, 0x0000000089b00000| Untracked 
| 155|0x0000000089b00000, 0x0000000089c00000, 0x0000000089c00000|100%| O|  |TAMS 0x0000000089c00000, 0x0000000089c00000| Untracked 
| 156|0x0000000089c00000, 0x0000000089d00000, 0x0000000089d00000|100%| O|  |TAMS 0x0000000089d00000, 0x0000000089d00000| Untracked 
| 157|0x0000000089d00000, 0x0000000089e00000, 0x0000000089e00000|100%| O|  |TAMS 0x0000000089e00000, 0x0000000089e00000| Untracked 
| 158|0x0000000089e00000, 0x0000000089f00000, 0x0000000089f00000|100%| O|  |TAMS 0x0000000089f00000, 0x0000000089f00000| Untracked 
| 159|0x0000000089f00000, 0x000000008a000000, 0x000000008a000000|100%| O|  |TAMS 0x000000008a000000, 0x000000008a000000| Untracked 
| 160|0x000000008a000000, 0x000000008a100000, 0x000000008a100000|100%| O|  |TAMS 0x000000008a100000, 0x000000008a100000| Untracked 
| 161|0x000000008a100000, 0x000000008a200000, 0x000000008a200000|100%| O|  |TAMS 0x000000008a200000, 0x000000008a200000| Untracked 
| 162|0x000000008a200000, 0x000000008a300000, 0x000000008a300000|100%| O|  |TAMS 0x000000008a300000, 0x000000008a300000| Untracked 
| 163|0x000000008a300000, 0x000000008a400000, 0x000000008a400000|100%| O|  |TAMS 0x000000008a400000, 0x000000008a400000| Untracked 
| 164|0x000000008a400000, 0x000000008a500000, 0x000000008a500000|100%| O|  |TAMS 0x000000008a500000, 0x000000008a500000| Untracked 
| 165|0x000000008a500000, 0x000000008a600000, 0x000000008a600000|100%| O|  |TAMS 0x000000008a500000, 0x000000008a600000| Untracked 
| 166|0x000000008a600000, 0x000000008a700000, 0x000000008a700000|100%| O|  |TAMS 0x000000008a700000, 0x000000008a700000| Untracked 
| 167|0x000000008a700000, 0x000000008a800000, 0x000000008a800000|100%| O|  |TAMS 0x000000008a800000, 0x000000008a800000| Untracked 
| 168|0x000000008a800000, 0x000000008a900000, 0x000000008a900000|100%| O|  |TAMS 0x000000008a900000, 0x000000008a900000| Untracked 
| 169|0x000000008a900000, 0x000000008aa00000, 0x000000008aa00000|100%| O|  |TAMS 0x000000008aa00000, 0x000000008aa00000| Untracked 
| 170|0x000000008aa00000, 0x000000008ab00000, 0x000000008ab00000|100%| O|  |TAMS 0x000000008ab00000, 0x000000008ab00000| Untracked 
| 171|0x000000008ab00000, 0x000000008ac00000, 0x000000008ac00000|100%| O|  |TAMS 0x000000008ac00000, 0x000000008ac00000| Untracked 
| 172|0x000000008ac00000, 0x000000008ad00000, 0x000000008ad00000|100%| O|  |TAMS 0x000000008ac00000, 0x000000008ad00000| Untracked 
| 173|0x000000008ad00000, 0x000000008ae00000, 0x000000008ae00000|100%| O|  |TAMS 0x000000008ad00000, 0x000000008ae00000| Untracked 
| 174|0x000000008ae00000, 0x000000008af00000, 0x000000008af00000|100%| O|  |TAMS 0x000000008af00000, 0x000000008af00000| Untracked 
| 175|0x000000008af00000, 0x000000008b000000, 0x000000008b000000|100%| O|  |TAMS 0x000000008b000000, 0x000000008b000000| Untracked 
| 176|0x000000008b000000, 0x000000008b100000, 0x000000008b100000|100%| O|  |TAMS 0x000000008b100000, 0x000000008b100000| Untracked 
| 177|0x000000008b100000, 0x000000008b200000, 0x000000008b200000|100%| O|  |TAMS 0x000000008b200000, 0x000000008b200000| Untracked 
| 178|0x000000008b200000, 0x000000008b300000, 0x000000008b300000|100%| O|  |TAMS 0x000000008b300000, 0x000000008b300000| Untracked 
| 179|0x000000008b300000, 0x000000008b400000, 0x000000008b400000|100%| O|  |TAMS 0x000000008b300000, 0x000000008b400000| Untracked 
| 180|0x000000008b400000, 0x000000008b500000, 0x000000008b500000|100%| O|  |TAMS 0x000000008b500000, 0x000000008b500000| Untracked 
| 181|0x000000008b500000, 0x000000008b600000, 0x000000008b600000|100%| O|  |TAMS 0x000000008b600000, 0x000000008b600000| Untracked 
| 182|0x000000008b600000, 0x000000008b700000, 0x000000008b700000|100%| O|  |TAMS 0x000000008b700000, 0x000000008b700000| Untracked 
| 183|0x000000008b700000, 0x000000008b800000, 0x000000008b800000|100%| O|  |TAMS 0x000000008b700000, 0x000000008b800000| Untracked 
| 184|0x000000008b800000, 0x000000008b900000, 0x000000008b900000|100%| O|  |TAMS 0x000000008b900000, 0x000000008b900000| Untracked 
| 185|0x000000008b900000, 0x000000008ba00000, 0x000000008ba00000|100%| O|  |TAMS 0x000000008ba00000, 0x000000008ba00000| Untracked 
| 186|0x000000008ba00000, 0x000000008bb00000, 0x000000008bb00000|100%| O|  |TAMS 0x000000008bb00000, 0x000000008bb00000| Untracked 
| 187|0x000000008bb00000, 0x000000008bc00000, 0x000000008bc00000|100%| O|  |TAMS 0x000000008bc00000, 0x000000008bc00000| Untracked 
| 188|0x000000008bc00000, 0x000000008bd00000, 0x000000008bd00000|100%|HS|  |TAMS 0x000000008bd00000, 0x000000008bd00000| Complete 
| 189|0x000000008bd00000, 0x000000008be00000, 0x000000008be00000|100%|HC|  |TAMS 0x000000008be00000, 0x000000008be00000| Complete 
| 190|0x000000008be00000, 0x000000008bf00000, 0x000000008bf00000|100%| O|  |TAMS 0x000000008bf00000, 0x000000008bf00000| Untracked 
| 191|0x000000008bf00000, 0x000000008c000000, 0x000000008c000000|100%| O|  |TAMS 0x000000008c000000, 0x000000008c000000| Untracked 
| 192|0x000000008c000000, 0x000000008c100000, 0x000000008c100000|100%| O|  |TAMS 0x000000008c100000, 0x000000008c100000| Untracked 
| 193|0x000000008c100000, 0x000000008c200000, 0x000000008c200000|100%| O|  |TAMS 0x000000008c200000, 0x000000008c200000| Untracked 
| 194|0x000000008c200000, 0x000000008c300000, 0x000000008c300000|100%| O|  |TAMS 0x000000008c200000, 0x000000008c300000| Untracked 
| 195|0x000000008c300000, 0x000000008c400000, 0x000000008c400000|100%| O|  |TAMS 0x000000008c300000, 0x000000008c400000| Untracked 
| 196|0x000000008c400000, 0x000000008c500000, 0x000000008c500000|100%| O|  |TAMS 0x000000008c400000, 0x000000008c500000| Untracked 
| 197|0x000000008c500000, 0x000000008c600000, 0x000000008c600000|100%| O|  |TAMS 0x000000008c500000, 0x000000008c600000| Untracked 
| 198|0x000000008c600000, 0x000000008c700000, 0x000000008c700000|100%| O|  |TAMS 0x000000008c600000, 0x000000008c700000| Untracked 
| 199|0x000000008c700000, 0x000000008c800000, 0x000000008c800000|100%| O|  |TAMS 0x000000008c700000, 0x000000008c800000| Untracked 
| 200|0x000000008c800000, 0x000000008c900000, 0x000000008c900000|100%| O|  |TAMS 0x000000008c800000, 0x000000008c900000| Untracked 
| 201|0x000000008c900000, 0x000000008ca00000, 0x000000008ca00000|100%| O|  |TAMS 0x000000008c900000, 0x000000008ca00000| Untracked 
| 202|0x000000008ca00000, 0x000000008cb00000, 0x000000008cb00000|100%| O|  |TAMS 0x000000008ca00000, 0x000000008cb00000| Untracked 
| 203|0x000000008cb00000, 0x000000008cc00000, 0x000000008cc00000|100%| O|  |TAMS 0x000000008cb00000, 0x000000008cc00000| Untracked 
| 204|0x000000008cc00000, 0x000000008cd00000, 0x000000008cd00000|100%| O|  |TAMS 0x000000008cc00000, 0x000000008cd00000| Untracked 
| 205|0x000000008cd00000, 0x000000008ce00000, 0x000000008ce00000|100%| O|  |TAMS 0x000000008cd00000, 0x000000008ce00000| Untracked 
| 206|0x000000008ce00000, 0x000000008cf00000, 0x000000008cf00000|100%| O|  |TAMS 0x000000008ce00000, 0x000000008cf00000| Untracked 
| 207|0x000000008cf00000, 0x000000008d000000, 0x000000008d000000|100%| O|  |TAMS 0x000000008cf00000, 0x000000008d000000| Untracked 
| 208|0x000000008d000000, 0x000000008d100000, 0x000000008d100000|100%| O|  |TAMS 0x000000008d000000, 0x000000008d100000| Untracked 
| 209|0x000000008d100000, 0x000000008d200000, 0x000000008d200000|100%| O|  |TAMS 0x000000008d100000, 0x000000008d200000| Untracked 
| 210|0x000000008d200000, 0x000000008d300000, 0x000000008d300000|100%| O|  |TAMS 0x000000008d200000, 0x000000008d300000| Untracked 
| 211|0x000000008d300000, 0x000000008d400000, 0x000000008d400000|100%| O|  |TAMS 0x000000008d300000, 0x000000008d400000| Untracked 
| 212|0x000000008d400000, 0x000000008d500000, 0x000000008d500000|100%| O|  |TAMS 0x000000008d400000, 0x000000008d500000| Untracked 
| 213|0x000000008d500000, 0x000000008d600000, 0x000000008d600000|100%| O|  |TAMS 0x000000008d500000, 0x000000008d600000| Untracked 
| 214|0x000000008d600000, 0x000000008d700000, 0x000000008d700000|100%| O|  |TAMS 0x000000008d600000, 0x000000008d700000| Untracked 
| 215|0x000000008d700000, 0x000000008d800000, 0x000000008d800000|100%| O|  |TAMS 0x000000008d700000, 0x000000008d800000| Untracked 
| 216|0x000000008d800000, 0x000000008d900000, 0x000000008d900000|100%| O|  |TAMS 0x000000008d800000, 0x000000008d900000| Untracked 
| 217|0x000000008d900000, 0x000000008da00000, 0x000000008da00000|100%| O|  |TAMS 0x000000008d900000, 0x000000008da00000| Untracked 
| 218|0x000000008da00000, 0x000000008db00000, 0x000000008db00000|100%| O|  |TAMS 0x000000008da00000, 0x000000008db00000| Untracked 
| 219|0x000000008db00000, 0x000000008dc00000, 0x000000008dc00000|100%| O|  |TAMS 0x000000008db00000, 0x000000008dc00000| Untracked 
| 220|0x000000008dc00000, 0x000000008dd00000, 0x000000008dd00000|100%| O|  |TAMS 0x000000008dc00000, 0x000000008dd00000| Untracked 
| 221|0x000000008dd00000, 0x000000008de00000, 0x000000008de00000|100%| O|  |TAMS 0x000000008dd00000, 0x000000008de00000| Untracked 
| 222|0x000000008de00000, 0x000000008df00000, 0x000000008df00000|100%| O|  |TAMS 0x000000008de00000, 0x000000008df00000| Untracked 
| 223|0x000000008df00000, 0x000000008e000000, 0x000000008e000000|100%| O|  |TAMS 0x000000008df00000, 0x000000008e000000| Untracked 
| 224|0x000000008e000000, 0x000000008e100000, 0x000000008e100000|100%| O|  |TAMS 0x000000008e000000, 0x000000008e100000| Untracked 
| 225|0x000000008e100000, 0x000000008e200000, 0x000000008e200000|100%| O|  |TAMS 0x000000008e100000, 0x000000008e200000| Untracked 
| 226|0x000000008e200000, 0x000000008e300000, 0x000000008e300000|100%| O|  |TAMS 0x000000008e200000, 0x000000008e300000| Untracked 
| 227|0x000000008e300000, 0x000000008e400000, 0x000000008e400000|100%| O|  |TAMS 0x000000008e300000, 0x000000008e400000| Untracked 
| 228|0x000000008e400000, 0x000000008e500000, 0x000000008e500000|100%| O|  |TAMS 0x000000008e400000, 0x000000008e500000| Untracked 
| 229|0x000000008e500000, 0x000000008e600000, 0x000000008e600000|100%| O|  |TAMS 0x000000008e500000, 0x000000008e600000| Untracked 
| 230|0x000000008e600000, 0x000000008e700000, 0x000000008e700000|100%| O|  |TAMS 0x000000008e600000, 0x000000008e700000| Untracked 
| 231|0x000000008e700000, 0x000000008e800000, 0x000000008e800000|100%| O|  |TAMS 0x000000008e700000, 0x000000008e800000| Untracked 
| 232|0x000000008e800000, 0x000000008e900000, 0x000000008e900000|100%| O|  |TAMS 0x000000008e800000, 0x000000008e900000| Untracked 
| 233|0x000000008e900000, 0x000000008ea00000, 0x000000008ea00000|100%| O|  |TAMS 0x000000008e900000, 0x000000008ea00000| Untracked 
| 234|0x000000008ea00000, 0x000000008eb00000, 0x000000008eb00000|100%| O|  |TAMS 0x000000008ea00000, 0x000000008eb00000| Untracked 
| 235|0x000000008eb00000, 0x000000008ec00000, 0x000000008ec00000|100%| O|  |TAMS 0x000000008eb00000, 0x000000008ec00000| Untracked 
| 236|0x000000008ec00000, 0x000000008ed00000, 0x000000008ed00000|100%| O|  |TAMS 0x000000008ec00000, 0x000000008ed00000| Untracked 
| 237|0x000000008ed00000, 0x000000008ee00000, 0x000000008ee00000|100%| O|  |TAMS 0x000000008ed00000, 0x000000008ee00000| Untracked 
| 238|0x000000008ee00000, 0x000000008ef00000, 0x000000008ef00000|100%| O|  |TAMS 0x000000008ee00000, 0x000000008ef00000| Untracked 
| 239|0x000000008ef00000, 0x000000008f000000, 0x000000008f000000|100%| O|  |TAMS 0x000000008ef00000, 0x000000008f000000| Untracked 
| 240|0x000000008f000000, 0x000000008f000000, 0x000000008f100000|  0%| F|  |TAMS 0x000000008f000000, 0x000000008f000000| Untracked 
| 241|0x000000008f100000, 0x000000008f100000, 0x000000008f200000|  0%| F|  |TAMS 0x000000008f100000, 0x000000008f100000| Untracked 
| 242|0x000000008f200000, 0x000000008f200000, 0x000000008f300000|  0%| F|  |TAMS 0x000000008f200000, 0x000000008f200000| Untracked 
| 243|0x000000008f300000, 0x000000008f300000, 0x000000008f400000|  0%| F|  |TAMS 0x000000008f300000, 0x000000008f300000| Untracked 
| 244|0x000000008f400000, 0x000000008f400000, 0x000000008f500000|  0%| F|  |TAMS 0x000000008f400000, 0x000000008f400000| Untracked 
| 245|0x000000008f500000, 0x000000008f500000, 0x000000008f600000|  0%| F|  |TAMS 0x000000008f500000, 0x000000008f500000| Untracked 
| 246|0x000000008f600000, 0x000000008f600000, 0x000000008f700000|  0%| F|  |TAMS 0x000000008f600000, 0x000000008f600000| Untracked 
| 247|0x000000008f700000, 0x000000008f700000, 0x000000008f800000|  0%| F|  |TAMS 0x000000008f700000, 0x000000008f700000| Untracked 
| 248|0x000000008f800000, 0x000000008f800000, 0x000000008f900000|  0%| F|  |TAMS 0x000000008f800000, 0x000000008f800000| Untracked 
| 249|0x000000008f900000, 0x000000008f900000, 0x000000008fa00000|  0%| F|  |TAMS 0x000000008f900000, 0x000000008f900000| Untracked 
| 250|0x000000008fa00000, 0x000000008fa00000, 0x000000008fb00000|  0%| F|  |TAMS 0x000000008fa00000, 0x000000008fa00000| Untracked 
| 251|0x000000008fb00000, 0x000000008fb00000, 0x000000008fc00000|  0%| F|  |TAMS 0x000000008fb00000, 0x000000008fb00000| Untracked 
| 252|0x000000008fc00000, 0x000000008fc00000, 0x000000008fd00000|  0%| F|  |TAMS 0x000000008fc00000, 0x000000008fc00000| Untracked 
| 253|0x000000008fd00000, 0x000000008fd00000, 0x000000008fe00000|  0%| F|  |TAMS 0x000000008fd00000, 0x000000008fd00000| Untracked 
| 254|0x000000008fe00000, 0x000000008fe00000, 0x000000008ff00000|  0%| F|  |TAMS 0x000000008fe00000, 0x000000008fe00000| Untracked 
| 255|0x000000008ff00000, 0x000000008ff00000, 0x0000000090000000|  0%| F|  |TAMS 0x000000008ff00000, 0x000000008ff00000| Untracked 
| 256|0x0000000090000000, 0x0000000090000000, 0x0000000090100000|  0%| F|  |TAMS 0x0000000090000000, 0x0000000090000000| Untracked 
| 257|0x0000000090100000, 0x0000000090100000, 0x0000000090200000|  0%| F|  |TAMS 0x0000000090100000, 0x0000000090100000| Untracked 
| 258|0x0000000090200000, 0x0000000090200000, 0x0000000090300000|  0%| F|  |TAMS 0x0000000090200000, 0x0000000090200000| Untracked 
| 259|0x0000000090300000, 0x0000000090300000, 0x0000000090400000|  0%| F|  |TAMS 0x0000000090300000, 0x0000000090300000| Untracked 
| 260|0x0000000090400000, 0x0000000090400000, 0x0000000090500000|  0%| F|  |TAMS 0x0000000090400000, 0x0000000090400000| Untracked 
| 261|0x0000000090500000, 0x0000000090500000, 0x0000000090600000|  0%| F|  |TAMS 0x0000000090500000, 0x0000000090500000| Untracked 
| 262|0x0000000090600000, 0x0000000090600000, 0x0000000090700000|  0%| F|  |TAMS 0x0000000090600000, 0x0000000090600000| Untracked 
| 263|0x0000000090700000, 0x0000000090700000, 0x0000000090800000|  0%| F|  |TAMS 0x0000000090700000, 0x0000000090700000| Untracked 
| 264|0x0000000090800000, 0x0000000090800000, 0x0000000090900000|  0%| F|  |TAMS 0x0000000090800000, 0x0000000090800000| Untracked 
| 265|0x0000000090900000, 0x0000000090900000, 0x0000000090a00000|  0%| F|  |TAMS 0x0000000090900000, 0x0000000090900000| Untracked 
| 266|0x0000000090a00000, 0x0000000090a00000, 0x0000000090b00000|  0%| F|  |TAMS 0x0000000090a00000, 0x0000000090a00000| Untracked 
| 267|0x0000000090b00000, 0x0000000090b00000, 0x0000000090c00000|  0%| F|  |TAMS 0x0000000090b00000, 0x0000000090b00000| Untracked 
| 268|0x0000000090c00000, 0x0000000090c00000, 0x0000000090d00000|  0%| F|  |TAMS 0x0000000090c00000, 0x0000000090c00000| Untracked 
| 269|0x0000000090d00000, 0x0000000090d00000, 0x0000000090e00000|  0%| F|  |TAMS 0x0000000090d00000, 0x0000000090d00000| Untracked 
| 270|0x0000000090e00000, 0x0000000090e00000, 0x0000000090f00000|  0%| F|  |TAMS 0x0000000090e00000, 0x0000000090e00000| Untracked 
| 271|0x0000000090f00000, 0x0000000090f00000, 0x0000000091000000|  0%| F|  |TAMS 0x0000000090f00000, 0x0000000090f00000| Untracked 
| 272|0x0000000091000000, 0x0000000091000000, 0x0000000091100000|  0%| F|  |TAMS 0x0000000091000000, 0x0000000091000000| Untracked 
| 273|0x0000000091100000, 0x0000000091100000, 0x0000000091200000|  0%| F|  |TAMS 0x0000000091100000, 0x0000000091100000| Untracked 
| 274|0x0000000091200000, 0x0000000091300000, 0x0000000091300000|100%| S|CS|TAMS 0x0000000091200000, 0x0000000091200000| Complete 
| 275|0x0000000091300000, 0x0000000091400000, 0x0000000091400000|100%| S|CS|TAMS 0x0000000091300000, 0x0000000091300000| Complete 
| 276|0x0000000091400000, 0x0000000091400000, 0x0000000091500000|  0%| F|  |TAMS 0x0000000091400000, 0x0000000091400000| Untracked 
| 277|0x0000000091500000, 0x0000000091500000, 0x0000000091600000|  0%| F|  |TAMS 0x0000000091500000, 0x0000000091500000| Untracked 
| 278|0x0000000091600000, 0x0000000091600000, 0x0000000091700000|  0%| F|  |TAMS 0x0000000091600000, 0x0000000091600000| Untracked 
| 279|0x0000000091700000, 0x0000000091700000, 0x0000000091800000|  0%| F|  |TAMS 0x0000000091700000, 0x0000000091700000| Untracked 
| 280|0x0000000091800000, 0x0000000091800000, 0x0000000091900000|  0%| F|  |TAMS 0x0000000091800000, 0x0000000091800000| Untracked 
| 281|0x0000000091900000, 0x0000000091900000, 0x0000000091a00000|  0%| F|  |TAMS 0x0000000091900000, 0x0000000091900000| Untracked 
| 282|0x0000000091a00000, 0x0000000091a00000, 0x0000000091b00000|  0%| F|  |TAMS 0x0000000091a00000, 0x0000000091a00000| Untracked 
| 283|0x0000000091b00000, 0x0000000091b00000, 0x0000000091c00000|  0%| F|  |TAMS 0x0000000091b00000, 0x0000000091b00000| Untracked 
| 284|0x0000000091c00000, 0x0000000091c00000, 0x0000000091d00000|  0%| F|  |TAMS 0x0000000091c00000, 0x0000000091c00000| Untracked 
| 285|0x0000000091d00000, 0x0000000091d00000, 0x0000000091e00000|  0%| F|  |TAMS 0x0000000091d00000, 0x0000000091d00000| Untracked 
| 286|0x0000000091e00000, 0x0000000091e00000, 0x0000000091f00000|  0%| F|  |TAMS 0x0000000091e00000, 0x0000000091e00000| Untracked 

Card table byte_map: [0x000001e3f1e60000,0x000001e3f2260000] _byte_map_base: 0x000001e3f1a60000

Marking Bits (Prev, Next): (CMBitMap*) 0x000001e3ede7d5c0, (CMBitMap*) 0x000001e3ede7d588
 Prev Bits: [0x000001e3f4660000, 0x000001e3f6660000)
 Next Bits: [0x000001e3f2660000, 0x000001e3f4660000)

Polling page: 0x000001e3ebe10000

Metaspace:

Usage:
  Non-class:    100.53 MB capacity,    98.76 MB ( 98%) used,     1.46 MB (  1%) free+waste,   312.38 KB ( <1%) overhead. 
      Class:     14.43 MB capacity,    13.52 MB ( 94%) used,   795.93 KB (  5%) free+waste,   135.69 KB ( <1%) overhead. 
       Both:    114.96 MB capacity,   112.28 MB ( 98%) used,     2.24 MB (  2%) free+waste,   448.06 KB ( <1%) overhead. 

Virtual space:
  Non-class space:      102.00 MB reserved,     100.58 MB ( 99%) committed 
      Class space:        1.00 GB reserved,      14.50 MB (  1%) committed 
             Both:        1.10 GB reserved,     115.08 MB ( 10%) committed 

Chunk freelists:
   Non-Class:  50.00 KB
       Class:  11.00 KB
        Both:  61.00 KB

MaxMetaspaceSize: 17179869184.00 GB
CompressedClassSpaceSize: 1.00 GB
Initial GC threshold: 20.80 MB
Current GC threshold: 190.96 MB
CDS: off

CodeHeap 'non-profiled nmethods': size=120064Kb used=8115Kb max_used=8115Kb free=111948Kb
 bounds [0x000001e387ac0000, 0x000001e3882b0000, 0x000001e38f000000]
CodeHeap 'profiled nmethods': size=120000Kb used=34161Kb max_used=34161Kb free=85838Kb
 bounds [0x000001e380590000, 0x000001e3826f0000, 0x000001e387ac0000]
CodeHeap 'non-nmethods': size=5696Kb used=1747Kb max_used=1781Kb free=3948Kb
 bounds [0x000001e380000000, 0x000001e380270000, 0x000001e380590000]
 total_blobs=16297 nmethods=15473 adapters=734
 compilation: enabled
              stopped_count=0, restarted_count=0
 full_count=0

Compilation events (20 events):
Event: 52.944 Thread 0x000001e3f8ead000 15816   !   2       com.google.gson.internal.ConstructorConstructor$3::construct (98 bytes)
Event: 52.945 Thread 0x000001e3f8ead000 nmethod 15816 0x000001e3826e7690 code [0x000001e3826e79c0, 0x000001e3826e84d8]
Event: 52.945 Thread 0x000001e3f8ead000 15818       2       android.databinding.tool.store.SetterStore$MultiValueAdapterKey::compareTo (9 bytes)
Event: 52.945 Thread 0x000001e3f8ead000 nmethod 15818 0x000001e3826e8d10 code [0x000001e3826e8ec0, 0x000001e3826e9008]
Event: 52.945 Thread 0x000001e3f8ead000 15817       2       android.databinding.tool.store.BindingAdapterStore::androidSupportArtifact (10 bytes)
Event: 52.946 Thread 0x000001e3f8ead000 nmethod 15817 0x000001e3826e9110 code [0x000001e3826e92c0, 0x000001e3826e93e8]
Event: 52.946 Thread 0x000001e3f8ead000 15808       2       com.google.gson.internal.$Gson$Types::getGenericSupertype (135 bytes)
Event: 52.947 Thread 0x000001e3f8ead000 nmethod 15808 0x000001e3826e9490 code [0x000001e3826e97e0, 0x000001e3826ea3f8]
Event: 52.949 Thread 0x000001e3f8ead000 15819       2       org.apache.xerces.util.ParserConfigurationSettings::checkProperty (45 bytes)
Event: 52.949 Thread 0x000001e3f8ead000 nmethod 15819 0x000001e3826eac10 code [0x000001e3826eade0, 0x000001e3826eb048]
Event: 52.953 Thread 0x000001e3f8ead000 15823       2       org.apache.xerces.util.XMLAttributesImpl::setNonNormalizedValue (25 bytes)
Event: 52.953 Thread 0x000001e3f8ead000 nmethod 15823 0x000001e3826eb210 code [0x000001e3826eb3c0, 0x000001e3826eb598]
Event: 53.147 Thread 0x000001e3f8ea6800 nmethod 15640 0x000001e3882a1410 code [0x000001e3882a2000, 0x000001e3882a8bb8]
Event: 53.147 Thread 0x000001e3f8ea6800 15643       4       com.sun.tools.javac.parser.JavaTokenizer::scanIdent (733 bytes)
Event: 53.194 Thread 0x000001e3f8ead000 15826       2       sun.nio.cs.StreamDecoder::<init> (23 bytes)
Event: 53.195 Thread 0x000001e3f8ead000 nmethod 15826 0x000001e3826eb710 code [0x000001e3826eb8e0, 0x000001e3826ebb38]
Event: 53.202 Thread 0x000001e3f8ead000 15827       2       com.google.common.collect.RegularImmutableMap::<init> (20 bytes)
Event: 53.203 Thread 0x000001e3f8ead000 nmethod 15827 0x000001e3826ebc90 code [0x000001e3826ebe40, 0x000001e3826ebff8]
Event: 53.203 Thread 0x000001e3f8ead000 15828       2       com.google.common.collect.Hashing::closedTableSize (37 bytes)
Event: 53.203 Thread 0x000001e3f8ead000 nmethod 15828 0x000001e3826ec090 code [0x000001e3826ec240, 0x000001e3826ec3c8]

GC Heap History (20 events):
Event: 51.960 GC heap after
{Heap after GC invocations=76 (full 0):
 garbage-first heap   total 239616K, used 190080K [0x0000000080000000, 0x0000000100000000)
  region size 1024K, 2 young (2048K), 2 survivors (2048K)
 Metaspace       used 113601K, capacity 116435K, committed 116688K, reserved 1150976K
  class space    used 13741K, capacity 14696K, committed 14720K, reserved 1048576K
}
Event: 52.040 GC heap before
{Heap before GC invocations=76 (full 0):
 garbage-first heap   total 239616K, used 202368K [0x0000000080000000, 0x0000000100000000)
  region size 1024K, 14 young (14336K), 2 survivors (2048K)
 Metaspace       used 113692K, capacity 116503K, committed 116688K, reserved 1150976K
  class space    used 13742K, capacity 14696K, committed 14720K, reserved 1048576K
}
Event: 52.054 GC heap after
{Heap after GC invocations=77 (full 0):
 garbage-first heap   total 239616K, used 190860K [0x0000000080000000, 0x0000000100000000)
  region size 1024K, 1 young (1024K), 1 survivors (1024K)
 Metaspace       used 113692K, capacity 116503K, committed 116688K, reserved 1150976K
  class space    used 13742K, capacity 14696K, committed 14720K, reserved 1048576K
}
Event: 52.136 GC heap before
{Heap before GC invocations=77 (full 0):
 garbage-first heap   total 239616K, used 204172K [0x0000000080000000, 0x0000000100000000)
  region size 1024K, 14 young (14336K), 1 survivors (1024K)
 Metaspace       used 113784K, capacity 116570K, committed 116688K, reserved 1150976K
  class space    used 13746K, capacity 14697K, committed 14720K, reserved 1048576K
}
Event: 52.138 GC heap after
{Heap after GC invocations=78 (full 0):
 garbage-first heap   total 239616K, used 191313K [0x0000000080000000, 0x0000000100000000)
  region size 1024K, 1 young (1024K), 1 survivors (1024K)
 Metaspace       used 113784K, capacity 116570K, committed 116688K, reserved 1150976K
  class space    used 13746K, capacity 14697K, committed 14720K, reserved 1048576K
}
Event: 52.216 GC heap before
{Heap before GC invocations=78 (full 0):
 garbage-first heap   total 239616K, used 205649K [0x0000000080000000, 0x0000000100000000)
  region size 1024K, 15 young (15360K), 1 survivors (1024K)
 Metaspace       used 113870K, capacity 116640K, committed 116688K, reserved 1150976K
  class space    used 13746K, capacity 14697K, committed 14720K, reserved 1048576K
}
Event: 52.218 GC heap after
{Heap after GC invocations=79 (full 0):
 garbage-first heap   total 239616K, used 191874K [0x0000000080000000, 0x0000000100000000)
  region size 1024K, 2 young (2048K), 2 survivors (2048K)
 Metaspace       used 113870K, capacity 116640K, committed 116688K, reserved 1150976K
  class space    used 13746K, capacity 14697K, committed 14720K, reserved 1048576K
}
Event: 52.526 GC heap before
{Heap before GC invocations=80 (full 0):
 garbage-first heap   total 239616K, used 206210K [0x0000000080000000, 0x0000000100000000)
  region size 1024K, 16 young (16384K), 2 survivors (2048K)
 Metaspace       used 114506K, capacity 117301K, committed 117584K, reserved 1153024K
  class space    used 13809K, capacity 14766K, committed 14848K, reserved 1048576K
}
Event: 52.532 GC heap after
{Heap after GC invocations=81 (full 0):
 garbage-first heap   total 239616K, used 192592K [0x0000000080000000, 0x0000000100000000)
  region size 1024K, 2 young (2048K), 2 survivors (2048K)
 Metaspace       used 114506K, capacity 117301K, committed 117584K, reserved 1153024K
  class space    used 13809K, capacity 14766K, committed 14848K, reserved 1048576K
}
Event: 52.690 GC heap before
{Heap before GC invocations=81 (full 0):
 garbage-first heap   total 239616K, used 201808K [0x0000000080000000, 0x0000000100000000)
  region size 1024K, 11 young (11264K), 2 survivors (2048K)
 Metaspace       used 114822K, capacity 117583K, committed 117840K, reserved 1153024K
  class space    used 13841K, capacity 14773K, committed 14848K, reserved 1048576K
}
Event: 52.697 GC heap after
{Heap after GC invocations=82 (full 0):
 garbage-first heap   total 239616K, used 193504K [0x0000000080000000, 0x0000000100000000)
  region size 1024K, 2 young (2048K), 2 survivors (2048K)
 Metaspace       used 114822K, capacity 117583K, committed 117840K, reserved 1153024K
  class space    used 13841K, capacity 14773K, committed 14848K, reserved 1048576K
}
Event: 52.811 GC heap before
{Heap before GC invocations=82 (full 0):
 garbage-first heap   total 239616K, used 207840K [0x0000000080000000, 0x0000000100000000)
  region size 1024K, 16 young (16384K), 2 survivors (2048K)
 Metaspace       used 114870K, capacity 117649K, committed 117840K, reserved 1153024K
  class space    used 13841K, capacity 14773K, committed 14848K, reserved 1048576K
}
Event: 52.824 GC heap after
{Heap after GC invocations=83 (full 0):
 garbage-first heap   total 293888K, used 195730K [0x0000000080000000, 0x0000000100000000)
  region size 1024K, 2 young (2048K), 2 survivors (2048K)
 Metaspace       used 114870K, capacity 117649K, committed 117840K, reserved 1153024K
  class space    used 13841K, capacity 14773K, committed 14848K, reserved 1048576K
}
Event: 53.021 GC heap before
{Heap before GC invocations=83 (full 0):
 garbage-first heap   total 293888K, used 226450K [0x0000000080000000, 0x0000000100000000)
  region size 1024K, 32 young (32768K), 2 survivors (2048K)
 Metaspace       used 114973K, capacity 117715K, committed 117840K, reserved 1153024K
  class space    used 13841K, capacity 14773K, committed 14848K, reserved 1048576K
}
Event: 53.040 GC heap after
{Heap after GC invocations=84 (full 0):
 garbage-first heap   total 293888K, used 209488K [0x0000000080000000, 0x0000000100000000)
  region size 1024K, 4 young (4096K), 4 survivors (4096K)
 Metaspace       used 114973K, capacity 117715K, committed 117840K, reserved 1153024K
  class space    used 13841K, capacity 14773K, committed 14848K, reserved 1048576K
}
Event: 53.089 GC heap before
{Heap before GC invocations=84 (full 0):
 garbage-first heap   total 293888K, used 233040K [0x0000000080000000, 0x0000000100000000)
  region size 1024K, 27 young (27648K), 4 survivors (4096K)
 Metaspace       used 114973K, capacity 117715K, committed 117840K, reserved 1153024K
  class space    used 13841K, capacity 14773K, committed 14848K, reserved 1048576K
}
Event: 53.146 GC heap after
{Heap after GC invocations=85 (full 0):
 garbage-first heap   total 293888K, used 230031K [0x0000000080000000, 0x0000000100000000)
  region size 1024K, 4 young (4096K), 4 survivors (4096K)
 Metaspace       used 114973K, capacity 117715K, committed 117840K, reserved 1153024K
  class space    used 13841K, capacity 14773K, committed 14848K, reserved 1048576K
}
Event: 53.164 GC heap before
{Heap before GC invocations=85 (full 0):
 garbage-first heap   total 293888K, used 243343K [0x0000000080000000, 0x0000000100000000)
  region size 1024K, 17 young (17408K), 4 survivors (4096K)
 Metaspace       used 114973K, capacity 117715K, committed 117840K, reserved 1153024K
  class space    used 13841K, capacity 14773K, committed 14848K, reserved 1048576K
}
Event: 53.178 GC heap after
{Heap after GC invocations=86 (full 0):
 garbage-first heap   total 293888K, used 240128K [0x0000000080000000, 0x0000000100000000)
  region size 1024K, 3 young (3072K), 3 survivors (3072K)
 Metaspace       used 114973K, capacity 117715K, committed 117840K, reserved 1153024K
  class space    used 13841K, capacity 14773K, committed 14848K, reserved 1048576K
}
Event: 53.205 GC heap before
{Heap before GC invocations=86 (full 0):
 garbage-first heap   total 293888K, used 251392K [0x0000000080000000, 0x0000000100000000)
  region size 1024K, 14 young (14336K), 3 survivors (3072K)
 Metaspace       used 114974K, capacity 117715K, committed 117840K, reserved 1153024K
  class space    used 13841K, capacity 14773K, committed 14848K, reserved 1048576K
}

Deoptimization events (20 events):
Event: 52.703 Thread 0x000001e3fc61f800 DEOPT PACKING pc=0x000001e38205dbc5 sp=0x00000091ad6fc110
Event: 52.703 Thread 0x000001e3fc61f800 DEOPT UNPACKING pc=0x000001e38004a95e sp=0x00000091ad6fb5b8 mode 0
Event: 52.708 Thread 0x000001e3fc61f800 DEOPT PACKING pc=0x000001e38205dbc5 sp=0x00000091ad6fc110
Event: 52.708 Thread 0x000001e3fc61f800 DEOPT UNPACKING pc=0x000001e38004a95e sp=0x00000091ad6fb5b8 mode 0
Event: 52.715 Thread 0x000001e3fc61f800 DEOPT PACKING pc=0x000001e38205dbc5 sp=0x00000091ad6fc110
Event: 52.715 Thread 0x000001e3fc61f800 DEOPT UNPACKING pc=0x000001e38004a95e sp=0x00000091ad6fb5b8 mode 0
Event: 52.720 Thread 0x000001e3fc61f800 DEOPT PACKING pc=0x000001e38205dbc5 sp=0x00000091ad6fc110
Event: 52.720 Thread 0x000001e3fc61f800 DEOPT UNPACKING pc=0x000001e38004a95e sp=0x00000091ad6fb5b8 mode 0
Event: 52.809 Thread 0x000001e3fc61f800 DEOPT PACKING pc=0x000001e3821fdd43 sp=0x00000091ad6fa630
Event: 52.809 Thread 0x000001e3fc61f800 DEOPT UNPACKING pc=0x000001e38004a95e sp=0x00000091ad6f9b40 mode 0
Event: 52.864 Thread 0x000001e3fc61f800 Uncommon trap: trap_request=0xffffffde fr.pc=0x000001e388191b38 relative=0x0000000000000c98
Event: 52.864 Thread 0x000001e3fc61f800 Uncommon trap: reason=class_check action=maybe_recompile pc=0x000001e388191b38 method=java.util.HashMap.computeIfAbsent(Ljava/lang/Object;Ljava/util/function/Function;)Ljava/lang/Object; @ 142 c2
Event: 52.864 Thread 0x000001e3fc61f800 DEOPT PACKING pc=0x000001e388191b38 sp=0x00000091ad6fa0b0
Event: 52.864 Thread 0x000001e3fc61f800 DEOPT UNPACKING pc=0x000001e38004a1af sp=0x00000091ad6fa060 mode 2
Event: 52.865 Thread 0x000001e3fc61f800 Uncommon trap: trap_request=0xffffffde fr.pc=0x000001e388191b38 relative=0x0000000000000c98
Event: 52.865 Thread 0x000001e3fc61f800 Uncommon trap: reason=class_check action=maybe_recompile pc=0x000001e388191b38 method=java.util.HashMap.computeIfAbsent(Ljava/lang/Object;Ljava/util/function/Function;)Ljava/lang/Object; @ 142 c2
Event: 52.865 Thread 0x000001e3fc61f800 DEOPT PACKING pc=0x000001e388191b38 sp=0x00000091ad6fa0b0
Event: 52.865 Thread 0x000001e3fc61f800 DEOPT UNPACKING pc=0x000001e38004a1af sp=0x00000091ad6fa060 mode 2
Event: 52.950 Thread 0x000001e3fc61f800 DEOPT PACKING pc=0x000001e38159b5a0 sp=0x00000091ad6fbbe0
Event: 52.950 Thread 0x000001e3fc61f800 DEOPT UNPACKING pc=0x000001e38004a95e sp=0x00000091ad6fb1a8 mode 0

Classes redefined (0 events):
No events

Internal exceptions (20 events):
Event: 52.510 Thread 0x000001e3fc61f800 Exception <a 'sun/nio/fs/WindowsException'{0x000000008dd6c2d8}> (0x000000008dd6c2d8) thrown at [./src/hotspot/share/prims/jni.cpp, line 616]
Event: 52.513 Thread 0x000001e3fc61f800 Exception <a 'sun/nio/fs/WindowsException'{0x000000008dd82ad8}> (0x000000008dd82ad8) thrown at [./src/hotspot/share/prims/jni.cpp, line 616]
Event: 52.513 Thread 0x000001e3fc61f800 Exception <a 'sun/nio/fs/WindowsException'{0x000000008dd835a0}> (0x000000008dd835a0) thrown at [./src/hotspot/share/prims/jni.cpp, line 616]
Event: 52.521 Thread 0x000001e3fc61f800 Exception <a 'sun/nio/fs/WindowsException'{0x000000008dc59c38}> (0x000000008dc59c38) thrown at [./src/hotspot/share/prims/jni.cpp, line 616]
Event: 52.521 Thread 0x000001e3fc61f800 Exception <a 'sun/nio/fs/WindowsException'{0x000000008dc5a6f8}> (0x000000008dc5a6f8) thrown at [./src/hotspot/share/prims/jni.cpp, line 616]
Event: 52.535 Thread 0x000001e3fc61f800 Exception <a 'sun/nio/fs/WindowsException'{0x000000008e982780}> (0x000000008e982780) thrown at [./src/hotspot/share/prims/jni.cpp, line 616]
Event: 52.535 Thread 0x000001e3fc61f800 Exception <a 'sun/nio/fs/WindowsException'{0x000000008e983240}> (0x000000008e983240) thrown at [./src/hotspot/share/prims/jni.cpp, line 616]
Event: 52.567 Thread 0x000001e3fc61f800 Exception <a 'sun/nio/fs/WindowsException'{0x000000008e86e6c0}> (0x000000008e86e6c0) thrown at [./src/hotspot/share/prims/jni.cpp, line 616]
Event: 52.567 Thread 0x000001e3fc61f800 Exception <a 'sun/nio/fs/WindowsException'{0x000000008e86f388}> (0x000000008e86f388) thrown at [./src/hotspot/share/prims/jni.cpp, line 616]
Event: 52.567 Thread 0x000001e3fc61f800 Exception <a 'sun/nio/fs/WindowsException'{0x000000008e8704f8}> (0x000000008e8704f8) thrown at [./src/hotspot/share/prims/jni.cpp, line 616]
Event: 52.567 Thread 0x000001e3fc61f800 Exception <a 'sun/nio/fs/WindowsException'{0x000000008e870d60}> (0x000000008e870d60) thrown at [./src/hotspot/share/prims/jni.cpp, line 616]
Event: 52.567 Thread 0x000001e3fc61f800 Exception <a 'sun/nio/fs/WindowsException'{0x000000008e8717c8}> (0x000000008e8717c8) thrown at [./src/hotspot/share/prims/jni.cpp, line 616]
Event: 52.567 Thread 0x000001e3fc61f800 Exception <a 'sun/nio/fs/WindowsException'{0x000000008e871848}> (0x000000008e871848) thrown at [./src/hotspot/share/prims/jni.cpp, line 616]
Event: 52.568 Thread 0x000001e3fc61f800 Exception <a 'sun/nio/fs/WindowsException'{0x000000008e872ac0}> (0x000000008e872ac0) thrown at [./src/hotspot/share/prims/jni.cpp, line 616]
Event: 52.572 Thread 0x000001e3fc61f800 Exception <a 'sun/nio/fs/WindowsException'{0x000000008e89a7f8}> (0x000000008e89a7f8) thrown at [./src/hotspot/share/prims/jni.cpp, line 616]
Event: 52.572 Thread 0x000001e3fc61f800 Exception <a 'sun/nio/fs/WindowsException'{0x000000008e89b270}> (0x000000008e89b270) thrown at [./src/hotspot/share/prims/jni.cpp, line 616]
Event: 52.595 Thread 0x000001e3fc61f800 Exception <a 'sun/nio/fs/WindowsException'{0x000000008e5eaf18}> (0x000000008e5eaf18) thrown at [./src/hotspot/share/prims/jni.cpp, line 616]
Event: 52.596 Thread 0x000001e3fc61f800 Exception <a 'sun/nio/fs/WindowsException'{0x000000008e5eb9b8}> (0x000000008e5eb9b8) thrown at [./src/hotspot/share/prims/jni.cpp, line 616]
Event: 52.600 Thread 0x000001e3fc61f800 Exception <a 'sun/nio/fs/WindowsException'{0x000000008e416660}> (0x000000008e416660) thrown at [./src/hotspot/share/prims/jni.cpp, line 616]
Event: 52.600 Thread 0x000001e3fc61f800 Exception <a 'sun/nio/fs/WindowsException'{0x000000008e417100}> (0x000000008e417100) thrown at [./src/hotspot/share/prims/jni.cpp, line 616]

Events (20 events):
Event: 52.616 loading class kotlin/sequences/TransformingSequence done
Event: 52.617 loading class kotlin/sequences/TransformingSequence$iterator$1
Event: 52.617 loading class kotlin/sequences/TransformingSequence$iterator$1 done
Event: 52.617 loading class kotlin/text/DelimitedRangesSequence$iterator$1
Event: 52.617 loading class kotlin/text/DelimitedRangesSequence$iterator$1 done
Event: 52.618 loading class org/jetbrains/kotlin/kapt3/base/javac/KaptJavaLog$writeDiagnostic$formattedMessage$1
Event: 52.618 loading class org/jetbrains/kotlin/kapt3/base/javac/KaptJavaLog$writeDiagnostic$formattedMessage$1 done
Event: 52.631 loading class com/sun/tools/javac/code/Symtab
Event: 52.631 loading class com/sun/tools/javac/code/Symtab done
Event: 52.690 Executing VM operation: G1CollectForAllocation
Event: 52.697 Executing VM operation: G1CollectForAllocation done
Event: 52.811 Executing VM operation: G1CollectForAllocation
Event: 52.824 Executing VM operation: G1CollectForAllocation done
Event: 53.020 Executing VM operation: G1CollectForAllocation
Event: 53.040 Executing VM operation: G1CollectForAllocation done
Event: 53.089 Executing VM operation: G1CollectForAllocation
Event: 53.146 Executing VM operation: G1CollectForAllocation done
Event: 53.163 Executing VM operation: G1CollectForAllocation
Event: 53.178 Executing VM operation: G1CollectForAllocation done
Event: 53.205 Executing VM operation: G1CollectForAllocation


Dynamic libraries:
0x00007ff7be130000 - 0x00007ff7be13a000 	C:\Program Files\Android\Android Studio1\jre\bin\java.exe
0x00007ffe5e210000 - 0x00007ffe5e424000 	C:\WINDOWS\SYSTEM32\ntdll.dll
0x00007ffe5d7d0000 - 0x00007ffe5d892000 	C:\WINDOWS\System32\KERNEL32.DLL
0x00007ffe5b900000 - 0x00007ffe5bc9d000 	C:\WINDOWS\System32\KERNELBASE.dll
0x00007ffe5bef0000 - 0x00007ffe5c001000 	C:\WINDOWS\System32\ucrtbase.dll
0x00007ffe48300000 - 0x00007ffe48319000 	C:\Program Files\Android\Android Studio1\jre\bin\jli.dll
0x00007ffe347c0000 - 0x00007ffe347d7000 	C:\Program Files\Android\Android Studio1\jre\bin\VCRUNTIME140.dll
0x00007ffe5ddd0000 - 0x00007ffe5df7a000 	C:\WINDOWS\System32\USER32.dll
0x00007ffe5b8d0000 - 0x00007ffe5b8f6000 	C:\WINDOWS\System32\win32u.dll
0x00007ffe5df80000 - 0x00007ffe5dfa9000 	C:\WINDOWS\System32\GDI32.dll
0x00007ffe5b7b0000 - 0x00007ffe5b8c2000 	C:\WINDOWS\System32\gdi32full.dll
0x00007ffe5be50000 - 0x00007ffe5beea000 	C:\WINDOWS\System32\msvcp_win.dll
0x00007ffe43ef0000 - 0x00007ffe4417e000 	C:\WINDOWS\WinSxS\amd64_microsoft.windows.common-controls_6595b64144ccf1df_6.0.22621.608_none_a9444ca7c10bb01d\COMCTL32.dll
0x00007ffe5d8a0000 - 0x00007ffe5d947000 	C:\WINDOWS\System32\msvcrt.dll
0x00007ffe5dba0000 - 0x00007ffe5dbd2000 	C:\WINDOWS\System32\IMM32.DLL
0x00007ffe24fa0000 - 0x00007ffe2503d000 	C:\Program Files\Android\Android Studio1\jre\bin\msvcp140.dll
0x00007ffe1ff20000 - 0x00007ffe20a22000 	C:\Program Files\Android\Android Studio1\jre\bin\server\jvm.dll
0x00007ffe5e120000 - 0x00007ffe5e1ce000 	C:\WINDOWS\System32\ADVAPI32.dll
0x00007ffe5dd20000 - 0x00007ffe5ddc4000 	C:\WINDOWS\System32\sechost.dll
0x00007ffe5d440000 - 0x00007ffe5d555000 	C:\WINDOWS\System32\RPCRT4.dll
0x00007ffe5d430000 - 0x00007ffe5d438000 	C:\WINDOWS\System32\PSAPI.DLL
0x00007ffe54520000 - 0x00007ffe54554000 	C:\WINDOWS\SYSTEM32\WINMM.dll
0x00007ffe53000000 - 0x00007ffe5300a000 	C:\WINDOWS\SYSTEM32\VERSION.dll
0x00007ffe51850000 - 0x00007ffe51859000 	C:\WINDOWS\SYSTEM32\WSOCK32.dll
0x00007ffe5d740000 - 0x00007ffe5d7b1000 	C:\WINDOWS\System32\WS2_32.dll
0x00007ffe5a6b0000 - 0x00007ffe5a6c8000 	C:\WINDOWS\SYSTEM32\kernel.appcore.dll
0x00007ffe3c140000 - 0x00007ffe3c151000 	C:\Program Files\Android\Android Studio1\jre\bin\verify.dll
0x00007ffe49c40000 - 0x00007ffe49e6e000 	C:\WINDOWS\SYSTEM32\DBGHELP.DLL
0x00007ffe5c0f0000 - 0x00007ffe5c47a000 	C:\WINDOWS\System32\combase.dll
0x00007ffe5d560000 - 0x00007ffe5d637000 	C:\WINDOWS\System32\OLEAUT32.dll
0x00007ffe45630000 - 0x00007ffe45662000 	C:\WINDOWS\SYSTEM32\dbgcore.DLL
0x00007ffe5bdd0000 - 0x00007ffe5be4b000 	C:\WINDOWS\System32\bcryptPrimitives.dll
0x00007ffe3c110000 - 0x00007ffe3c139000 	C:\Program Files\Android\Android Studio1\jre\bin\java.dll
0x00007ffe462d0000 - 0x00007ffe462db000 	C:\Program Files\Android\Android Studio1\jre\bin\jimage.dll
0x00007ffe3c0f0000 - 0x00007ffe3c108000 	C:\Program Files\Android\Android Studio1\jre\bin\zip.dll
0x00007ffe5ca70000 - 0x00007ffe5d250000 	C:\WINDOWS\System32\SHELL32.dll
0x00007ffe59680000 - 0x00007ffe59f45000 	C:\WINDOWS\SYSTEM32\windows.storage.dll
0x00007ffe59540000 - 0x00007ffe5967e000 	C:\WINDOWS\SYSTEM32\wintypes.dll
0x00007ffe5c970000 - 0x00007ffe5ca61000 	C:\WINDOWS\System32\SHCORE.dll
0x00007ffe5d950000 - 0x00007ffe5d9ae000 	C:\WINDOWS\System32\shlwapi.dll
0x00007ffe5b570000 - 0x00007ffe5b591000 	C:\WINDOWS\SYSTEM32\profapi.dll
0x00007ffe3b3b0000 - 0x00007ffe3b3ca000 	C:\Program Files\Android\Android Studio1\jre\bin\net.dll
0x00007ffe557a0000 - 0x00007ffe558cf000 	C:\WINDOWS\SYSTEM32\WINHTTP.dll
0x00007ffe5ab10000 - 0x00007ffe5ab79000 	C:\WINDOWS\system32\mswsock.dll
0x00007ffe3b390000 - 0x00007ffe3b3a4000 	C:\Program Files\Android\Android Studio1\jre\bin\nio.dll
0x00007ffe437d0000 - 0x00007ffe437f7000 	C:\Users\am532\AndroidStudioProjects\ColorMyViews\native\e1d6ef7f7dcc3fd88c89a11ec53ec762bb8ba0a96d01ffa2cd45eb1d1d8dd5c5\windows-amd64\native-platform.dll
0x00007ffe20ba0000 - 0x00007ffe20ce4000 	C:\Users\am532\AndroidStudioProjects\ColorMyViews\native\0d407fdbe67a94daf76414ababcb853783967236a71b16ec16e742cd7a986fd3\windows-amd64\native-platform-file-events.dll
0x00007ffe3e700000 - 0x00007ffe3e70a000 	C:\Program Files\Android\Android Studio1\jre\bin\management.dll
0x00007ffe3de70000 - 0x00007ffe3de7d000 	C:\Program Files\Android\Android Studio1\jre\bin\management_ext.dll
0x00007ffe5ad60000 - 0x00007ffe5ad7b000 	C:\WINDOWS\SYSTEM32\CRYPTSP.dll
0x00007ffe5a620000 - 0x00007ffe5a655000 	C:\WINDOWS\system32\rsaenh.dll
0x00007ffe5ac00000 - 0x00007ffe5ac28000 	C:\WINDOWS\SYSTEM32\USERENV.dll
0x00007ffe5af80000 - 0x00007ffe5afa8000 	C:\WINDOWS\SYSTEM32\bcrypt.dll
0x00007ffe5ad50000 - 0x00007ffe5ad5c000 	C:\WINDOWS\SYSTEM32\CRYPTBASE.dll
0x00007ffe5a1a0000 - 0x00007ffe5a1cd000 	C:\WINDOWS\SYSTEM32\IPHLPAPI.DLL
0x00007ffe5d7c0000 - 0x00007ffe5d7c9000 	C:\WINDOWS\System32\NSI.dll
0x00007ffe53050000 - 0x00007ffe53069000 	C:\WINDOWS\SYSTEM32\dhcpcsvc6.DLL
0x00007ffe52e20000 - 0x00007ffe52e3f000 	C:\WINDOWS\SYSTEM32\dhcpcsvc.DLL
0x00007ffe5a210000 - 0x00007ffe5a302000 	C:\WINDOWS\SYSTEM32\DNSAPI.dll
0x00007ffe5a6d0000 - 0x00007ffe5a704000 	C:\WINDOWS\SYSTEM32\ntmarta.dll
0x00007ffe438d0000 - 0x00007ffe438d8000 	C:\Program Files\Android\Android Studio1\jre\bin\rmi.dll
0x0000000070bc0000 - 0x0000000070c9c000 	C:\Users\am532\AppData\Local\Temp\sqlite-3.36.0-336a87bd-33b3-456f-b86b-60ae3ff1eb85-sqlitejdbc.dll

dbghelp: loaded successfully - version: 4.0.5 - missing functions: none
symbol engine: initialized successfully - sym options: 0x614 - pdb path: .;C:\Program Files\Android\Android Studio1\jre\bin;C:\WINDOWS\SYSTEM32;C:\WINDOWS\WinSxS\amd64_microsoft.windows.common-controls_6595b64144ccf1df_6.0.22621.608_none_a9444ca7c10bb01d;C:\Program Files\Android\Android Studio1\jre\bin\server;C:\Users\am532\AndroidStudioProjects\ColorMyViews\native\e1d6ef7f7dcc3fd88c89a11ec53ec762bb8ba0a96d01ffa2cd45eb1d1d8dd5c5\windows-amd64;C:\Users\am532\AndroidStudioProjects\ColorMyViews\native\0d407fdbe67a94daf76414ababcb853783967236a71b16ec16e742cd7a986fd3\windows-amd64;C:\Users\am532\AppData\Local\Temp

VM Arguments:
jvm_args: --add-opens=java.base/java.util=ALL-UNNAMED --add-opens=java.base/java.lang=ALL-UNNAMED --add-opens=java.base/java.lang.invoke=ALL-UNNAMED --add-opens=java.base/java.util=ALL-UNNAMED --add-opens=java.prefs/java.util.prefs=ALL-UNNAMED --add-opens=java.prefs/java.util.prefs=ALL-UNNAMED --add-opens=java.base/java.nio.charset=ALL-UNNAMED --add-opens=java.base/java.net=ALL-UNNAMED --add-opens=java.base/java.util.concurrent.atomic=ALL-UNNAMED -Xmx2048m -Dfile.encoding=UTF-8 -Duser.country=CO -Duser.language=es -Duser.variant 
java_command: org.gradle.launcher.daemon.bootstrap.GradleDaemon 7.4
java_class_path (initial): C:\Users\am532\AndroidStudioProjects\ColorMyViews\wrapper\dists\gradle-7.4-bin\c0gwcg53nkjbqw7r0h0umtfvt\gradle-7.4\lib\gradle-launcher-7.4.jar
Launcher Type: SUN_STANDARD

[Global flags]
     intx CICompilerCount                          = 3                                         {product} {ergonomic}
     uint ConcGCThreads                            = 2                                         {product} {ergonomic}
     uint G1ConcRefinementThreads                  = 6                                         {product} {ergonomic}
   size_t G1HeapRegionSize                         = 1048576                                   {product} {ergonomic}
    uintx GCDrainStackTargetSize                   = 64                                        {product} {ergonomic}
   size_t InitialHeapSize                          = 56623104                                  {product} {ergonomic}
   size_t MarkStackSize                            = 4194304                                   {product} {ergonomic}
   size_t MaxHeapSize                              = 2147483648                                {product} {command line}
   size_t MaxNewSize                               = 1287651328                                {product} {ergonomic}
   size_t MinHeapDeltaBytes                        = 1048576                                   {product} {ergonomic}
    uintx NonNMethodCodeHeapSize                   = 5830732                                {pd product} {ergonomic}
    uintx NonProfiledCodeHeapSize                  = 122913754                              {pd product} {ergonomic}
    uintx ProfiledCodeHeapSize                     = 122913754                              {pd product} {ergonomic}
    uintx ReservedCodeCacheSize                    = 251658240                              {pd product} {ergonomic}
     bool SegmentedCodeCache                       = true                                      {product} {ergonomic}
     bool UseCompressedClassPointers               = true                                 {lp64_product} {ergonomic}
     bool UseCompressedOops                        = true                                 {lp64_product} {ergonomic}
     bool UseG1GC                                  = true                                      {product} {ergonomic}
     bool UseLargePagesIndividualAllocation        = false                                  {pd product} {ergonomic}

Logging:
Log output configuration:
 #0: stdout all=warning uptime,level,tags
 #1: stderr all=off uptime,level,tags

Environment Variables:
PATH=C:\Program Files\Common Files\Oracle\Java\javapath;C:\WINDOWS\system32;C:\WINDOWS;C:\WINDOWS\System32\Wbem;C:\WINDOWS\System32\WindowsPowerShell\v1.0\;C:\WINDOWS\System32\OpenSSH\;C:\ProgramData\chocolatey\bin;C:\Program Files\nodejs\;C:\Users\am532\Git\cmd;C:\Program Files\GitHub CLI\;C:\Users\am532\AppData\Local\Microsoft\WindowsApps;C:\Users\am532\AppData\Local\Programs\Microsoft VS Code\bin;C:\php8;C:\Users\am532\AppData\Roaming\npm;C:\Python310;C:\Program Files\Java\jdk-18.0.1.1\bin;;C:\Program Files\JetBrains\IntelliJ IDEA Community Edition 2022.1.2\bin;
USERNAME=am532
OS=Windows_NT
PROCESSOR_IDENTIFIER=AMD64 Family 23 Model 96 Stepping 1, AuthenticAMD



---------------  S Y S T E M  ---------------

OS: Windows 11 , 64 bit Build 22621 (10.0.22621.755)
OS uptime: 0 days 4:32 hours

CPU:total 6 (initial active 6) (6 cores per cpu, 1 threads per core) family 23 model 96 stepping 1 microcode 0x0, cmov, cx8, fxsr, mmx, sse, sse2, sse3, ssse3, sse4.1, sse4.2, popcnt, avx, avx2, aes, clmul, mmxext, 3dnowpref, lzcnt, sse4a, tsc, tscinvbit, tscinv, bmi1, bmi2, adx, sha, fma

Memory: 4k page, system-wide physical 3445M (140M free)
TotalPageFile size 14197M (AvailPageFile size 2M)
current process WorkingSet (physical memory assigned to process): 392M, peak: 436M
current process commit charge ("private bytes"): 959M, peak: 959M

vm_info: OpenJDK 64-Bit Server VM (11.0.13+0-b1751.21-8125866) for windows-amd64 JRE (11.0.13+0-b1751.21-8125866), built on Feb  2 2022 03:00:22 by "builder" with MS VC++ 14.0 (VS2015)

END.
