#
# There is insufficient memory for the Java Runtime Environment to continue.
# Native memory allocation (mmap) failed to map 652214272 bytes for Failed to commit area from 0x0000000093700000 to 0x00000000ba500000 of length 652214272.
# Possible reasons:
#   The system is out of physical RAM or swap space
#   The process is running with CompressedOops enabled, and the Java Heap may be blocking the growth of the native heap
# Possible solutions:
#   Reduce memory load on the system
#   Increase physical memory or swap space
#   Check if swap backing store is full
#   Decrease Java heap size (-Xmx/-Xms)
#   Decrease number of Java threads
#   Decrease Java thread stack sizes (-Xss)
#   Set larger code cache with -XX:ReservedCodeCacheSize=
#   JVM is running with Unscaled Compressed Oops mode in which the Java heap is
#     placed in the first 4GB address space. The Java Heap base address is the
#     maximum limit for the native heap growth. Please use -XX:HeapBaseMinAddress
#     to set the Java Heap base and to place the Java Heap above 4GB virtual address.
# This output file may be truncated or incomplete.
#
#  Out of Memory Error (./src/hotspot/os/windows/os_windows.cpp:3619), pid=10004, tid=16800
#
# JRE version: OpenJDK Runtime Environment (11.0.13) (build 11.0.13+0-b1751.21-8125866)
# Java VM: OpenJDK 64-Bit Server VM (11.0.13+0-b1751.21-8125866, mixed mode, tiered, compressed oops, g1 gc, windows-amd64)
# No core dump will be written. Minidumps are not enabled by default on client versions of Windows
#

---------------  S U M M A R Y ------------

Command Line: --add-opens=java.base/java.util=ALL-UNNAMED --add-opens=java.base/java.lang=ALL-UNNAMED --add-opens=java.base/java.lang.invoke=ALL-UNNAMED --add-opens=java.base/java.util=ALL-UNNAMED --add-opens=java.prefs/java.util.prefs=ALL-UNNAMED --add-opens=java.prefs/java.util.prefs=ALL-UNNAMED --add-opens=java.base/java.nio.charset=ALL-UNNAMED --add-opens=java.base/java.net=ALL-UNNAMED --add-opens=java.base/java.util.concurrent.atomic=ALL-UNNAMED -Xmx2048m -Dfile.encoding=UTF-8 -Duser.country=CO -Duser.language=es -Duser.variant org.gradle.launcher.daemon.bootstrap.GradleDaemon 7.4

Host: AMD Ryzen 5 4500U with Radeon Graphics         , 6 cores, 3G,  Windows 11 , 64 bit Build 22621 (10.0.22621.755)
Time: Tue Nov 29 19:00:36 2022 Hora est. Pacífico, Sudamérica elapsed time: 25.855377 seconds (0d 0h 0m 25s)

---------------  T H R E A D  ---------------

Current thread (0x000002c2c68e3800):  VMThread "VM Thread" [stack: 0x000000d506700000,0x000000d506800000] [id=16800]

Stack: [0x000000d506700000,0x000000d506800000]
[error occurred during error reporting (printing stack bounds), id 0xc0000005, EXCEPTION_ACCESS_VIOLATION (0xc0000005) at pc=0x000002c2b03d112d]

Native frames: (J=compiled Java code, j=interpreted, Vv=VM code, C=native code)
V  [jvm.dll+0x6100fa]
V  [jvm.dll+0x747090]
V  [jvm.dll+0x7486ad]
V  [jvm.dll+0x748ce5]
V  [jvm.dll+0x748c9b]
V  [jvm.dll+0x60f224]
V  [jvm.dll+0x60f9b8]
C  [ntdll.dll+0xa3eaf]
C  [ntdll.dll+0x1eae6]
C  [ntdll.dll+0xa2e9e]
C  0x000002c2b03d112d

VM_Operation (0x000000d50d3fb7d0): G1CollectForAllocation, mode: safepoint, requested by thread 0x000002c2cd6e0800


---------------  P R O C E S S  ---------------

Threads class SMR info:
_java_thread_list=0x000002c2cded40c0, length=102, elements={
0x000002c2ac8be800, 0x000002c2c68e8000, 0x000002c2c68f3000, 0x000002c2c6904800,
0x000002c2c6905800, 0x000002c2c6906800, 0x000002c2c6907800, 0x000002c2c690d000,
0x000002c2c6915800, 0x000002c2c73ee800, 0x000002c2c9363000, 0x000002c2c8a2c000,
0x000002c2c962a800, 0x000002c2c81f4800, 0x000002c2c86b6800, 0x000002c2c8ae2800,
0x000002c2c947d800, 0x000002c2c9384800, 0x000002c2c9385000, 0x000002c2c8ded800,
0x000002c2c95c9000, 0x000002c2c95ca000, 0x000002c2c95c4000, 0x000002c2c95cb000,
0x000002c2c95c8800, 0x000002c2c95c5000, 0x000002c2c95c6000, 0x000002c2c95c6800,
0x000002c2c95c7800, 0x000002c2c752f000, 0x000002c2c7531800, 0x000002c2c752e000,
0x000002c2c752d000, 0x000002c2c7534800, 0x000002c2c7535800, 0x000002c2c752f800,
0x000002c2c7536000, 0x000002c2c7530800, 0x000002c2c7534000, 0x000002c2c7532000,
0x000002c2c753a800, 0x000002c2c7538800, 0x000002c2c753b000, 0x000002c2c753c000,
0x000002c2c7537000, 0x000002c2c7538000, 0x000002c2c7539800, 0x000002c2cd72f000,
0x000002c2cd72b800, 0x000002c2cd72c800, 0x000002c2cd72b000, 0x000002c2cd72d000,
0x000002c2cd72f800, 0x000002c2cd72a000, 0x000002c2cd730800, 0x000002c2cd731800,
0x000002c2cd732000, 0x000002c2cd733000, 0x000002c2cd734000, 0x000002c2cd72e000,
0x000002c2cd735800, 0x000002c2cd734800, 0x000002c2cd736000, 0x000002c2cd737000,
0x000002c2cd738800, 0x000002c2cd738000, 0x000002c2cd561000, 0x000002c2cd55d800,
0x000002c2cd562800, 0x000002c2cd55f000, 0x000002c2cd561800, 0x000002c2cd560000,
0x000002c2cd55e800, 0x000002c2cd567800, 0x000002c2cd565800, 0x000002c2cd566800,
0x000002c2cd568000, 0x000002c2cd565000, 0x000002c2cd569000, 0x000002c2cd563000,
0x000002c2cd569800, 0x000002c2cd564000, 0x000002c2cd56b800, 0x000002c2cd56a800,
0x000002c2cd56c000, 0x000002c2cd6d6800, 0x000002c2cd6d7800, 0x000002c2cd6d2000,
0x000002c2cd6d5000, 0x000002c2cd6d2800, 0x000002c2cd6d6000, 0x000002c2cd6d4000,
0x000002c2cd6d9000, 0x000002c2cd6d8800, 0x000002c2cd6d3800, 0x000002c2cd6da800,
0x000002c2cd6df800, 0x000002c2cd6dd000, 0x000002c2cd6db800, 0x000002c2cd6de000,
0x000002c2cd6da000, 0x000002c2cd6e0800
}

Java Threads: ( => current thread )
  0x000002c2ac8be800 JavaThread "main" [_thread_blocked, id=7564, stack(0x000000d506100000,0x000000d506200000)]
  0x000002c2c68e8000 JavaThread "Reference Handler" daemon [_thread_blocked, id=9356, stack(0x000000d506800000,0x000000d506900000)]
  0x000002c2c68f3000 JavaThread "Finalizer" daemon [_thread_blocked, id=18716, stack(0x000000d506900000,0x000000d506a00000)]
  0x000002c2c6904800 JavaThread "Signal Dispatcher" daemon [_thread_blocked, id=4160, stack(0x000000d506a00000,0x000000d506b00000)]
  0x000002c2c6905800 JavaThread "Attach Listener" daemon [_thread_blocked, id=11852, stack(0x000000d506b00000,0x000000d506c00000)]
  0x000002c2c6906800 JavaThread "Service Thread" daemon [_thread_blocked, id=19152, stack(0x000000d506c00000,0x000000d506d00000)]
  0x000002c2c6907800 JavaThread "C2 CompilerThread0" daemon [_thread_blocked, id=10332, stack(0x000000d506d00000,0x000000d506e00000)]
  0x000002c2c690d000 JavaThread "C1 CompilerThread0" daemon [_thread_blocked, id=5240, stack(0x000000d506e00000,0x000000d506f00000)]
  0x000002c2c6915800 JavaThread "Sweeper thread" daemon [_thread_blocked, id=13488, stack(0x000000d506f00000,0x000000d507000000)]
  0x000002c2c73ee800 JavaThread "Common-Cleaner" daemon [_thread_blocked, id=11476, stack(0x000000d507000000,0x000000d507100000)]
  0x000002c2c9363000 JavaThread "Daemon health stats" [_thread_blocked, id=708, stack(0x000000d507300000,0x000000d507400000)]
  0x000002c2c8a2c000 JavaThread "Incoming local TCP Connector on port 64150" [_thread_in_native, id=14860, stack(0x000000d507600000,0x000000d507700000)]
  0x000002c2c962a800 JavaThread "Daemon periodic checks" [_thread_blocked, id=8884, stack(0x000000d507700000,0x000000d507800000)]
  0x000002c2c81f4800 JavaThread "Daemon" [_thread_blocked, id=3960, stack(0x000000d507800000,0x000000d507900000)]
  0x000002c2c86b6800 JavaThread "Handler for socket connection from /127.0.0.1:64150 to /127.0.0.1:64151" [_thread_in_native, id=6336, stack(0x000000d507900000,0x000000d507a00000)]
  0x000002c2c8ae2800 JavaThread "Cancel handler" [_thread_blocked, id=16768, stack(0x000000d507a00000,0x000000d507b00000)]
  0x000002c2c947d800 JavaThread "Daemon worker" [_thread_blocked, id=10544, stack(0x000000d507b00000,0x000000d507c00000)]
  0x000002c2c9384800 JavaThread "Asynchronous log dispatcher for DefaultDaemonConnection: socket connection from /127.0.0.1:64150 to /127.0.0.1:64151" [_thread_blocked, id=4552, stack(0x000000d507c00000,0x000000d507d00000)]
  0x000002c2c9385000 JavaThread "Stdin handler" [_thread_blocked, id=8500, stack(0x000000d507d00000,0x000000d507e00000)]
  0x000002c2c8ded800 JavaThread "Daemon client event forwarder" [_thread_blocked, id=9808, stack(0x000000d507e00000,0x000000d507f00000)]
  0x000002c2c95c9000 JavaThread "Cache worker for journal cache (C:\Users\am532\AndroidStudioProjects\ColorMyViews\caches\journal-1)" [_thread_blocked, id=3520, stack(0x000000d508100000,0x000000d508200000)]
  0x000002c2c95ca000 JavaThread "File lock request listener" [_thread_in_native, id=13232, stack(0x000000d508200000,0x000000d508300000)]
  0x000002c2c95c4000 JavaThread "Cache worker for file hash cache (C:\Users\am532\AndroidStudioProjects\ColorMyViews\caches\7.4\fileHashes)" [_thread_blocked, id=18772, stack(0x000000d508300000,0x000000d508400000)]
  0x000002c2c95cb000 JavaThread "Cache worker for file hash cache (C:\Users\am532\AndroidStudioProjects\Mi Titna Main\MiTitna\.gradle\7.4\fileHashes)" [_thread_blocked, id=18872, stack(0x000000d508500000,0x000000d508600000)]
  0x000002c2c95c8800 JavaThread "Cache worker for checksums cache (C:\Users\am532\AndroidStudioProjects\Mi Titna Main\MiTitna\.gradle\7.4\checksums)" [_thread_blocked, id=16192, stack(0x000000d508600000,0x000000d508700000)]
  0x000002c2c95c5000 JavaThread "File watcher server" daemon [_thread_blocked, id=19084, stack(0x000000d508700000,0x000000d508800000)]
  0x000002c2c95c6000 JavaThread "File watcher consumer" daemon [_thread_blocked, id=2288, stack(0x000000d508800000,0x000000d508900000)]
  0x000002c2c95c6800 JavaThread "Cache worker for cache directory md-rule (C:\Users\am532\AndroidStudioProjects\ColorMyViews\caches\7.4\md-rule)" [_thread_blocked, id=4360, stack(0x000000d508900000,0x000000d508a00000)]
  0x000002c2c95c7800 JavaThread "Cache worker for cache directory md-supplier (C:\Users\am532\AndroidStudioProjects\ColorMyViews\caches\7.4\md-supplier)" [_thread_blocked, id=16432, stack(0x000000d508a00000,0x000000d508b00000)]
  0x000002c2c752f000 JavaThread "Cache worker for execution history cache (C:\Users\am532\AndroidStudioProjects\ColorMyViews\caches\7.4\executionHistory)" [_thread_blocked, id=19432, stack(0x000000d508b00000,0x000000d508c00000)]
  0x000002c2c7531800 JavaThread "Cache worker for Build Output Cleanup Cache (C:\Users\am532\AndroidStudioProjects\Mi Titna Main\MiTitna\.gradle\buildOutputCleanup)" [_thread_blocked, id=18792, stack(0x000000d508c00000,0x000000d508d00000)]
  0x000002c2c752e000 JavaThread "Cache worker for file content cache (C:\Users\am532\AndroidStudioProjects\ColorMyViews\caches\7.4\fileContent)" [_thread_blocked, id=10312, stack(0x000000d508d00000,0x000000d508e00000)]
  0x000002c2c752d000 JavaThread "Memory manager" [_thread_blocked, id=1948, stack(0x000000d508e00000,0x000000d508f00000)]
  0x000002c2c7534800 JavaThread "build event listener" [_thread_blocked, id=19028, stack(0x000000d508f00000,0x000000d509000000)]
  0x000002c2c7535800 JavaThread "included builds" [_thread_blocked, id=12400, stack(0x000000d509000000,0x000000d509100000)]
  0x000002c2c752f800 JavaThread "Execution worker for ':'" [_thread_blocked, id=19444, stack(0x000000d509100000,0x000000d509200000)]
  0x000002c2c7536000 JavaThread "Execution worker for ':' Thread 2" [_thread_blocked, id=9888, stack(0x000000d509200000,0x000000d509300000)]
  0x000002c2c7530800 JavaThread "Execution worker for ':' Thread 3" [_thread_blocked, id=8596, stack(0x000000d509300000,0x000000d509400000)]
  0x000002c2c7534000 JavaThread "Execution worker for ':' Thread 4" [_thread_blocked, id=9948, stack(0x000000d509400000,0x000000d509500000)]
  0x000002c2c7532000 JavaThread "Execution worker for ':' Thread 5" [_thread_blocked, id=19228, stack(0x000000d509500000,0x000000d509600000)]
  0x000002c2c753a800 JavaThread "Cache worker for execution history cache (C:\Users\am532\AndroidStudioProjects\Mi Titna Main\MiTitna\.gradle\7.4\executionHistory)" [_thread_blocked, id=5620, stack(0x000000d509600000,0x000000d509700000)]
  0x000002c2c7538800 JavaThread "Unconstrained build operations" [_thread_blocked, id=15264, stack(0x000000d509700000,0x000000d509800000)]
  0x000002c2c753b000 JavaThread "Unconstrained build operations Thread 2" [_thread_blocked, id=19364, stack(0x000000d509800000,0x000000d509900000)]
  0x000002c2c753c000 JavaThread "Unconstrained build operations Thread 3" [_thread_blocked, id=14932, stack(0x000000d509900000,0x000000d509a00000)]
  0x000002c2c7537000 JavaThread "Unconstrained build operations Thread 4" [_thread_blocked, id=17944, stack(0x000000d509a00000,0x000000d509b00000)]
  0x000002c2c7538000 JavaThread "Unconstrained build operations Thread 6" [_thread_blocked, id=2420, stack(0x000000d509b00000,0x000000d509c00000)]
  0x000002c2c7539800 JavaThread "Unconstrained build operations Thread 5" [_thread_blocked, id=7372, stack(0x000000d509c00000,0x000000d509d00000)]
  0x000002c2cd72f000 JavaThread "Unconstrained build operations Thread 7" [_thread_blocked, id=16104, stack(0x000000d509d00000,0x000000d509e00000)]
  0x000002c2cd72b800 JavaThread "Unconstrained build operations Thread 8" [_thread_blocked, id=19112, stack(0x000000d509e00000,0x000000d509f00000)]
  0x000002c2cd72c800 JavaThread "Unconstrained build operations Thread 9" [_thread_blocked, id=8120, stack(0x000000d509f00000,0x000000d50a000000)]
  0x000002c2cd72b000 JavaThread "Unconstrained build operations Thread 10" [_thread_blocked, id=9812, stack(0x000000d50a000000,0x000000d50a100000)]
  0x000002c2cd72d000 JavaThread "Unconstrained build operations Thread 11" [_thread_blocked, id=9788, stack(0x000000d50a100000,0x000000d50a200000)]
  0x000002c2cd72f800 JavaThread "Unconstrained build operations Thread 12" [_thread_blocked, id=16860, stack(0x000000d50a200000,0x000000d50a300000)]
  0x000002c2cd72a000 JavaThread "Unconstrained build operations Thread 13" [_thread_blocked, id=1368, stack(0x000000d50a300000,0x000000d50a400000)]
  0x000002c2cd730800 JavaThread "Unconstrained build operations Thread 14" [_thread_blocked, id=14468, stack(0x000000d50a400000,0x000000d50a500000)]
  0x000002c2cd731800 JavaThread "Unconstrained build operations Thread 15" [_thread_blocked, id=8684, stack(0x000000d50a500000,0x000000d50a600000)]
  0x000002c2cd732000 JavaThread "Unconstrained build operations Thread 16" [_thread_blocked, id=12388, stack(0x000000d50a600000,0x000000d50a700000)]
  0x000002c2cd733000 JavaThread "Unconstrained build operations Thread 17" [_thread_blocked, id=11780, stack(0x000000d50a700000,0x000000d50a800000)]
  0x000002c2cd734000 JavaThread "Unconstrained build operations Thread 18" [_thread_blocked, id=19452, stack(0x000000d50a800000,0x000000d50a900000)]
  0x000002c2cd72e000 JavaThread "Unconstrained build operations Thread 19" [_thread_blocked, id=9128, stack(0x000000d50a900000,0x000000d50aa00000)]
  0x000002c2cd735800 JavaThread "Unconstrained build operations Thread 20" [_thread_blocked, id=6000, stack(0x000000d50aa00000,0x000000d50ab00000)]
  0x000002c2cd734800 JavaThread "Unconstrained build operations Thread 21" [_thread_blocked, id=4284, stack(0x000000d50ab00000,0x000000d50ac00000)]
  0x000002c2cd736000 JavaThread "Unconstrained build operations Thread 22" [_thread_blocked, id=18580, stack(0x000000d50ac00000,0x000000d50ad00000)]
  0x000002c2cd737000 JavaThread "Unconstrained build operations Thread 23" [_thread_blocked, id=8284, stack(0x000000d50ad00000,0x000000d50ae00000)]
  0x000002c2cd738800 JavaThread "Unconstrained build operations Thread 24" [_thread_blocked, id=18404, stack(0x000000d50ae00000,0x000000d50af00000)]
  0x000002c2cd738000 JavaThread "Unconstrained build operations Thread 25" [_thread_blocked, id=18896, stack(0x000000d50af00000,0x000000d50b000000)]
  0x000002c2cd561000 JavaThread "Unconstrained build operations Thread 26" [_thread_blocked, id=14592, stack(0x000000d50b000000,0x000000d50b100000)]
  0x000002c2cd55d800 JavaThread "Unconstrained build operations Thread 27" [_thread_blocked, id=15388, stack(0x000000d50b100000,0x000000d50b200000)]
  0x000002c2cd562800 JavaThread "Unconstrained build operations Thread 28" [_thread_blocked, id=6224, stack(0x000000d50b200000,0x000000d50b300000)]
  0x000002c2cd55f000 JavaThread "Unconstrained build operations Thread 29" [_thread_blocked, id=7376, stack(0x000000d50b300000,0x000000d50b400000)]
  0x000002c2cd561800 JavaThread "Unconstrained build operations Thread 30" [_thread_blocked, id=11768, stack(0x000000d50b400000,0x000000d50b500000)]
  0x000002c2cd560000 JavaThread "Unconstrained build operations Thread 31" [_thread_blocked, id=12572, stack(0x000000d50b500000,0x000000d50b600000)]
  0x000002c2cd55e800 JavaThread "Unconstrained build operations Thread 32" [_thread_blocked, id=19136, stack(0x000000d50b600000,0x000000d50b700000)]
  0x000002c2cd567800 JavaThread "Unconstrained build operations Thread 33" [_thread_blocked, id=18548, stack(0x000000d50b700000,0x000000d50b800000)]
  0x000002c2cd565800 JavaThread "Unconstrained build operations Thread 34" [_thread_blocked, id=15700, stack(0x000000d50b800000,0x000000d50b900000)]
  0x000002c2cd566800 JavaThread "Unconstrained build operations Thread 35" [_thread_blocked, id=13568, stack(0x000000d50b900000,0x000000d50ba00000)]
  0x000002c2cd568000 JavaThread "Unconstrained build operations Thread 36" [_thread_blocked, id=18912, stack(0x000000d50ba00000,0x000000d50bb00000)]
  0x000002c2cd565000 JavaThread "Unconstrained build operations Thread 37" [_thread_blocked, id=14616, stack(0x000000d50bb00000,0x000000d50bc00000)]
  0x000002c2cd569000 JavaThread "Unconstrained build operations Thread 38" [_thread_blocked, id=12088, stack(0x000000d50bc00000,0x000000d50bd00000)]
  0x000002c2cd563000 JavaThread "Unconstrained build operations Thread 39" [_thread_blocked, id=4116, stack(0x000000d50bd00000,0x000000d50be00000)]
  0x000002c2cd569800 JavaThread "Unconstrained build operations Thread 40" [_thread_blocked, id=18488, stack(0x000000d50be00000,0x000000d50bf00000)]
  0x000002c2cd564000 JavaThread "Unconstrained build operations Thread 41" [_thread_blocked, id=5956, stack(0x000000d50bf00000,0x000000d50c000000)]
  0x000002c2cd56b800 JavaThread "Unconstrained build operations Thread 42" [_thread_blocked, id=14280, stack(0x000000d50c000000,0x000000d50c100000)]
  0x000002c2cd56a800 JavaThread "Unconstrained build operations Thread 43" [_thread_blocked, id=15084, stack(0x000000d50c100000,0x000000d50c200000)]
  0x000002c2cd56c000 JavaThread "Unconstrained build operations Thread 44" [_thread_blocked, id=1160, stack(0x000000d50c200000,0x000000d50c300000)]
  0x000002c2cd6d6800 JavaThread "Unconstrained build operations Thread 45" [_thread_blocked, id=19412, stack(0x000000d50c300000,0x000000d50c400000)]
  0x000002c2cd6d7800 JavaThread "Unconstrained build operations Thread 46" [_thread_blocked, id=18320, stack(0x000000d50c400000,0x000000d50c500000)]
  0x000002c2cd6d2000 JavaThread "Unconstrained build operations Thread 47" [_thread_blocked, id=7116, stack(0x000000d50c500000,0x000000d50c600000)]
  0x000002c2cd6d5000 JavaThread "Unconstrained build operations Thread 48" [_thread_blocked, id=3044, stack(0x000000d50c600000,0x000000d50c700000)]
  0x000002c2cd6d2800 JavaThread "Unconstrained build operations Thread 49" [_thread_blocked, id=9248, stack(0x000000d50c700000,0x000000d50c800000)]
  0x000002c2cd6d6000 JavaThread "Unconstrained build operations Thread 50" [_thread_blocked, id=7908, stack(0x000000d50c800000,0x000000d50c900000)]
  0x000002c2cd6d4000 JavaThread "Unconstrained build operations Thread 51" [_thread_blocked, id=2748, stack(0x000000d50c900000,0x000000d50ca00000)]
  0x000002c2cd6d9000 JavaThread "Unconstrained build operations Thread 52" [_thread_blocked, id=18444, stack(0x000000d50ca00000,0x000000d50cb00000)]
  0x000002c2cd6d8800 JavaThread "Unconstrained build operations Thread 53" [_thread_blocked, id=17740, stack(0x000000d50cb00000,0x000000d50cc00000)]
  0x000002c2cd6d3800 JavaThread "Unconstrained build operations Thread 54" [_thread_blocked, id=18724, stack(0x000000d50cc00000,0x000000d50cd00000)]
  0x000002c2cd6da800 JavaThread "Unconstrained build operations Thread 55" [_thread_blocked, id=5160, stack(0x000000d50cd00000,0x000000d50ce00000)]
  0x000002c2cd6df800 JavaThread "Unconstrained build operations Thread 56" [_thread_blocked, id=12968, stack(0x000000d50ce00000,0x000000d50cf00000)]
  0x000002c2cd6dd000 JavaThread "Unconstrained build operations Thread 57" [_thread_blocked, id=9700, stack(0x000000d50cf00000,0x000000d50d000000)]
  0x000002c2cd6db800 JavaThread "Unconstrained build operations Thread 58" [_thread_blocked, id=19068, stack(0x000000d50d000000,0x000000d50d100000)]
  0x000002c2cd6de000 JavaThread "Unconstrained build operations Thread 59" [_thread_blocked, id=9132, stack(0x000000d50d100000,0x000000d50d200000)]
  0x000002c2cd6da000 JavaThread "Unconstrained build operations Thread 60" [_thread_blocked, id=18480, stack(0x000000d50d200000,0x000000d50d300000)]
  0x000002c2cd6e0800 JavaThread "WorkerExecutor Queue" [_thread_blocked, id=18532, stack(0x000000d50d300000,0x000000d50d400000)]

Other Threads:
=>0x000002c2c68e3800 VMThread "VM Thread" [stack: 0x000000d506700000,0x000000d506800000] [id=16800]
  0x000002c2c7427800 WatcherThread [stack: 0x000000d507100000,0x000000d507200000] [id=8400]
  0x000002c2aa72d800 GCTaskThread "GC Thread#0" [stack: 0x000000d506200000,0x000000d506300000] [id=17016]
  0x000002c2c7daf800 GCTaskThread "GC Thread#1" [stack: 0x000000d507200000,0x000000d507300000] [id=11540]
  0x000002c2c86ea000 GCTaskThread "GC Thread#2" [stack: 0x000000d507400000,0x000000d507500000] [id=18888]
  0x000002c2c8abc000 GCTaskThread "GC Thread#3" [stack: 0x000000d507500000,0x000000d507600000] [id=15928]
  0x000002c2c93de800 GCTaskThread "GC Thread#4" [stack: 0x000000d507f00000,0x000000d508000000] [id=4448]
  0x000002c2c939a000 GCTaskThread "GC Thread#5" [stack: 0x000000d508000000,0x000000d508100000] [id=15984]
  0x000002c2ac925000 ConcurrentGCThread "G1 Main Marker" [stack: 0x000000d506300000,0x000000d506400000] [id=9156]
  0x000002c2ac926000 ConcurrentGCThread "G1 Conc#0" [stack: 0x000000d506400000,0x000000d506500000] [id=3436]
  0x000002c2c9810800 ConcurrentGCThread "G1 Conc#1" [stack: 0x000000d508400000,0x000000d508500000] [id=7584]
  0x000002c2ac976800 ConcurrentGCThread "G1 Refine#0" [stack: 0x000000d506500000,0x000000d506600000] [id=14424]
  0x000002c2c7740000 ConcurrentGCThread "G1 Refine#1" [stack: 0x000000d50d400000,0x000000d50d500000] [id=18588]
  0x000002c2c773e000 ConcurrentGCThread "G1 Refine#2" [stack: 0x000000d50d500000,0x000000d50d600000] [id=3008]
  0x000002c2ac977800 ConcurrentGCThread "G1 Young RemSet Sampling" [stack: 0x000000d506600000,0x000000d506700000] [id=1652]

Threads with active compile tasks:
C2 CompilerThread0  25943 13586 % !   4       org.apache.xerces.impl.XMLDocumentFragmentScannerImpl$FragmentContentDispatcher::dispatch @ 0 (1128 bytes)

VM state:at safepoint (normal execution)

VM Mutex/Monitor currently owned by a thread:  ([mutex/lock_event])
[0x000002c2ac8ba3e0] Threads_lock - owner thread: 0x000002c2c68e3800
[0x000002c2ac8bace0] Heap_lock - owner thread: 0x000002c2cd6e0800

Heap address: 0x0000000080000000, size: 2048 MB, Compressed Oops mode: 32-bit
Narrow klass base: 0x0000000000000000, Narrow klass shift: 3
Compressed class space size: 1073741824 Address: 0x0000000100000000

Heap:
 garbage-first heap   total 955392K, used 224051K [0x0000000080000000, 0x0000000100000000)
  region size 1024K, 3 young (3072K), 3 survivors (3072K)
 Metaspace       used 99624K, capacity 102089K, committed 102224K, reserved 1138688K
  class space    used 12193K, capacity 13032K, committed 13056K, reserved 1048576K
Heap Regions: E=young(eden), S=young(survivor), O=old, HS=humongous(starts), HC=humongous(continues), CS=collection set, F=free, A=archive, TAMS=top-at-mark-start (previous, next)
|   0|0x0000000080000000, 0x0000000080100000, 0x0000000080100000|100%| O|  |TAMS 0x0000000080100000, 0x0000000080000000| Updating 
|   1|0x0000000080100000, 0x0000000080200000, 0x0000000080200000|100%| O|  |TAMS 0x0000000080200000, 0x0000000080100000| Updating 
|   2|0x0000000080200000, 0x0000000080300000, 0x0000000080300000|100%| O|  |TAMS 0x0000000080300000, 0x0000000080200000| Updating 
|   3|0x0000000080300000, 0x0000000080400000, 0x0000000080400000|100%|HS|  |TAMS 0x0000000080400000, 0x0000000080300000| Complete 
|   4|0x0000000080400000, 0x0000000080500000, 0x0000000080500000|100%|HC|  |TAMS 0x0000000080500000, 0x0000000080400000| Complete 
|   5|0x0000000080500000, 0x0000000080600000, 0x0000000080600000|100%|HC|  |TAMS 0x0000000080600000, 0x0000000080500000| Complete 
|   6|0x0000000080600000, 0x0000000080700000, 0x0000000080700000|100%| O|  |TAMS 0x0000000080700000, 0x0000000080600000| Updating 
|   7|0x0000000080700000, 0x0000000080800000, 0x0000000080800000|100%| O|  |TAMS 0x0000000080800000, 0x0000000080700000| Updating 
|   8|0x0000000080800000, 0x0000000080900000, 0x0000000080900000|100%| O|  |TAMS 0x0000000080900000, 0x0000000080800000| Updating 
|   9|0x0000000080900000, 0x0000000080a00000, 0x0000000080a00000|100%| O|  |TAMS 0x0000000080a00000, 0x0000000080900000| Updating 
|  10|0x0000000080a00000, 0x0000000080b00000, 0x0000000080b00000|100%| O|  |TAMS 0x0000000080b00000, 0x0000000080a00000| Updating 
|  11|0x0000000080b00000, 0x0000000080c00000, 0x0000000080c00000|100%| O|  |TAMS 0x0000000080c00000, 0x0000000080b00000| Updating 
|  12|0x0000000080c00000, 0x0000000080d00000, 0x0000000080d00000|100%| O|  |TAMS 0x0000000080d00000, 0x0000000080c00000| Updating 
|  13|0x0000000080d00000, 0x0000000080e00000, 0x0000000080e00000|100%| O|  |TAMS 0x0000000080e00000, 0x0000000080d00000| Updating 
|  14|0x0000000080e00000, 0x0000000080f00000, 0x0000000080f00000|100%| O|  |TAMS 0x0000000080f00000, 0x0000000080e00000| Updating 
|  15|0x0000000080f00000, 0x0000000081000000, 0x0000000081000000|100%| O|  |TAMS 0x0000000081000000, 0x0000000080f00000| Updating 
|  16|0x0000000081000000, 0x0000000081100000, 0x0000000081100000|100%| O|  |TAMS 0x0000000081100000, 0x0000000081000000| Updating 
|  17|0x0000000081100000, 0x0000000081200000, 0x0000000081200000|100%| O|  |TAMS 0x0000000081200000, 0x0000000081100000| Updating 
|  18|0x0000000081200000, 0x0000000081300000, 0x0000000081300000|100%| O|  |TAMS 0x0000000081300000, 0x0000000081200000| Updating 
|  19|0x0000000081300000, 0x0000000081400000, 0x0000000081400000|100%| O|  |TAMS 0x0000000081400000, 0x0000000081300000| Updating 
|  20|0x0000000081400000, 0x0000000081500000, 0x0000000081500000|100%| O|  |TAMS 0x0000000081500000, 0x0000000081400000| Updating 
|  21|0x0000000081500000, 0x0000000081600000, 0x0000000081600000|100%| O|  |TAMS 0x0000000081600000, 0x0000000081500000| Updating 
|  22|0x0000000081600000, 0x0000000081700000, 0x0000000081700000|100%| O|  |TAMS 0x0000000081700000, 0x0000000081600000| Updating 
|  23|0x0000000081700000, 0x0000000081800000, 0x0000000081800000|100%| O|  |TAMS 0x0000000081800000, 0x0000000081700000| Updating 
|  24|0x0000000081800000, 0x0000000081900000, 0x0000000081900000|100%|HS|  |TAMS 0x0000000081900000, 0x0000000081800000| Complete 
|  25|0x0000000081900000, 0x0000000081a00000, 0x0000000081a00000|100%|HS|  |TAMS 0x0000000081a00000, 0x0000000081900000| Complete 
|  26|0x0000000081a00000, 0x0000000081b00000, 0x0000000081b00000|100%| O|  |TAMS 0x0000000081b00000, 0x0000000081a00000| Updating 
|  27|0x0000000081b00000, 0x0000000081c00000, 0x0000000081c00000|100%| O|  |TAMS 0x0000000081c00000, 0x0000000081b00000| Updating 
|  28|0x0000000081c00000, 0x0000000081d00000, 0x0000000081d00000|100%| O|  |TAMS 0x0000000081d00000, 0x0000000081c00000| Updating 
|  29|0x0000000081d00000, 0x0000000081e00000, 0x0000000081e00000|100%| O|  |TAMS 0x0000000081e00000, 0x0000000081d00000| Updating 
|  30|0x0000000081e00000, 0x0000000081f00000, 0x0000000081f00000|100%| O|  |TAMS 0x0000000081f00000, 0x0000000081e00000| Updating 
|  31|0x0000000081f00000, 0x0000000082000000, 0x0000000082000000|100%| O|  |TAMS 0x0000000082000000, 0x0000000081f00000| Updating 
|  32|0x0000000082000000, 0x0000000082100000, 0x0000000082100000|100%|HS|  |TAMS 0x0000000082100000, 0x0000000082000000| Complete 
|  33|0x0000000082100000, 0x0000000082200000, 0x0000000082200000|100%| O|  |TAMS 0x0000000082200000, 0x0000000082100000| Updating 
|  34|0x0000000082200000, 0x0000000082300000, 0x0000000082300000|100%| O|  |TAMS 0x0000000082300000, 0x0000000082200000| Updating 
|  35|0x0000000082300000, 0x0000000082400000, 0x0000000082400000|100%|HS|  |TAMS 0x0000000082400000, 0x0000000082300000| Complete 
|  36|0x0000000082400000, 0x0000000082500000, 0x0000000082500000|100%|HC|  |TAMS 0x0000000082500000, 0x0000000082400000| Complete 
|  37|0x0000000082500000, 0x0000000082600000, 0x0000000082600000|100%|HC|  |TAMS 0x0000000082600000, 0x0000000082500000| Complete 
|  38|0x0000000082600000, 0x0000000082700000, 0x0000000082700000|100%|HC|  |TAMS 0x0000000082700000, 0x0000000082600000| Complete 
|  39|0x0000000082700000, 0x0000000082800000, 0x0000000082800000|100%| O|  |TAMS 0x0000000082800000, 0x0000000082700000| Updating 
|  40|0x0000000082800000, 0x0000000082900000, 0x0000000082900000|100%| O|  |TAMS 0x0000000082900000, 0x0000000082800000| Updating 
|  41|0x0000000082900000, 0x0000000082a00000, 0x0000000082a00000|100%| O|  |TAMS 0x0000000082a00000, 0x0000000082900000| Updating 
|  42|0x0000000082a00000, 0x0000000082b00000, 0x0000000082b00000|100%| O|  |TAMS 0x0000000082b00000, 0x0000000082a00000| Updating 
|  43|0x0000000082b00000, 0x0000000082c00000, 0x0000000082c00000|100%| O|  |TAMS 0x0000000082c00000, 0x0000000082b00000| Updating 
|  44|0x0000000082c00000, 0x0000000082d00000, 0x0000000082d00000|100%| O|  |TAMS 0x0000000082d00000, 0x0000000082c00000| Updating 
|  45|0x0000000082d00000, 0x0000000082e00000, 0x0000000082e00000|100%|HS|  |TAMS 0x0000000082e00000, 0x0000000082d00000| Complete 
|  46|0x0000000082e00000, 0x0000000082f00000, 0x0000000082f00000|100%|HC|  |TAMS 0x0000000082f00000, 0x0000000082e00000| Complete 
|  47|0x0000000082f00000, 0x0000000083000000, 0x0000000083000000|100%| O|  |TAMS 0x0000000083000000, 0x0000000082f00000| Updating 
|  48|0x0000000083000000, 0x0000000083100000, 0x0000000083100000|100%| O|  |TAMS 0x0000000083100000, 0x0000000083000000| Updating 
|  49|0x0000000083100000, 0x0000000083200000, 0x0000000083200000|100%| O|  |TAMS 0x0000000083200000, 0x0000000083100000| Updating 
|  50|0x0000000083200000, 0x0000000083300000, 0x0000000083300000|100%| O|  |TAMS 0x0000000083300000, 0x0000000083200000| Updating 
|  51|0x0000000083300000, 0x0000000083400000, 0x0000000083400000|100%| O|  |TAMS 0x0000000083400000, 0x0000000083300000| Updating 
|  52|0x0000000083400000, 0x0000000083500000, 0x0000000083500000|100%| O|  |TAMS 0x0000000083500000, 0x0000000083400000| Updating 
|  53|0x0000000083500000, 0x0000000083600000, 0x0000000083600000|100%| O|  |TAMS 0x0000000083600000, 0x0000000083500000| Updating 
|  54|0x0000000083600000, 0x0000000083700000, 0x0000000083700000|100%| O|  |TAMS 0x0000000083700000, 0x0000000083600000| Updating 
|  55|0x0000000083700000, 0x0000000083800000, 0x0000000083800000|100%| O|  |TAMS 0x0000000083800000, 0x0000000083700000| Updating 
|  56|0x0000000083800000, 0x0000000083900000, 0x0000000083900000|100%| O|  |TAMS 0x0000000083900000, 0x0000000083800000| Updating 
|  57|0x0000000083900000, 0x0000000083a00000, 0x0000000083a00000|100%| O|  |TAMS 0x0000000083a00000, 0x0000000083900000| Updating 
|  58|0x0000000083a00000, 0x0000000083b00000, 0x0000000083b00000|100%| O|  |TAMS 0x0000000083b00000, 0x0000000083a00000| Updating 
|  59|0x0000000083b00000, 0x0000000083c00000, 0x0000000083c00000|100%| O|  |TAMS 0x0000000083c00000, 0x0000000083b00000| Updating 
|  60|0x0000000083c00000, 0x0000000083d00000, 0x0000000083d00000|100%| O|  |TAMS 0x0000000083d00000, 0x0000000083c00000| Updating 
|  61|0x0000000083d00000, 0x0000000083e00000, 0x0000000083e00000|100%| O|  |TAMS 0x0000000083e00000, 0x0000000083d00000| Updating 
|  62|0x0000000083e00000, 0x0000000083f00000, 0x0000000083f00000|100%| O|  |TAMS 0x0000000083f00000, 0x0000000083e00000| Updating 
|  63|0x0000000083f00000, 0x0000000084000000, 0x0000000084000000|100%| O|  |TAMS 0x0000000084000000, 0x0000000083f00000| Updating 
|  64|0x0000000084000000, 0x0000000084100000, 0x0000000084100000|100%| O|  |TAMS 0x0000000084100000, 0x0000000084000000| Updating 
|  65|0x0000000084100000, 0x0000000084200000, 0x0000000084200000|100%| O|  |TAMS 0x0000000084200000, 0x0000000084100000| Updating 
|  66|0x0000000084200000, 0x0000000084300000, 0x0000000084300000|100%| O|  |TAMS 0x0000000084300000, 0x0000000084200000| Updating 
|  67|0x0000000084300000, 0x0000000084400000, 0x0000000084400000|100%| O|  |TAMS 0x0000000084400000, 0x0000000084300000| Updating 
|  68|0x0000000084400000, 0x0000000084500000, 0x0000000084500000|100%| O|  |TAMS 0x0000000084500000, 0x0000000084400000| Updating 
|  69|0x0000000084500000, 0x0000000084600000, 0x0000000084600000|100%| O|  |TAMS 0x0000000084600000, 0x0000000084500000| Updating 
|  70|0x0000000084600000, 0x0000000084700000, 0x0000000084700000|100%| O|  |TAMS 0x0000000084700000, 0x0000000084600000| Updating 
|  71|0x0000000084700000, 0x0000000084800000, 0x0000000084800000|100%| O|  |TAMS 0x0000000084800000, 0x0000000084700000| Updating 
|  72|0x0000000084800000, 0x0000000084900000, 0x0000000084900000|100%| O|  |TAMS 0x0000000084900000, 0x0000000084800000| Updating 
|  73|0x0000000084900000, 0x0000000084a00000, 0x0000000084a00000|100%| O|  |TAMS 0x0000000084a00000, 0x0000000084900000| Updating 
|  74|0x0000000084a00000, 0x0000000084b00000, 0x0000000084b00000|100%| O|  |TAMS 0x0000000084b00000, 0x0000000084a00000| Updating 
|  75|0x0000000084b00000, 0x0000000084c00000, 0x0000000084c00000|100%| O|  |TAMS 0x0000000084c00000, 0x0000000084b00000| Updating 
|  76|0x0000000084c00000, 0x0000000084d00000, 0x0000000084d00000|100%| O|  |TAMS 0x0000000084d00000, 0x0000000084c00000| Updating 
|  77|0x0000000084d00000, 0x0000000084e00000, 0x0000000084e00000|100%| O|  |TAMS 0x0000000084e00000, 0x0000000084d00000| Updating 
|  78|0x0000000084e00000, 0x0000000084f00000, 0x0000000084f00000|100%| O|  |TAMS 0x0000000084f00000, 0x0000000084e00000| Updating 
|  79|0x0000000084f00000, 0x0000000085000000, 0x0000000085000000|100%| O|  |TAMS 0x0000000085000000, 0x0000000084f00000| Updating 
|  80|0x0000000085000000, 0x0000000085100000, 0x0000000085100000|100%| O|  |TAMS 0x0000000085100000, 0x0000000085000000| Updating 
|  81|0x0000000085100000, 0x0000000085200000, 0x0000000085200000|100%| O|  |TAMS 0x0000000085200000, 0x0000000085100000| Updating 
|  82|0x0000000085200000, 0x0000000085300000, 0x0000000085300000|100%| O|  |TAMS 0x0000000085300000, 0x0000000085200000| Updating 
|  83|0x0000000085300000, 0x0000000085400000, 0x0000000085400000|100%| O|  |TAMS 0x0000000085400000, 0x0000000085300000| Updating 
|  84|0x0000000085400000, 0x0000000085500000, 0x0000000085500000|100%|HS|  |TAMS 0x0000000085500000, 0x0000000085400000| Complete 
|  85|0x0000000085500000, 0x0000000085600000, 0x0000000085600000|100%|HC|  |TAMS 0x0000000085600000, 0x0000000085500000| Complete 
|  86|0x0000000085600000, 0x0000000085700000, 0x0000000085700000|100%|HC|  |TAMS 0x0000000085700000, 0x0000000085600000| Complete 
|  87|0x0000000085700000, 0x0000000085800000, 0x0000000085800000|100%|HC|  |TAMS 0x0000000085800000, 0x0000000085700000| Complete 
|  88|0x0000000085800000, 0x0000000085900000, 0x0000000085900000|100%|HS|  |TAMS 0x0000000085900000, 0x0000000085800000| Complete 
|  89|0x0000000085900000, 0x0000000085a00000, 0x0000000085a00000|100%|HC|  |TAMS 0x0000000085a00000, 0x0000000085900000| Complete 
|  90|0x0000000085a00000, 0x0000000085b00000, 0x0000000085b00000|100%| O|  |TAMS 0x0000000085b00000, 0x0000000085a00000| Updating 
|  91|0x0000000085b00000, 0x0000000085c00000, 0x0000000085c00000|100%| O|  |TAMS 0x0000000085c00000, 0x0000000085b00000| Updating 
|  92|0x0000000085c00000, 0x0000000085d00000, 0x0000000085d00000|100%| O|  |TAMS 0x0000000085d00000, 0x0000000085c00000| Updating 
|  93|0x0000000085d00000, 0x0000000085e00000, 0x0000000085e00000|100%| O|  |TAMS 0x0000000085e00000, 0x0000000085d00000| Updating 
|  94|0x0000000085e00000, 0x0000000085f00000, 0x0000000085f00000|100%| O|  |TAMS 0x0000000085f00000, 0x0000000085e00000| Updating 
|  95|0x0000000085f00000, 0x0000000086000000, 0x0000000086000000|100%| O|  |TAMS 0x0000000086000000, 0x0000000085f00000| Updating 
|  96|0x0000000086000000, 0x0000000086100000, 0x0000000086100000|100%| O|  |TAMS 0x0000000086100000, 0x0000000086000000| Updating 
|  97|0x0000000086100000, 0x0000000086200000, 0x0000000086200000|100%| O|  |TAMS 0x0000000086200000, 0x0000000086100000| Updating 
|  98|0x0000000086200000, 0x0000000086300000, 0x0000000086300000|100%| O|  |TAMS 0x0000000086300000, 0x0000000086200000| Updating 
|  99|0x0000000086300000, 0x0000000086400000, 0x0000000086400000|100%| O|  |TAMS 0x0000000086400000, 0x0000000086300000| Updating 
| 100|0x0000000086400000, 0x0000000086500000, 0x0000000086500000|100%| O|  |TAMS 0x0000000086500000, 0x0000000086400000| Updating 
| 101|0x0000000086500000, 0x0000000086600000, 0x0000000086600000|100%| O|  |TAMS 0x0000000086600000, 0x0000000086500000| Updating 
| 102|0x0000000086600000, 0x0000000086700000, 0x0000000086700000|100%| O|  |TAMS 0x0000000086700000, 0x0000000086600000| Updating 
| 103|0x0000000086700000, 0x0000000086800000, 0x0000000086800000|100%| O|  |TAMS 0x0000000086800000, 0x0000000086700000| Updating 
| 104|0x0000000086800000, 0x0000000086900000, 0x0000000086900000|100%| O|  |TAMS 0x0000000086900000, 0x0000000086800000| Updating 
| 105|0x0000000086900000, 0x0000000086a00000, 0x0000000086a00000|100%| O|  |TAMS 0x0000000086a00000, 0x0000000086900000| Updating 
| 106|0x0000000086a00000, 0x0000000086b00000, 0x0000000086b00000|100%| O|  |TAMS 0x0000000086b00000, 0x0000000086a00000| Updating 
| 107|0x0000000086b00000, 0x0000000086c00000, 0x0000000086c00000|100%| O|  |TAMS 0x0000000086c00000, 0x0000000086b00000| Updating 
| 108|0x0000000086c00000, 0x0000000086d00000, 0x0000000086d00000|100%| O|  |TAMS 0x0000000086d00000, 0x0000000086c00000| Updating 
| 109|0x0000000086d00000, 0x0000000086e00000, 0x0000000086e00000|100%| O|  |TAMS 0x0000000086e00000, 0x0000000086d00000| Updating 
| 110|0x0000000086e00000, 0x0000000086f00000, 0x0000000086f00000|100%| O|  |TAMS 0x0000000086f00000, 0x0000000086e00000| Updating 
| 111|0x0000000086f00000, 0x0000000087000000, 0x0000000087000000|100%| O|  |TAMS 0x0000000087000000, 0x0000000086f00000| Updating 
| 112|0x0000000087000000, 0x0000000087100000, 0x0000000087100000|100%| O|  |TAMS 0x0000000087100000, 0x0000000087000000| Updating 
| 113|0x0000000087100000, 0x0000000087200000, 0x0000000087200000|100%| O|  |TAMS 0x0000000087200000, 0x0000000087100000| Updating 
| 114|0x0000000087200000, 0x0000000087300000, 0x0000000087300000|100%| O|  |TAMS 0x0000000087300000, 0x0000000087200000| Updating 
| 115|0x0000000087300000, 0x0000000087400000, 0x0000000087400000|100%| O|  |TAMS 0x0000000087400000, 0x0000000087300000| Updating 
| 116|0x0000000087400000, 0x0000000087500000, 0x0000000087500000|100%| O|  |TAMS 0x0000000087500000, 0x0000000087400000| Updating 
| 117|0x0000000087500000, 0x0000000087600000, 0x0000000087600000|100%| O|  |TAMS 0x0000000087600000, 0x0000000087500000| Updating 
| 118|0x0000000087600000, 0x0000000087700000, 0x0000000087700000|100%| O|  |TAMS 0x0000000087700000, 0x0000000087600000| Updating 
| 119|0x0000000087700000, 0x0000000087800000, 0x0000000087800000|100%|HS|  |TAMS 0x0000000087800000, 0x0000000087700000| Complete 
| 120|0x0000000087800000, 0x0000000087900000, 0x0000000087900000|100%|HC|  |TAMS 0x0000000087900000, 0x0000000087800000| Complete 
| 121|0x0000000087900000, 0x0000000087a00000, 0x0000000087a00000|100%| O|  |TAMS 0x0000000087a00000, 0x0000000087900000| Updating 
| 122|0x0000000087a00000, 0x0000000087b00000, 0x0000000087b00000|100%| O|  |TAMS 0x0000000087b00000, 0x0000000087a00000| Updating 
| 123|0x0000000087b00000, 0x0000000087c00000, 0x0000000087c00000|100%| O|  |TAMS 0x0000000087b00000, 0x0000000087b00000| Untracked 
| 124|0x0000000087c00000, 0x0000000087d00000, 0x0000000087d00000|100%| O|  |TAMS 0x0000000087d00000, 0x0000000087c00000| Updating 
| 125|0x0000000087d00000, 0x0000000087e00000, 0x0000000087e00000|100%| O|  |TAMS 0x0000000087e00000, 0x0000000087d00000| Updating 
| 126|0x0000000087e00000, 0x0000000087f00000, 0x0000000087f00000|100%| O|  |TAMS 0x0000000087e00000, 0x0000000087e00000| Untracked 
| 127|0x0000000087f00000, 0x0000000088000000, 0x0000000088000000|100%| O|  |TAMS 0x0000000087f00000, 0x0000000087f00000| Untracked 
| 128|0x0000000088000000, 0x0000000088100000, 0x0000000088100000|100%| O|  |TAMS 0x0000000088000000, 0x0000000088000000| Untracked 
| 129|0x0000000088100000, 0x0000000088200000, 0x0000000088200000|100%| O|  |TAMS 0x0000000088100000, 0x0000000088100000| Untracked 
| 130|0x0000000088200000, 0x0000000088300000, 0x0000000088300000|100%| O|  |TAMS 0x0000000088200000, 0x0000000088200000| Untracked 
| 131|0x0000000088300000, 0x0000000088400000, 0x0000000088400000|100%| O|  |TAMS 0x0000000088300000, 0x0000000088300000| Untracked 
| 132|0x0000000088400000, 0x0000000088500000, 0x0000000088500000|100%| O|  |TAMS 0x0000000088400000, 0x0000000088400000| Untracked 
| 133|0x0000000088500000, 0x0000000088600000, 0x0000000088600000|100%| O|  |TAMS 0x0000000088500000, 0x0000000088500000| Untracked 
| 134|0x0000000088600000, 0x0000000088700000, 0x0000000088700000|100%| O|  |TAMS 0x0000000088700000, 0x0000000088600000| Updating 
| 135|0x0000000088700000, 0x0000000088800000, 0x0000000088800000|100%| O|  |TAMS 0x0000000088700000, 0x0000000088700000| Untracked 
| 136|0x0000000088800000, 0x0000000088900000, 0x0000000088900000|100%| O|  |TAMS 0x0000000088800000, 0x0000000088800000| Untracked 
| 137|0x0000000088900000, 0x0000000088a00000, 0x0000000088a00000|100%| O|  |TAMS 0x0000000088900000, 0x0000000088900000| Untracked 
| 138|0x0000000088a00000, 0x0000000088b00000, 0x0000000088b00000|100%| O|  |TAMS 0x0000000088a00000, 0x0000000088a00000| Untracked 
| 139|0x0000000088b00000, 0x0000000088c00000, 0x0000000088c00000|100%| O|  |TAMS 0x0000000088b00000, 0x0000000088b00000| Untracked 
| 140|0x0000000088c00000, 0x0000000088d00000, 0x0000000088d00000|100%| O|  |TAMS 0x0000000088c00000, 0x0000000088c00000| Untracked 
| 141|0x0000000088d00000, 0x0000000088dccc00, 0x0000000088e00000| 79%| O|  |TAMS 0x0000000088d00000, 0x0000000088d00000| Untracked 
| 142|0x0000000088e00000, 0x0000000088f00000, 0x0000000088f00000|100%| O|  |TAMS 0x0000000088f00000, 0x0000000088e00000| Updating 
| 143|0x0000000088f00000, 0x0000000089000000, 0x0000000089000000|100%| O|  |TAMS 0x0000000089000000, 0x0000000088f00000| Updating 
| 144|0x0000000089000000, 0x0000000089100000, 0x0000000089100000|100%| O|  |TAMS 0x0000000089100000, 0x0000000089000000| Updating 
| 145|0x0000000089100000, 0x0000000089200000, 0x0000000089200000|100%| O|  |TAMS 0x0000000089200000, 0x0000000089100000| Updating 
| 146|0x0000000089200000, 0x0000000089200000, 0x0000000089300000|  0%| F|  |TAMS 0x0000000089200000, 0x0000000089200000| Untracked 
| 147|0x0000000089300000, 0x0000000089400000, 0x0000000089400000|100%| O|  |TAMS 0x0000000089400000, 0x0000000089300000| Updating 
| 148|0x0000000089400000, 0x0000000089400000, 0x0000000089500000|  0%| F|  |TAMS 0x0000000089400000, 0x0000000089400000| Untracked 
| 149|0x0000000089500000, 0x0000000089600000, 0x0000000089600000|100%| O|  |TAMS 0x0000000089600000, 0x0000000089500000| Updating 
| 150|0x0000000089600000, 0x0000000089600000, 0x0000000089700000|  0%| F|  |TAMS 0x0000000089600000, 0x0000000089600000| Untracked 
| 151|0x0000000089700000, 0x0000000089700000, 0x0000000089800000|  0%| F|  |TAMS 0x0000000089700000, 0x0000000089700000| Untracked 
| 152|0x0000000089800000, 0x0000000089800000, 0x0000000089900000|  0%| F|  |TAMS 0x0000000089800000, 0x0000000089800000| Untracked 
| 153|0x0000000089900000, 0x0000000089900000, 0x0000000089a00000|  0%| F|  |TAMS 0x0000000089900000, 0x0000000089900000| Untracked 
| 154|0x0000000089a00000, 0x0000000089a00000, 0x0000000089b00000|  0%| F|  |TAMS 0x0000000089a00000, 0x0000000089a00000| Untracked 
| 155|0x0000000089b00000, 0x0000000089b00000, 0x0000000089c00000|  0%| F|  |TAMS 0x0000000089b00000, 0x0000000089b00000| Untracked 
| 156|0x0000000089c00000, 0x0000000089c00000, 0x0000000089d00000|  0%| F|  |TAMS 0x0000000089c00000, 0x0000000089c00000| Untracked 
| 157|0x0000000089d00000, 0x0000000089d00000, 0x0000000089e00000|  0%| F|  |TAMS 0x0000000089d00000, 0x0000000089d00000| Untracked 
| 158|0x0000000089e00000, 0x0000000089e00000, 0x0000000089f00000|  0%| F|  |TAMS 0x0000000089e00000, 0x0000000089e00000| Untracked 
| 159|0x0000000089f00000, 0x0000000089f00000, 0x000000008a000000|  0%| F|  |TAMS 0x0000000089f00000, 0x0000000089f00000| Untracked 
| 160|0x000000008a000000, 0x000000008a100000, 0x000000008a100000|100%| O|  |TAMS 0x000000008a100000, 0x000000008a000000| Updating 
| 161|0x000000008a100000, 0x000000008a100000, 0x000000008a200000|  0%| F|  |TAMS 0x000000008a100000, 0x000000008a100000| Untracked 
| 162|0x000000008a200000, 0x000000008a200000, 0x000000008a300000|  0%| F|  |TAMS 0x000000008a200000, 0x000000008a200000| Untracked 
| 163|0x000000008a300000, 0x000000008a300000, 0x000000008a400000|  0%| F|  |TAMS 0x000000008a300000, 0x000000008a300000| Untracked 
| 164|0x000000008a400000, 0x000000008a500000, 0x000000008a500000|100%| O|  |TAMS 0x000000008a500000, 0x000000008a400000| Updating 
| 165|0x000000008a500000, 0x000000008a600000, 0x000000008a600000|100%| O|  |TAMS 0x000000008a600000, 0x000000008a500000| Updating 
| 166|0x000000008a600000, 0x000000008a700000, 0x000000008a700000|100%| O|  |TAMS 0x000000008a700000, 0x000000008a600000| Updating 
| 167|0x000000008a700000, 0x000000008a700000, 0x000000008a800000|  0%| F|  |TAMS 0x000000008a700000, 0x000000008a700000| Untracked 
| 168|0x000000008a800000, 0x000000008a800000, 0x000000008a900000|  0%| F|  |TAMS 0x000000008a800000, 0x000000008a800000| Untracked 
| 169|0x000000008a900000, 0x000000008a900000, 0x000000008aa00000|  0%| F|  |TAMS 0x000000008a900000, 0x000000008a900000| Untracked 
| 170|0x000000008aa00000, 0x000000008ab00000, 0x000000008ab00000|100%| O|  |TAMS 0x000000008ab00000, 0x000000008aa00000| Updating 
| 171|0x000000008ab00000, 0x000000008ab00000, 0x000000008ac00000|  0%| F|  |TAMS 0x000000008ab00000, 0x000000008ab00000| Untracked 
| 172|0x000000008ac00000, 0x000000008ac00000, 0x000000008ad00000|  0%| F|  |TAMS 0x000000008ac00000, 0x000000008ac00000| Untracked 
| 173|0x000000008ad00000, 0x000000008ae00000, 0x000000008ae00000|100%| O|  |TAMS 0x000000008ae00000, 0x000000008ad00000| Updating 
| 174|0x000000008ae00000, 0x000000008af00000, 0x000000008af00000|100%| O|  |TAMS 0x000000008af00000, 0x000000008ae00000| Updating 
| 175|0x000000008af00000, 0x000000008b000000, 0x000000008b000000|100%| O|  |TAMS 0x000000008b000000, 0x000000008af00000| Updating 
| 176|0x000000008b000000, 0x000000008b100000, 0x000000008b100000|100%| O|  |TAMS 0x000000008b100000, 0x000000008b000000| Updating 
| 177|0x000000008b100000, 0x000000008b200000, 0x000000008b200000|100%| O|  |TAMS 0x000000008b200000, 0x000000008b100000| Updating 
| 178|0x000000008b200000, 0x000000008b300000, 0x000000008b300000|100%| O|  |TAMS 0x000000008b300000, 0x000000008b200000| Updating 
| 179|0x000000008b300000, 0x000000008b400000, 0x000000008b400000|100%|HS|  |TAMS 0x000000008b400000, 0x000000008b300000| Complete 
| 180|0x000000008b400000, 0x000000008b500000, 0x000000008b500000|100%|HC|  |TAMS 0x000000008b500000, 0x000000008b400000| Complete 
| 181|0x000000008b500000, 0x000000008b600000, 0x000000008b600000|100%| O|  |TAMS 0x000000008b600000, 0x000000008b500000| Updating 
| 182|0x000000008b600000, 0x000000008b700000, 0x000000008b700000|100%| O|  |TAMS 0x000000008b700000, 0x000000008b600000| Updating 
| 183|0x000000008b700000, 0x000000008b800000, 0x000000008b800000|100%| O|  |TAMS 0x000000008b800000, 0x000000008b700000| Updating 
| 184|0x000000008b800000, 0x000000008b900000, 0x000000008b900000|100%| O|  |TAMS 0x000000008b900000, 0x000000008b800000| Updating 
| 185|0x000000008b900000, 0x000000008ba00000, 0x000000008ba00000|100%| O|  |TAMS 0x000000008ba00000, 0x000000008b900000| Updating 
| 186|0x000000008ba00000, 0x000000008bb00000, 0x000000008bb00000|100%| O|  |TAMS 0x000000008bb00000, 0x000000008ba00000| Updating 
| 187|0x000000008bb00000, 0x000000008bc00000, 0x000000008bc00000|100%| O|  |TAMS 0x000000008bc00000, 0x000000008bb00000| Updating 
| 188|0x000000008bc00000, 0x000000008bd00000, 0x000000008bd00000|100%| O|  |TAMS 0x000000008bd00000, 0x000000008bc00000| Updating 
| 189|0x000000008bd00000, 0x000000008be00000, 0x000000008be00000|100%| O|  |TAMS 0x000000008be00000, 0x000000008bd00000| Updating 
| 190|0x000000008be00000, 0x000000008bf00000, 0x000000008bf00000|100%| O|  |TAMS 0x000000008bf00000, 0x000000008be00000| Updating 
| 191|0x000000008bf00000, 0x000000008c000000, 0x000000008c000000|100%| O|  |TAMS 0x000000008c000000, 0x000000008bf00000| Updating 
| 192|0x000000008c000000, 0x000000008c100000, 0x000000008c100000|100%| O|  |TAMS 0x000000008c100000, 0x000000008c000000| Updating 
| 193|0x000000008c100000, 0x000000008c200000, 0x000000008c200000|100%| O|  |TAMS 0x000000008c200000, 0x000000008c100000| Updating 
| 194|0x000000008c200000, 0x000000008c300000, 0x000000008c300000|100%| O|  |TAMS 0x000000008c300000, 0x000000008c200000| Updating 
| 195|0x000000008c300000, 0x000000008c400000, 0x000000008c400000|100%| O|  |TAMS 0x000000008c400000, 0x000000008c300000| Updating 
| 196|0x000000008c400000, 0x000000008c500000, 0x000000008c500000|100%| O|  |TAMS 0x000000008c500000, 0x000000008c400000| Updating 
| 197|0x000000008c500000, 0x000000008c600000, 0x000000008c600000|100%| O|  |TAMS 0x000000008c600000, 0x000000008c500000| Updating 
| 198|0x000000008c600000, 0x000000008c700000, 0x000000008c700000|100%| O|  |TAMS 0x000000008c700000, 0x000000008c600000| Updating 
| 199|0x000000008c700000, 0x000000008c800000, 0x000000008c800000|100%| O|  |TAMS 0x000000008c800000, 0x000000008c700000| Updating 
| 200|0x000000008c800000, 0x000000008c900000, 0x000000008c900000|100%| O|  |TAMS 0x000000008c900000, 0x000000008c800000| Updating 
| 201|0x000000008c900000, 0x000000008ca00000, 0x000000008ca00000|100%| O|  |TAMS 0x000000008ca00000, 0x000000008c900000| Updating 
| 202|0x000000008ca00000, 0x000000008cb00000, 0x000000008cb00000|100%| O|  |TAMS 0x000000008cb00000, 0x000000008ca00000| Updating 
| 203|0x000000008cb00000, 0x000000008cc00000, 0x000000008cc00000|100%| O|  |TAMS 0x000000008cc00000, 0x000000008cb00000| Updating 
| 204|0x000000008cc00000, 0x000000008cd00000, 0x000000008cd00000|100%| O|  |TAMS 0x000000008cd00000, 0x000000008cc00000| Updating 
| 205|0x000000008cd00000, 0x000000008ce00000, 0x000000008ce00000|100%| O|  |TAMS 0x000000008ce00000, 0x000000008cd00000| Updating 
| 206|0x000000008ce00000, 0x000000008cf00000, 0x000000008cf00000|100%| O|  |TAMS 0x000000008cf00000, 0x000000008ce00000| Updating 
| 207|0x000000008cf00000, 0x000000008d000000, 0x000000008d000000|100%| O|  |TAMS 0x000000008d000000, 0x000000008cf00000| Updating 
| 208|0x000000008d000000, 0x000000008d100000, 0x000000008d100000|100%| O|  |TAMS 0x000000008d100000, 0x000000008d000000| Updating 
| 209|0x000000008d100000, 0x000000008d200000, 0x000000008d200000|100%| O|  |TAMS 0x000000008d200000, 0x000000008d100000| Updating 
| 210|0x000000008d200000, 0x000000008d300000, 0x000000008d300000|100%| O|  |TAMS 0x000000008d300000, 0x000000008d200000| Updating 
| 211|0x000000008d300000, 0x000000008d400000, 0x000000008d400000|100%| O|  |TAMS 0x000000008d400000, 0x000000008d300000| Updating 
| 212|0x000000008d400000, 0x000000008d500000, 0x000000008d500000|100%| O|  |TAMS 0x000000008d500000, 0x000000008d400000| Updating 
| 213|0x000000008d500000, 0x000000008d600000, 0x000000008d600000|100%| O|  |TAMS 0x000000008d600000, 0x000000008d500000| Updating 
| 214|0x000000008d600000, 0x000000008d700000, 0x000000008d700000|100%| O|  |TAMS 0x000000008d700000, 0x000000008d600000| Updating 
| 215|0x000000008d700000, 0x000000008d800000, 0x000000008d800000|100%| O|  |TAMS 0x000000008d800000, 0x000000008d700000| Updating 
| 216|0x000000008d800000, 0x000000008d900000, 0x000000008d900000|100%| O|  |TAMS 0x000000008d900000, 0x000000008d800000| Updating 
| 217|0x000000008d900000, 0x000000008da00000, 0x000000008da00000|100%| O|  |TAMS 0x000000008da00000, 0x000000008d900000| Updating 
| 218|0x000000008da00000, 0x000000008db00000, 0x000000008db00000|100%| O|  |TAMS 0x000000008db00000, 0x000000008da00000| Updating 
| 219|0x000000008db00000, 0x000000008dc00000, 0x000000008dc00000|100%| O|  |TAMS 0x000000008dc00000, 0x000000008db00000| Updating 
| 220|0x000000008dc00000, 0x000000008dd00000, 0x000000008dd00000|100%| O|  |TAMS 0x000000008dd00000, 0x000000008dc00000| Updating 
| 221|0x000000008dd00000, 0x000000008de00000, 0x000000008de00000|100%| O|  |TAMS 0x000000008de00000, 0x000000008dd00000| Updating 
| 222|0x000000008de00000, 0x000000008df00000, 0x000000008df00000|100%| O|  |TAMS 0x000000008df00000, 0x000000008de00000| Updating 
| 223|0x000000008df00000, 0x000000008e000000, 0x000000008e000000|100%| O|  |TAMS 0x000000008e000000, 0x000000008df00000| Updating 
| 224|0x000000008e000000, 0x000000008e100000, 0x000000008e100000|100%| O|  |TAMS 0x000000008e100000, 0x000000008e000000| Updating 
| 225|0x000000008e100000, 0x000000008e200000, 0x000000008e200000|100%| O|  |TAMS 0x000000008e200000, 0x000000008e100000| Updating 
| 226|0x000000008e200000, 0x000000008e300000, 0x000000008e300000|100%| O|  |TAMS 0x000000008e300000, 0x000000008e200000| Updating 
| 227|0x000000008e300000, 0x000000008e400000, 0x000000008e400000|100%| O|  |TAMS 0x000000008e400000, 0x000000008e300000| Updating 
| 228|0x000000008e400000, 0x000000008e500000, 0x000000008e500000|100%| O|  |TAMS 0x000000008e500000, 0x000000008e400000| Updating 
| 229|0x000000008e500000, 0x000000008e600000, 0x000000008e600000|100%| O|  |TAMS 0x000000008e600000, 0x000000008e500000| Updating 
| 230|0x000000008e600000, 0x000000008e700000, 0x000000008e700000|100%| O|  |TAMS 0x000000008e680000, 0x000000008e600000| Updating 
| 231|0x000000008e700000, 0x000000008e800000, 0x000000008e800000|100%| O|  |TAMS 0x000000008e700000, 0x000000008e700000| Untracked 
| 232|0x000000008e800000, 0x000000008e900000, 0x000000008e900000|100%| O|  |TAMS 0x000000008e800000, 0x000000008e800000| Untracked 
| 233|0x000000008e900000, 0x000000008ea00000, 0x000000008ea00000|100%| O|  |TAMS 0x000000008e900000, 0x000000008e900000| Untracked 
| 234|0x000000008ea00000, 0x000000008eb00000, 0x000000008eb00000|100%| O|  |TAMS 0x000000008ea00000, 0x000000008ea00000| Untracked 
| 235|0x000000008eb00000, 0x000000008ec00000, 0x000000008ec00000|100%| O|  |TAMS 0x000000008eb00000, 0x000000008eb00000| Updating 
| 236|0x000000008ec00000, 0x000000008ec00000, 0x000000008ed00000|  0%| F|  |TAMS 0x000000008ec00000, 0x000000008ec00000| Untracked 
| 237|0x000000008ed00000, 0x000000008ed00000, 0x000000008ee00000|  0%| F|  |TAMS 0x000000008ed00000, 0x000000008ed00000| Untracked 
| 238|0x000000008ee00000, 0x000000008ee00000, 0x000000008ef00000|  0%| F|  |TAMS 0x000000008ee00000, 0x000000008ee00000| Untracked 
| 239|0x000000008ef00000, 0x000000008ef00000, 0x000000008f000000|  0%| F|  |TAMS 0x000000008ef00000, 0x000000008ef00000| Untracked 
| 240|0x000000008f000000, 0x000000008f000000, 0x000000008f100000|  0%| F|  |TAMS 0x000000008f000000, 0x000000008f000000| Untracked 
| 241|0x000000008f100000, 0x000000008f100000, 0x000000008f200000|  0%| F|  |TAMS 0x000000008f100000, 0x000000008f100000| Untracked 
| 242|0x000000008f200000, 0x000000008f200000, 0x000000008f300000|  0%| F|  |TAMS 0x000000008f200000, 0x000000008f200000| Untracked 
| 243|0x000000008f300000, 0x000000008f300000, 0x000000008f400000|  0%| F|  |TAMS 0x000000008f300000, 0x000000008f300000| Untracked 
| 244|0x000000008f400000, 0x000000008f400000, 0x000000008f500000|  0%| F|  |TAMS 0x000000008f400000, 0x000000008f400000| Untracked 
| 245|0x000000008f500000, 0x000000008f500000, 0x000000008f600000|  0%| F|  |TAMS 0x000000008f500000, 0x000000008f500000| Untracked 
| 246|0x000000008f600000, 0x000000008f600000, 0x000000008f700000|  0%| F|  |TAMS 0x000000008f600000, 0x000000008f600000| Untracked 
| 247|0x000000008f700000, 0x000000008f700000, 0x000000008f800000|  0%| F|  |TAMS 0x000000008f700000, 0x000000008f700000| Untracked 
| 248|0x000000008f800000, 0x000000008f800000, 0x000000008f900000|  0%| F|  |TAMS 0x000000008f800000, 0x000000008f800000| Untracked 
| 249|0x000000008f900000, 0x000000008f900000, 0x000000008fa00000|  0%| F|  |TAMS 0x000000008f900000, 0x000000008f900000| Untracked 
| 250|0x000000008fa00000, 0x000000008fa00000, 0x000000008fb00000|  0%| F|  |TAMS 0x000000008fa00000, 0x000000008fa00000| Untracked 
| 251|0x000000008fb00000, 0x000000008fb00000, 0x000000008fc00000|  0%| F|  |TAMS 0x000000008fb00000, 0x000000008fb00000| Untracked 
| 252|0x000000008fc00000, 0x000000008fc00000, 0x000000008fd00000|  0%| F|  |TAMS 0x000000008fc00000, 0x000000008fc00000| Untracked 
| 253|0x000000008fd00000, 0x000000008fd00000, 0x000000008fe00000|  0%| F|  |TAMS 0x000000008fd00000, 0x000000008fd00000| Untracked 
| 254|0x000000008fe00000, 0x000000008fe00000, 0x000000008ff00000|  0%| F|  |TAMS 0x000000008fe00000, 0x000000008fe00000| Untracked 
| 255|0x000000008ff00000, 0x000000008ff00000, 0x0000000090000000|  0%| F|  |TAMS 0x000000008ff00000, 0x000000008ff00000| Untracked 
| 256|0x0000000090000000, 0x0000000090000000, 0x0000000090100000|  0%| F|  |TAMS 0x0000000090000000, 0x0000000090000000| Untracked 
| 257|0x0000000090100000, 0x0000000090100000, 0x0000000090200000|  0%| F|  |TAMS 0x0000000090100000, 0x0000000090100000| Untracked 
| 258|0x0000000090200000, 0x0000000090200000, 0x0000000090300000|  0%| F|  |TAMS 0x0000000090200000, 0x0000000090200000| Untracked 
| 259|0x0000000090300000, 0x0000000090300000, 0x0000000090400000|  0%| F|  |TAMS 0x0000000090300000, 0x0000000090300000| Untracked 
| 260|0x0000000090400000, 0x0000000090400000, 0x0000000090500000|  0%| F|  |TAMS 0x0000000090400000, 0x0000000090400000| Untracked 
| 261|0x0000000090500000, 0x0000000090500000, 0x0000000090600000|  0%| F|  |TAMS 0x0000000090500000, 0x0000000090500000| Untracked 
| 262|0x0000000090600000, 0x0000000090600000, 0x0000000090700000|  0%| F|  |TAMS 0x0000000090600000, 0x0000000090600000| Untracked 
| 263|0x0000000090700000, 0x0000000090700000, 0x0000000090800000|  0%| F|  |TAMS 0x0000000090700000, 0x0000000090700000| Untracked 
| 264|0x0000000090800000, 0x0000000090800000, 0x0000000090900000|  0%| F|  |TAMS 0x0000000090800000, 0x0000000090800000| Untracked 
| 265|0x0000000090900000, 0x0000000090900000, 0x0000000090a00000|  0%| F|  |TAMS 0x0000000090900000, 0x0000000090900000| Untracked 
| 266|0x0000000090a00000, 0x0000000090a00000, 0x0000000090b00000|  0%| F|  |TAMS 0x0000000090a00000, 0x0000000090a00000| Untracked 
| 267|0x0000000090b00000, 0x0000000090b00000, 0x0000000090c00000|  0%| F|  |TAMS 0x0000000090b00000, 0x0000000090b00000| Untracked 
| 268|0x0000000090c00000, 0x0000000090c00000, 0x0000000090d00000|  0%| F|  |TAMS 0x0000000090c00000, 0x0000000090c00000| Untracked 
| 269|0x0000000090d00000, 0x0000000090d00000, 0x0000000090e00000|  0%| F|  |TAMS 0x0000000090d00000, 0x0000000090d00000| Untracked 
| 270|0x0000000090e00000, 0x0000000090e00000, 0x0000000090f00000|  0%| F|  |TAMS 0x0000000090e00000, 0x0000000090e00000| Untracked 
| 271|0x0000000090f00000, 0x0000000090f00000, 0x0000000091000000|  0%| F|  |TAMS 0x0000000090f00000, 0x0000000090f00000| Untracked 
| 272|0x0000000091000000, 0x0000000091000000, 0x0000000091100000|  0%| F|  |TAMS 0x0000000091000000, 0x0000000091000000| Untracked 
| 273|0x0000000091100000, 0x0000000091100000, 0x0000000091200000|  0%| F|  |TAMS 0x0000000091100000, 0x0000000091100000| Untracked 
| 274|0x0000000091200000, 0x0000000091200000, 0x0000000091300000|  0%| F|  |TAMS 0x0000000091200000, 0x0000000091200000| Untracked 
| 275|0x0000000091300000, 0x0000000091300000, 0x0000000091400000|  0%| F|  |TAMS 0x0000000091300000, 0x0000000091300000| Untracked 
| 276|0x0000000091400000, 0x0000000091400000, 0x0000000091500000|  0%| F|  |TAMS 0x0000000091400000, 0x0000000091400000| Untracked 
| 277|0x0000000091500000, 0x0000000091500000, 0x0000000091600000|  0%| F|  |TAMS 0x0000000091500000, 0x0000000091500000| Untracked 
| 278|0x0000000091600000, 0x0000000091600000, 0x0000000091700000|  0%| F|  |TAMS 0x0000000091600000, 0x0000000091600000| Untracked 
| 279|0x0000000091700000, 0x0000000091700000, 0x0000000091800000|  0%| F|  |TAMS 0x0000000091700000, 0x0000000091700000| Untracked 
| 280|0x0000000091800000, 0x0000000091800000, 0x0000000091900000|  0%| F|  |TAMS 0x0000000091800000, 0x0000000091800000| Untracked 
| 281|0x0000000091900000, 0x0000000091900000, 0x0000000091a00000|  0%| F|  |TAMS 0x0000000091900000, 0x0000000091900000| Untracked 
| 282|0x0000000091a00000, 0x0000000091a00000, 0x0000000091b00000|  0%| F|  |TAMS 0x0000000091a00000, 0x0000000091a00000| Untracked 
| 283|0x0000000091b00000, 0x0000000091b00000, 0x0000000091c00000|  0%| F|  |TAMS 0x0000000091b00000, 0x0000000091b00000| Untracked 
| 284|0x0000000091c00000, 0x0000000091c00000, 0x0000000091d00000|  0%| F|  |TAMS 0x0000000091c00000, 0x0000000091c00000| Untracked 
| 285|0x0000000091d00000, 0x0000000091d00000, 0x0000000091e00000|  0%| F|  |TAMS 0x0000000091d00000, 0x0000000091d00000| Untracked 
| 286|0x0000000091e00000, 0x0000000091f00000, 0x0000000091f00000|100%| S|CS|TAMS 0x0000000091e00000, 0x0000000091e00000| Complete 
| 287|0x0000000091f00000, 0x0000000092000000, 0x0000000092000000|100%| S|CS|TAMS 0x0000000091f00000, 0x0000000091f00000| Complete 
| 288|0x0000000092000000, 0x0000000092100000, 0x0000000092100000|100%| S|CS|TAMS 0x0000000092000000, 0x0000000092000000| Complete 
| 289|0x0000000092100000, 0x0000000092100000, 0x0000000092200000|  0%| F|  |TAMS 0x0000000092100000, 0x0000000092100000| Untracked 
| 290|0x0000000092200000, 0x0000000092200000, 0x0000000092300000|  0%| F|  |TAMS 0x0000000092200000, 0x0000000092200000| Untracked 
| 291|0x0000000092300000, 0x0000000092300000, 0x0000000092400000|  0%| F|  |TAMS 0x0000000092300000, 0x0000000092300000| Untracked 
| 292|0x0000000092400000, 0x0000000092400000, 0x0000000092500000|  0%| F|  |TAMS 0x0000000092400000, 0x0000000092400000| Untracked 
| 293|0x0000000092500000, 0x0000000092500000, 0x0000000092600000|  0%| F|  |TAMS 0x0000000092500000, 0x0000000092500000| Untracked 
| 294|0x0000000092600000, 0x0000000092600000, 0x0000000092700000|  0%| F|  |TAMS 0x0000000092600000, 0x0000000092600000| Untracked 
| 295|0x0000000092700000, 0x0000000092700000, 0x0000000092800000|  0%| F|  |TAMS 0x0000000092700000, 0x0000000092700000| Untracked 
| 296|0x0000000092800000, 0x0000000092800000, 0x0000000092900000|  0%| F|  |TAMS 0x0000000092800000, 0x0000000092800000| Untracked 
| 297|0x0000000092900000, 0x0000000092900000, 0x0000000092a00000|  0%| F|  |TAMS 0x0000000092900000, 0x0000000092900000| Untracked 
| 298|0x0000000092a00000, 0x0000000092a00000, 0x0000000092b00000|  0%| F|  |TAMS 0x0000000092a00000, 0x0000000092a00000| Untracked 
| 299|0x0000000092b00000, 0x0000000092b00000, 0x0000000092c00000|  0%| F|  |TAMS 0x0000000092b00000, 0x0000000092b00000| Untracked 
| 300|0x0000000092c00000, 0x0000000092c00000, 0x0000000092d00000|  0%| F|  |TAMS 0x0000000092c00000, 0x0000000092c00000| Untracked 
| 301|0x0000000092d00000, 0x0000000092d00000, 0x0000000092e00000|  0%| F|  |TAMS 0x0000000092d00000, 0x0000000092d00000| Untracked 
| 302|0x0000000092e00000, 0x0000000092e00000, 0x0000000092f00000|  0%| F|  |TAMS 0x0000000092e00000, 0x0000000092e00000| Untracked 
| 303|0x0000000092f00000, 0x0000000092f00000, 0x0000000093000000|  0%| F|  |TAMS 0x0000000092f00000, 0x0000000092f00000| Untracked 
| 304|0x0000000093000000, 0x0000000093000000, 0x0000000093100000|  0%| F|  |TAMS 0x0000000093000000, 0x0000000093000000| Untracked 
| 305|0x0000000093100000, 0x0000000093100000, 0x0000000093200000|  0%| F|  |TAMS 0x0000000093100000, 0x0000000093100000| Untracked 
| 306|0x0000000093200000, 0x0000000093200000, 0x0000000093300000|  0%| F|  |TAMS 0x0000000093200000, 0x0000000093200000| Untracked 
| 307|0x0000000093300000, 0x0000000093300000, 0x0000000093400000|  0%| F|  |TAMS 0x0000000093300000, 0x0000000093300000| Untracked 
| 308|0x0000000093400000, 0x0000000093400000, 0x0000000093500000|  0%| F|  |TAMS 0x0000000093400000, 0x0000000093400000| Untracked 
| 309|0x0000000093500000, 0x0000000093500000, 0x0000000093600000|  0%| F|  |TAMS 0x0000000093500000, 0x0000000093500000| Untracked 
| 310|0x0000000093600000, 0x0000000093600000, 0x0000000093700000|  0%| F|  |TAMS 0x0000000093600000, 0x0000000093600000| Untracked 

Card table byte_map: [0x000002c2bf8e0000,0x000002c2bfce0000] _byte_map_base: 0x000002c2bf4e0000

Marking Bits (Prev, Next): (CMBitMap*) 0x000002c2ac91b0c8, (CMBitMap*) 0x000002c2ac91b100
 Prev Bits: [0x000002c2c00e0000, 0x000002c2c20e0000)
 Next Bits: [0x000002c2c20e0000, 0x000002c2c40e0000)

Polling page: 0x000002c2aa850000

Metaspace:

Usage:
  Non-class:     86.97 MB capacity,    85.38 MB ( 98%) used,     1.33 MB (  2%) free+waste,   268.25 KB ( <1%) overhead. 
      Class:     12.73 MB capacity,    11.91 MB ( 94%) used,   722.14 KB (  6%) free+waste,   116.00 KB ( <1%) overhead. 
       Both:     99.70 MB capacity,    97.29 MB ( 98%) used,     2.03 MB (  2%) free+waste,   384.25 KB ( <1%) overhead. 

Virtual space:
  Non-class space:       88.00 MB reserved,      87.08 MB ( 99%) committed 
      Class space:        1.00 GB reserved,      12.75 MB (  1%) committed 
             Both:        1.09 GB reserved,      99.83 MB (  9%) committed 

Chunk freelists:
   Non-Class:  47.00 KB
       Class:  24.00 KB
        Both:  71.00 KB

MaxMetaspaceSize: 17179869184.00 GB
CompressedClassSpaceSize: 1.00 GB
Initial GC threshold: 20.80 MB
Current GC threshold: 166.38 MB
CDS: off

CodeHeap 'non-profiled nmethods': size=120064Kb used=6812Kb max_used=6812Kb free=113251Kb
 bounds [0x000002c2b7e90000, 0x000002c2b8540000, 0x000002c2bf3d0000]
CodeHeap 'profiled nmethods': size=120000Kb used=29014Kb max_used=29014Kb free=90985Kb
 bounds [0x000002c2b0960000, 0x000002c2b25c0000, 0x000002c2b7e90000]
CodeHeap 'non-nmethods': size=5696Kb used=1689Kb max_used=1745Kb free=4006Kb
 bounds [0x000002c2b03d0000, 0x000002c2b0640000, 0x000002c2b0960000]
 total_blobs=14038 nmethods=13278 adapters=672
 compilation: enabled
              stopped_count=0, restarted_count=0
 full_count=0

Compilation events (20 events):
Event: 25.697 Thread 0x000002c2c690d000 13572       1       com.google.gson.internal.$Gson$Types$ParameterizedTypeImpl::getRawType (5 bytes)
Event: 25.698 Thread 0x000002c2c690d000 nmethod 13572 0x000002c2b8530290 code [0x000002c2b8530440, 0x000002c2b85304f8]
Event: 25.699 Thread 0x000002c2c690d000 13579       2       android.databinding.tool.store.BindingAdapterStore::filterOutAndroidSupportFromMap (137 bytes)
Event: 25.699 Thread 0x000002c2c690d000 nmethod 13579 0x000002c2b25b0290 code [0x000002c2b25b04e0, 0x000002c2b25b09c8]
Event: 25.699 Thread 0x000002c2c690d000 13581       2       java.util.LinkedHashMap::forEach (65 bytes)
Event: 25.700 Thread 0x000002c2c690d000 nmethod 13581 0x000002c2b25b0d10 code [0x000002c2b25b0f00, 0x000002c2b25b1248]
Event: 25.700 Thread 0x000002c2c690d000 13582       2       android.databinding.tool.store.SetterStore$MultiValueAdapterKey::compareTo (248 bytes)
Event: 25.701 Thread 0x000002c2c690d000 nmethod 13582 0x000002c2b25b1410 code [0x000002c2b25b16e0, 0x000002c2b25b2148]
Event: 25.701 Thread 0x000002c2c690d000 13580       2       java.util.Map::putIfAbsent (23 bytes)
Event: 25.701 Thread 0x000002c2c690d000 nmethod 13580 0x000002c2b25b2690 code [0x000002c2b25b2860, 0x000002c2b25b29d8]
Event: 25.703 Thread 0x000002c2c690d000 13583   !   2       sun.net.www.ParseUtil::decode (317 bytes)
Event: 25.706 Thread 0x000002c2c690d000 nmethod 13583 0x000002c2b25b2a90 code [0x000002c2b25b2e80, 0x000002c2b25b44b8]
Event: 25.706 Thread 0x000002c2c690d000 13584       2       org.apache.xerces.parsers.XIncludeAwareParserConfiguration::getFeature (34 bytes)
Event: 25.706 Thread 0x000002c2c690d000 nmethod 13584 0x000002c2b25b5490 code [0x000002c2b25b5680, 0x000002c2b25b58d8]
Event: 25.761 Thread 0x000002c2c6907800 nmethod 13536 0x000002c2b8530590 code [0x000002c2b8530a20, 0x000002c2b85336f0]
Event: 25.761 Thread 0x000002c2c6907800 13410       4       org.apache.xerces.parsers.AbstractDOMParser::endElement (474 bytes)
Event: 25.763 Thread 0x000002c2c6907800 nmethod 13410 0x000002c2b8536110 code [0x000002c2b85362c0, 0x000002c2b8536438]
Event: 25.763 Thread 0x000002c2c6907800 13585       4       org.apache.xerces.impl.XMLEntityScanner::skipString (207 bytes)
Event: 25.768 Thread 0x000002c2c6907800 nmethod 13585 0x000002c2b8536690 code [0x000002c2b8536860, 0x000002c2b8536d58]
Event: 25.769 Thread 0x000002c2c6907800 13586 % !   4       org.apache.xerces.impl.XMLDocumentFragmentScannerImpl$FragmentContentDispatcher::dispatch @ 0 (1128 bytes)

GC Heap History (20 events):
Event: 24.117 GC heap after
{Heap after GC invocations=77 (full 0):
 garbage-first heap   total 249856K, used 187058K [0x0000000080000000, 0x0000000100000000)
  region size 1024K, 3 young (3072K), 3 survivors (3072K)
 Metaspace       used 98187K, capacity 100682K, committed 100944K, reserved 1136640K
  class space    used 12093K, capacity 12956K, committed 13056K, reserved 1048576K
}
Event: 24.168 GC heap before
{Heap before GC invocations=77 (full 0):
 garbage-first heap   total 249856K, used 196274K [0x0000000080000000, 0x0000000100000000)
  region size 1024K, 12 young (12288K), 3 survivors (3072K)
 Metaspace       used 98265K, capacity 100749K, committed 100944K, reserved 1136640K
  class space    used 12094K, capacity 12956K, committed 13056K, reserved 1048576K
}
Event: 24.173 GC heap after
{Heap after GC invocations=78 (full 0):
 garbage-first heap   total 249856K, used 183122K [0x0000000080000000, 0x0000000100000000)
  region size 1024K, 1 young (1024K), 1 survivors (1024K)
 Metaspace       used 98265K, capacity 100749K, committed 100944K, reserved 1136640K
  class space    used 12094K, capacity 12956K, committed 13056K, reserved 1048576K
}
Event: 24.259 GC heap before
{Heap before GC invocations=78 (full 0):
 garbage-first heap   total 249856K, used 203602K [0x0000000080000000, 0x0000000100000000)
  region size 1024K, 21 young (21504K), 1 survivors (1024K)
 Metaspace       used 98389K, capacity 100882K, committed 101200K, reserved 1138688K
  class space    used 12098K, capacity 12957K, committed 13056K, reserved 1048576K
}
Event: 24.262 GC heap after
{Heap after GC invocations=79 (full 0):
 garbage-first heap   total 249856K, used 183775K [0x0000000080000000, 0x0000000100000000)
  region size 1024K, 2 young (2048K), 2 survivors (2048K)
 Metaspace       used 98389K, capacity 100882K, committed 101200K, reserved 1138688K
  class space    used 12098K, capacity 12957K, committed 13056K, reserved 1048576K
}
Event: 24.546 GC heap before
{Heap before GC invocations=80 (full 0):
 garbage-first heap   total 249856K, used 205279K [0x0000000080000000, 0x0000000100000000)
  region size 1024K, 23 young (23552K), 2 survivors (2048K)
 Metaspace       used 99064K, capacity 101540K, committed 101712K, reserved 1138688K
  class space    used 12162K, capacity 13025K, committed 13056K, reserved 1048576K
}
Event: 24.551 GC heap after
{Heap after GC invocations=81 (full 0):
 garbage-first heap   total 249856K, used 184600K [0x0000000080000000, 0x0000000100000000)
  region size 1024K, 3 young (3072K), 3 survivors (3072K)
 Metaspace       used 99064K, capacity 101540K, committed 101712K, reserved 1138688K
  class space    used 12162K, capacity 13025K, committed 13056K, reserved 1048576K
}
Event: 24.694 GC heap before
{Heap before GC invocations=81 (full 0):
 garbage-first heap   total 249856K, used 193816K [0x0000000080000000, 0x0000000100000000)
  region size 1024K, 12 young (12288K), 3 survivors (3072K)
 Metaspace       used 99369K, capacity 101886K, committed 101968K, reserved 1138688K
  class space    used 12193K, capacity 13032K, committed 13056K, reserved 1048576K
}
Event: 24.701 GC heap after
{Heap after GC invocations=82 (full 0):
 garbage-first heap   total 249856K, used 185376K [0x0000000080000000, 0x0000000100000000)
  region size 1024K, 2 young (2048K), 2 survivors (2048K)
 Metaspace       used 99369K, capacity 101886K, committed 101968K, reserved 1138688K
  class space    used 12193K, capacity 13032K, committed 13056K, reserved 1048576K
}
Event: 24.865 GC heap before
{Heap before GC invocations=82 (full 0):
 garbage-first heap   total 249856K, used 207904K [0x0000000080000000, 0x0000000100000000)
  region size 1024K, 24 young (24576K), 2 survivors (2048K)
 Metaspace       used 99447K, capacity 101953K, committed 102224K, reserved 1138688K
  class space    used 12193K, capacity 13032K, committed 13056K, reserved 1048576K
}
Event: 24.871 GC heap after
{Heap after GC invocations=83 (full 0):
 garbage-first heap   total 249856K, used 188216K [0x0000000080000000, 0x0000000100000000)
  region size 1024K, 3 young (3072K), 3 survivors (3072K)
 Metaspace       used 99447K, capacity 101953K, committed 102224K, reserved 1138688K
  class space    used 12193K, capacity 13032K, committed 13056K, reserved 1048576K
}
Event: 25.050 GC heap before
{Heap before GC invocations=83 (full 0):
 garbage-first heap   total 249856K, used 209720K [0x0000000080000000, 0x0000000100000000)
  region size 1024K, 24 young (24576K), 3 survivors (3072K)
 Metaspace       used 99546K, capacity 102019K, committed 102224K, reserved 1138688K
  class space    used 12193K, capacity 13032K, committed 13056K, reserved 1048576K
}
Event: 25.064 GC heap after
{Heap after GC invocations=84 (full 0):
 garbage-first heap   total 318464K, used 200754K [0x0000000080000000, 0x0000000100000000)
  region size 1024K, 3 young (3072K), 3 survivors (3072K)
 Metaspace       used 99546K, capacity 102019K, committed 102224K, reserved 1138688K
  class space    used 12193K, capacity 13032K, committed 13056K, reserved 1048576K
}
Event: 25.244 GC heap before
{Heap before GC invocations=85 (full 0):
 garbage-first heap   total 318464K, used 238642K [0x0000000080000000, 0x0000000100000000)
  region size 1024K, 40 young (40960K), 3 survivors (3072K)
 Metaspace       used 99546K, capacity 102019K, committed 102224K, reserved 1138688K
  class space    used 12193K, capacity 13032K, committed 13056K, reserved 1048576K
}
Event: 25.441 GC heap after
{Heap after GC invocations=86 (full 0):
 garbage-first heap   total 318464K, used 230400K [0x0000000080000000, 0x0000000100000000)
  region size 1024K, 5 young (5120K), 5 survivors (5120K)
 Metaspace       used 99546K, capacity 102019K, committed 102224K, reserved 1138688K
  class space    used 12193K, capacity 13032K, committed 13056K, reserved 1048576K
}
Event: 25.538 GC heap before
{Heap before GC invocations=86 (full 0):
 garbage-first heap   total 318464K, used 253952K [0x0000000080000000, 0x0000000100000000)
  region size 1024K, 28 young (28672K), 5 survivors (5120K)
 Metaspace       used 99577K, capacity 102086K, committed 102224K, reserved 1138688K
  class space    used 12193K, capacity 13032K, committed 13056K, reserved 1048576K
}
Event: 25.556 GC heap after
{Heap after GC invocations=87 (full 0):
 garbage-first heap   total 318464K, used 240128K [0x0000000080000000, 0x0000000100000000)
  region size 1024K, 4 young (4096K), 4 survivors (4096K)
 Metaspace       used 99577K, capacity 102086K, committed 102224K, reserved 1138688K
  class space    used 12193K, capacity 13032K, committed 13056K, reserved 1048576K
}
Event: 25.655 GC heap before
{Heap before GC invocations=87 (full 0):
 garbage-first heap   total 318464K, used 260608K [0x0000000080000000, 0x0000000100000000)
  region size 1024K, 24 young (24576K), 4 survivors (4096K)
 Metaspace       used 99596K, capacity 102089K, committed 102224K, reserved 1138688K
  class space    used 12193K, capacity 13032K, committed 13056K, reserved 1048576K
}
Event: 25.665 GC heap after
{Heap after GC invocations=88 (full 0):
 garbage-first heap   total 318464K, used 242571K [0x0000000080000000, 0x0000000100000000)
  region size 1024K, 2 young (2048K), 2 survivors (2048K)
 Metaspace       used 99596K, capacity 102089K, committed 102224K, reserved 1138688K
  class space    used 12193K, capacity 13032K, committed 13056K, reserved 1048576K
}
Event: 25.793 GC heap before
{Heap before GC invocations=88 (full 0):
 garbage-first heap   total 318464K, used 226187K [0x0000000080000000, 0x0000000100000000)
  region size 1024K, 22 young (22528K), 2 survivors (2048K)
 Metaspace       used 99624K, capacity 102089K, committed 102224K, reserved 1138688K
  class space    used 12193K, capacity 13032K, committed 13056K, reserved 1048576K
}

Deoptimization events (20 events):
Event: 25.145 Thread 0x000002c2cd6e0800 DEOPT PACKING pc=0x000002c2b81b5398 sp=0x000000d50d3fbed0
Event: 25.145 Thread 0x000002c2cd6e0800 DEOPT UNPACKING pc=0x000002c2b041a1af sp=0x000000d50d3fbe60 mode 2
Event: 25.146 Thread 0x000002c2cd6e0800 Uncommon trap: trap_request=0xffffff4d fr.pc=0x000002c2b847a248 relative=0x0000000000000488
Event: 25.146 Thread 0x000002c2cd6e0800 Uncommon trap: reason=unstable_if action=reinterpret pc=0x000002c2b847a248 method=org.apache.xerces.dom.ParentNode.nodeListItem(I)Lorg/w3c/dom/Node; @ 4 c2
Event: 25.146 Thread 0x000002c2cd6e0800 DEOPT PACKING pc=0x000002c2b847a248 sp=0x000000d50d3fbf80
Event: 25.146 Thread 0x000002c2cd6e0800 DEOPT UNPACKING pc=0x000002c2b041a1af sp=0x000000d50d3fbf28 mode 2
Event: 25.518 Thread 0x000002c2cd6e0800 DEOPT PACKING pc=0x000002c2b24b7dd0 sp=0x000000d50d3fbe90
Event: 25.518 Thread 0x000002c2cd6e0800 DEOPT UNPACKING pc=0x000002c2b041a95e sp=0x000000d50d3fb2e8 mode 0
Event: 25.669 Thread 0x000002c2cd6e0800 DEOPT PACKING pc=0x000002c2b2040cf1 sp=0x000000d50d3fbc60
Event: 25.669 Thread 0x000002c2cd6e0800 DEOPT UNPACKING pc=0x000002c2b041a95e sp=0x000000d50d3fb158 mode 0
Event: 25.669 Thread 0x000002c2cd6e0800 DEOPT PACKING pc=0x000002c2b2061a40 sp=0x000000d50d3fc000
Event: 25.669 Thread 0x000002c2cd6e0800 DEOPT UNPACKING pc=0x000002c2b041a95e sp=0x000000d50d3fb598 mode 0
Event: 25.674 Thread 0x000002c2cd6e0800 DEOPT PACKING pc=0x000002c2b2040cf1 sp=0x000000d50d3fbc50
Event: 25.674 Thread 0x000002c2cd6e0800 DEOPT UNPACKING pc=0x000002c2b041a95e sp=0x000000d50d3fb148 mode 0
Event: 25.678 Thread 0x000002c2cd6e0800 DEOPT PACKING pc=0x000002c2b2040cf1 sp=0x000000d50d3fbc50
Event: 25.678 Thread 0x000002c2cd6e0800 DEOPT UNPACKING pc=0x000002c2b041a95e sp=0x000000d50d3fb148 mode 0
Event: 25.706 Thread 0x000002c2cd6e0800 Uncommon trap: trap_request=0xffffffde fr.pc=0x000002c2b8464478 relative=0x0000000000003958
Event: 25.706 Thread 0x000002c2cd6e0800 Uncommon trap: reason=class_check action=maybe_recompile pc=0x000002c2b8464478 method=org.apache.xerces.impl.XMLDocumentFragmentScannerImpl.scanStartElement()Z @ 312 c2
Event: 25.706 Thread 0x000002c2cd6e0800 DEOPT PACKING pc=0x000002c2b8464478 sp=0x000000d50d3fbb70
Event: 25.706 Thread 0x000002c2cd6e0800 DEOPT UNPACKING pc=0x000002c2b041a1af sp=0x000000d50d3fbb58 mode 2

Classes redefined (0 events):
No events

Internal exceptions (20 events):
Event: 24.533 Thread 0x000002c2cd6e0800 Exception <a 'sun/nio/fs/WindowsException'{0x000000008e04c2a0}> (0x000000008e04c2a0) thrown at [./src/hotspot/share/prims/jni.cpp, line 616]
Event: 24.540 Thread 0x000002c2cd6e0800 Exception <a 'sun/nio/fs/WindowsException'{0x000000008df23c68}> (0x000000008df23c68) thrown at [./src/hotspot/share/prims/jni.cpp, line 616]
Event: 24.540 Thread 0x000002c2cd6e0800 Exception <a 'sun/nio/fs/WindowsException'{0x000000008df24728}> (0x000000008df24728) thrown at [./src/hotspot/share/prims/jni.cpp, line 616]
Event: 24.554 Thread 0x000002c2cd6e0800 Exception <a 'sun/nio/fs/WindowsException'{0x000000008f34cd20}> (0x000000008f34cd20) thrown at [./src/hotspot/share/prims/jni.cpp, line 616]
Event: 24.554 Thread 0x000002c2cd6e0800 Exception <a 'sun/nio/fs/WindowsException'{0x000000008f34d7e0}> (0x000000008f34d7e0) thrown at [./src/hotspot/share/prims/jni.cpp, line 616]
Event: 24.585 Thread 0x000002c2cd6e0800 Exception <a 'sun/nio/fs/WindowsException'{0x000000008f239578}> (0x000000008f239578) thrown at [./src/hotspot/share/prims/jni.cpp, line 616]
Event: 24.585 Thread 0x000002c2cd6e0800 Exception <a 'sun/nio/fs/WindowsException'{0x000000008f23a240}> (0x000000008f23a240) thrown at [./src/hotspot/share/prims/jni.cpp, line 616]
Event: 24.585 Thread 0x000002c2cd6e0800 Exception <a 'sun/nio/fs/WindowsException'{0x000000008f23b3b0}> (0x000000008f23b3b0) thrown at [./src/hotspot/share/prims/jni.cpp, line 616]
Event: 24.586 Thread 0x000002c2cd6e0800 Exception <a 'sun/nio/fs/WindowsException'{0x000000008f23bc18}> (0x000000008f23bc18) thrown at [./src/hotspot/share/prims/jni.cpp, line 616]
Event: 24.586 Thread 0x000002c2cd6e0800 Exception <a 'sun/nio/fs/WindowsException'{0x000000008f23c680}> (0x000000008f23c680) thrown at [./src/hotspot/share/prims/jni.cpp, line 616]
Event: 24.586 Thread 0x000002c2cd6e0800 Exception <a 'sun/nio/fs/WindowsException'{0x000000008f23c700}> (0x000000008f23c700) thrown at [./src/hotspot/share/prims/jni.cpp, line 616]
Event: 24.586 Thread 0x000002c2cd6e0800 Exception <a 'sun/nio/fs/WindowsException'{0x000000008f23d978}> (0x000000008f23d978) thrown at [./src/hotspot/share/prims/jni.cpp, line 616]
Event: 24.590 Thread 0x000002c2cd6e0800 Exception <a 'sun/nio/fs/WindowsException'{0x000000008f266568}> (0x000000008f266568) thrown at [./src/hotspot/share/prims/jni.cpp, line 616]
Event: 24.591 Thread 0x000002c2cd6e0800 Exception <a 'sun/nio/fs/WindowsException'{0x000000008f266fe0}> (0x000000008f266fe0) thrown at [./src/hotspot/share/prims/jni.cpp, line 616]
Event: 24.618 Thread 0x000002c2cd6e0800 Exception <a 'sun/nio/fs/WindowsException'{0x000000008efcc7a0}> (0x000000008efcc7a0) thrown at [./src/hotspot/share/prims/jni.cpp, line 616]
Event: 24.618 Thread 0x000002c2cd6e0800 Exception <a 'sun/nio/fs/WindowsException'{0x000000008efcd240}> (0x000000008efcd240) thrown at [./src/hotspot/share/prims/jni.cpp, line 616]
Event: 24.623 Thread 0x000002c2cd6e0800 Exception <a 'sun/nio/fs/WindowsException'{0x000000008eff89b0}> (0x000000008eff89b0) thrown at [./src/hotspot/share/prims/jni.cpp, line 616]
Event: 24.623 Thread 0x000002c2cd6e0800 Exception <a 'sun/nio/fs/WindowsException'{0x000000008eff9450}> (0x000000008eff9450) thrown at [./src/hotspot/share/prims/jni.cpp, line 616]
Event: 24.936 Thread 0x000002c2cd6e0800 Implicit null exception at 0x000002c2b8483420 to 0x000002c2b848506e
Event: 25.146 Thread 0x000002c2cd6e0800 Implicit null exception at 0x000002c2b8479df5 to 0x000002c2b847a22c

Events (20 events):
Event: 24.701 Executing VM operation: G1CollectForAllocation done
Event: 24.864 Executing VM operation: G1CollectForAllocation
Event: 24.871 Executing VM operation: G1CollectForAllocation done
Event: 24.933 Executing VM operation: BulkRevokeBias
Event: 24.935 Executing VM operation: BulkRevokeBias done
Event: 25.011 Executing VM operation: CGC_Operation
Event: 25.027 Executing VM operation: CGC_Operation done
Event: 25.050 Executing VM operation: G1CollectForAllocation
Event: 25.064 Executing VM operation: G1CollectForAllocation done
Event: 25.108 Executing VM operation: CGC_Operation
Event: 25.108 Executing VM operation: CGC_Operation done
Event: 25.244 Executing VM operation: G1CollectForAllocation
Event: 25.442 Executing VM operation: G1CollectForAllocation done
Event: 25.537 Executing VM operation: G1CollectForAllocation
Event: 25.556 Executing VM operation: G1CollectForAllocation done
Event: 25.654 Executing VM operation: G1CollectForAllocation
Event: 25.665 Executing VM operation: G1CollectForAllocation done
Event: 25.711 Executing VM operation: CGC_Operation
Event: 25.730 Executing VM operation: CGC_Operation done
Event: 25.793 Executing VM operation: G1CollectForAllocation


Dynamic libraries:
0x00007ff7be130000 - 0x00007ff7be13a000 	C:\Program Files\Android\Android Studio1\jre\bin\java.exe
0x00007ffe5e210000 - 0x00007ffe5e424000 	C:\WINDOWS\SYSTEM32\ntdll.dll
0x00007ffe5d7d0000 - 0x00007ffe5d892000 	C:\WINDOWS\System32\KERNEL32.DLL
0x00007ffe5b900000 - 0x00007ffe5bc9d000 	C:\WINDOWS\System32\KERNELBASE.dll
0x00007ffe5bef0000 - 0x00007ffe5c001000 	C:\WINDOWS\System32\ucrtbase.dll
0x00007ffe48300000 - 0x00007ffe48319000 	C:\Program Files\Android\Android Studio1\jre\bin\jli.dll
0x00007ffe347c0000 - 0x00007ffe347d7000 	C:\Program Files\Android\Android Studio1\jre\bin\VCRUNTIME140.dll
0x00007ffe5ddd0000 - 0x00007ffe5df7a000 	C:\WINDOWS\System32\USER32.dll
0x00007ffe5b8d0000 - 0x00007ffe5b8f6000 	C:\WINDOWS\System32\win32u.dll
0x00007ffe43ef0000 - 0x00007ffe4417e000 	C:\WINDOWS\WinSxS\amd64_microsoft.windows.common-controls_6595b64144ccf1df_6.0.22621.608_none_a9444ca7c10bb01d\COMCTL32.dll
0x00007ffe5df80000 - 0x00007ffe5dfa9000 	C:\WINDOWS\System32\GDI32.dll
0x00007ffe5b7b0000 - 0x00007ffe5b8c2000 	C:\WINDOWS\System32\gdi32full.dll
0x00007ffe5d8a0000 - 0x00007ffe5d947000 	C:\WINDOWS\System32\msvcrt.dll
0x00007ffe5be50000 - 0x00007ffe5beea000 	C:\WINDOWS\System32\msvcp_win.dll
0x00007ffe5dba0000 - 0x00007ffe5dbd2000 	C:\WINDOWS\System32\IMM32.DLL
0x00007ffe24fa0000 - 0x00007ffe2503d000 	C:\Program Files\Android\Android Studio1\jre\bin\msvcp140.dll
0x00007ffe1ff20000 - 0x00007ffe20a22000 	C:\Program Files\Android\Android Studio1\jre\bin\server\jvm.dll
0x00007ffe5e120000 - 0x00007ffe5e1ce000 	C:\WINDOWS\System32\ADVAPI32.dll
0x00007ffe5dd20000 - 0x00007ffe5ddc4000 	C:\WINDOWS\System32\sechost.dll
0x00007ffe5d440000 - 0x00007ffe5d555000 	C:\WINDOWS\System32\RPCRT4.dll
0x00007ffe5d430000 - 0x00007ffe5d438000 	C:\WINDOWS\System32\PSAPI.DLL
0x00007ffe54520000 - 0x00007ffe54554000 	C:\WINDOWS\SYSTEM32\WINMM.dll
0x00007ffe53000000 - 0x00007ffe5300a000 	C:\WINDOWS\SYSTEM32\VERSION.dll
0x00007ffe51850000 - 0x00007ffe51859000 	C:\WINDOWS\SYSTEM32\WSOCK32.dll
0x00007ffe5d740000 - 0x00007ffe5d7b1000 	C:\WINDOWS\System32\WS2_32.dll
0x00007ffe5a6b0000 - 0x00007ffe5a6c8000 	C:\WINDOWS\SYSTEM32\kernel.appcore.dll
0x00007ffe3c140000 - 0x00007ffe3c151000 	C:\Program Files\Android\Android Studio1\jre\bin\verify.dll
0x00007ffe49c40000 - 0x00007ffe49e6e000 	C:\WINDOWS\SYSTEM32\DBGHELP.DLL
0x00007ffe5c0f0000 - 0x00007ffe5c47a000 	C:\WINDOWS\System32\combase.dll
0x00007ffe5d560000 - 0x00007ffe5d637000 	C:\WINDOWS\System32\OLEAUT32.dll
0x00007ffe45630000 - 0x00007ffe45662000 	C:\WINDOWS\SYSTEM32\dbgcore.DLL
0x00007ffe5bdd0000 - 0x00007ffe5be4b000 	C:\WINDOWS\System32\bcryptPrimitives.dll
0x00007ffe3c110000 - 0x00007ffe3c139000 	C:\Program Files\Android\Android Studio1\jre\bin\java.dll
0x00007ffe462d0000 - 0x00007ffe462db000 	C:\Program Files\Android\Android Studio1\jre\bin\jimage.dll
0x00007ffe3c0f0000 - 0x00007ffe3c108000 	C:\Program Files\Android\Android Studio1\jre\bin\zip.dll
0x00007ffe5ca70000 - 0x00007ffe5d250000 	C:\WINDOWS\System32\SHELL32.dll
0x00007ffe59680000 - 0x00007ffe59f45000 	C:\WINDOWS\SYSTEM32\windows.storage.dll
0x00007ffe59540000 - 0x00007ffe5967e000 	C:\WINDOWS\SYSTEM32\wintypes.dll
0x00007ffe5c970000 - 0x00007ffe5ca61000 	C:\WINDOWS\System32\SHCORE.dll
0x00007ffe5d950000 - 0x00007ffe5d9ae000 	C:\WINDOWS\System32\shlwapi.dll
0x00007ffe5b570000 - 0x00007ffe5b591000 	C:\WINDOWS\SYSTEM32\profapi.dll
0x00007ffe3b3b0000 - 0x00007ffe3b3ca000 	C:\Program Files\Android\Android Studio1\jre\bin\net.dll
0x00007ffe557a0000 - 0x00007ffe558cf000 	C:\WINDOWS\SYSTEM32\WINHTTP.dll
0x00007ffe5ab10000 - 0x00007ffe5ab79000 	C:\WINDOWS\system32\mswsock.dll
0x00007ffe3b390000 - 0x00007ffe3b3a4000 	C:\Program Files\Android\Android Studio1\jre\bin\nio.dll
0x00007ffe437d0000 - 0x00007ffe437f7000 	C:\Users\am532\AndroidStudioProjects\ColorMyViews\native\e1d6ef7f7dcc3fd88c89a11ec53ec762bb8ba0a96d01ffa2cd45eb1d1d8dd5c5\windows-amd64\native-platform.dll
0x00007ffdfa6f0000 - 0x00007ffdfa834000 	C:\Users\am532\AndroidStudioProjects\ColorMyViews\native\0d407fdbe67a94daf76414ababcb853783967236a71b16ec16e742cd7a986fd3\windows-amd64\native-platform-file-events.dll
0x00007ffe3e700000 - 0x00007ffe3e70a000 	C:\Program Files\Android\Android Studio1\jre\bin\management.dll
0x00007ffe3de70000 - 0x00007ffe3de7d000 	C:\Program Files\Android\Android Studio1\jre\bin\management_ext.dll
0x00007ffe5ad60000 - 0x00007ffe5ad7b000 	C:\WINDOWS\SYSTEM32\CRYPTSP.dll
0x00007ffe5a620000 - 0x00007ffe5a655000 	C:\WINDOWS\system32\rsaenh.dll
0x00007ffe5ac00000 - 0x00007ffe5ac28000 	C:\WINDOWS\SYSTEM32\USERENV.dll
0x00007ffe5af80000 - 0x00007ffe5afa8000 	C:\WINDOWS\SYSTEM32\bcrypt.dll
0x00007ffe5ad50000 - 0x00007ffe5ad5c000 	C:\WINDOWS\SYSTEM32\CRYPTBASE.dll
0x00007ffe5a1a0000 - 0x00007ffe5a1cd000 	C:\WINDOWS\SYSTEM32\IPHLPAPI.DLL
0x00007ffe5d7c0000 - 0x00007ffe5d7c9000 	C:\WINDOWS\System32\NSI.dll
0x00007ffe53050000 - 0x00007ffe53069000 	C:\WINDOWS\SYSTEM32\dhcpcsvc6.DLL
0x00007ffe52e20000 - 0x00007ffe52e3f000 	C:\WINDOWS\SYSTEM32\dhcpcsvc.DLL
0x00007ffe5a210000 - 0x00007ffe5a302000 	C:\WINDOWS\SYSTEM32\DNSAPI.dll
0x0000000070bc0000 - 0x0000000070c9c000 	C:\Users\am532\AppData\Local\Temp\sqlite-3.36.0-1e143662-cf1d-4627-87dc-3f41d669f3c4-sqlitejdbc.dll

dbghelp: loaded successfully - version: 4.0.5 - missing functions: none
symbol engine: initialized successfully - sym options: 0x614 - pdb path: .;C:\Program Files\Android\Android Studio1\jre\bin;C:\WINDOWS\SYSTEM32;C:\WINDOWS\WinSxS\amd64_microsoft.windows.common-controls_6595b64144ccf1df_6.0.22621.608_none_a9444ca7c10bb01d;C:\Program Files\Android\Android Studio1\jre\bin\server;C:\Users\am532\AndroidStudioProjects\ColorMyViews\native\e1d6ef7f7dcc3fd88c89a11ec53ec762bb8ba0a96d01ffa2cd45eb1d1d8dd5c5\windows-amd64;C:\Users\am532\AndroidStudioProjects\ColorMyViews\native\0d407fdbe67a94daf76414ababcb853783967236a71b16ec16e742cd7a986fd3\windows-amd64;C:\Users\am532\AppData\Local\Temp

VM Arguments:
jvm_args: --add-opens=java.base/java.util=ALL-UNNAMED --add-opens=java.base/java.lang=ALL-UNNAMED --add-opens=java.base/java.lang.invoke=ALL-UNNAMED --add-opens=java.base/java.util=ALL-UNNAMED --add-opens=java.prefs/java.util.prefs=ALL-UNNAMED --add-opens=java.prefs/java.util.prefs=ALL-UNNAMED --add-opens=java.base/java.nio.charset=ALL-UNNAMED --add-opens=java.base/java.net=ALL-UNNAMED --add-opens=java.base/java.util.concurrent.atomic=ALL-UNNAMED -Xmx2048m -Dfile.encoding=UTF-8 -Duser.country=CO -Duser.language=es -Duser.variant 
java_command: org.gradle.launcher.daemon.bootstrap.GradleDaemon 7.4
java_class_path (initial): C:\Users\am532\AndroidStudioProjects\ColorMyViews\wrapper\dists\gradle-7.4-bin\c0gwcg53nkjbqw7r0h0umtfvt\gradle-7.4\lib\gradle-launcher-7.4.jar
Launcher Type: SUN_STANDARD

[Global flags]
     intx CICompilerCount                          = 3                                         {product} {ergonomic}
     uint ConcGCThreads                            = 2                                         {product} {ergonomic}
     uint G1ConcRefinementThreads                  = 6                                         {product} {ergonomic}
   size_t G1HeapRegionSize                         = 1048576                                   {product} {ergonomic}
    uintx GCDrainStackTargetSize                   = 64                                        {product} {ergonomic}
   size_t InitialHeapSize                          = 56623104                                  {product} {ergonomic}
   size_t MarkStackSize                            = 4194304                                   {product} {ergonomic}
   size_t MaxHeapSize                              = 2147483648                                {product} {command line}
   size_t MaxNewSize                               = 1287651328                                {product} {ergonomic}
   size_t MinHeapDeltaBytes                        = 1048576                                   {product} {ergonomic}
    uintx NonNMethodCodeHeapSize                   = 5830732                                {pd product} {ergonomic}
    uintx NonProfiledCodeHeapSize                  = 122913754                              {pd product} {ergonomic}
    uintx ProfiledCodeHeapSize                     = 122913754                              {pd product} {ergonomic}
    uintx ReservedCodeCacheSize                    = 251658240                              {pd product} {ergonomic}
     bool SegmentedCodeCache                       = true                                      {product} {ergonomic}
     bool UseCompressedClassPointers               = true                                 {lp64_product} {ergonomic}
     bool UseCompressedOops                        = true                                 {lp64_product} {ergonomic}
     bool UseG1GC                                  = true                                      {product} {ergonomic}
     bool UseLargePagesIndividualAllocation        = false                                  {pd product} {ergonomic}

Logging:
Log output configuration:
 #0: stdout all=warning uptime,level,tags
 #1: stderr all=off uptime,level,tags

Environment Variables:
PATH=C:\Program Files\Common Files\Oracle\Java\javapath;C:\WINDOWS\system32;C:\WINDOWS;C:\WINDOWS\System32\Wbem;C:\WINDOWS\System32\WindowsPowerShell\v1.0\;C:\WINDOWS\System32\OpenSSH\;C:\ProgramData\chocolatey\bin;C:\Program Files\nodejs\;C:\Users\am532\Git\cmd;C:\Program Files\GitHub CLI\;C:\Users\am532\AppData\Local\Microsoft\WindowsApps;C:\Users\am532\AppData\Local\Programs\Microsoft VS Code\bin;C:\php8;C:\Users\am532\AppData\Roaming\npm;C:\Python310;C:\Program Files\Java\jdk-18.0.1.1\bin;;C:\Program Files\JetBrains\IntelliJ IDEA Community Edition 2022.1.2\bin;
USERNAME=am532
OS=Windows_NT
PROCESSOR_IDENTIFIER=AMD64 Family 23 Model 96 Stepping 1, AuthenticAMD



---------------  S Y S T E M  ---------------

OS: Windows 11 , 64 bit Build 22621 (10.0.22621.755)
OS uptime: 0 days 4:33 hours

CPU:total 6 (initial active 6) (6 cores per cpu, 1 threads per core) family 23 model 96 stepping 1 microcode 0x0, cmov, cx8, fxsr, mmx, sse, sse2, sse3, ssse3, sse4.1, sse4.2, popcnt, avx, avx2, aes, clmul, mmxext, 3dnowpref, lzcnt, sse4a, tsc, tscinvbit, tscinv, bmi1, bmi2, adx, sha, fma

Memory: 4k page, system-wide physical 3445M (285M free)
TotalPageFile size 14197M (AvailPageFile size 309M)
current process WorkingSet (physical memory assigned to process): 375M, peak: 467M
current process commit charge ("private bytes"): 614M, peak: 1236M

vm_info: OpenJDK 64-Bit Server VM (11.0.13+0-b1751.21-8125866) for windows-amd64 JRE (11.0.13+0-b1751.21-8125866), built on Feb  2 2022 03:00:22 by "builder" with MS VC++ 14.0 (VS2015)

END.
